L 02/20/2023 - 07:34:27: [CvarSettings] [c2m1_highway] Could not find CVar specified (sv_pure)
L 02/20/2023 - 07:34:27: [CvarSettings] [c2m1_highway] Attempt to track ConVar sv_consistency, which is already being tracked.
L 02/20/2023 - 07:34:27: [CvarSettings] [c2m1_highway] Attempt to track ConVar sv_pure_kick_clients, which is already being tracked.
L 02/20/2023 - 07:34:27: [CvarSettings] [c2m1_highway] Could not find CVar specified (confogl_boss_unprohibit)
L 02/20/2023 - 12:26:05: [CvarSettings] [c14m1_junkyard] Could not find CVar specified (sv_pure)
L 02/20/2023 - 12:26:05: [CvarSettings] [c14m1_junkyard] Attempt to track ConVar sv_consistency, which is already being tracked.
L 02/20/2023 - 12:26:05: [CvarSettings] [c14m1_junkyard] Attempt to track ConVar sv_pure_kick_clients, which is already being tracked.
L 02/20/2023 - 12:26:05: [CvarSettings] [c14m1_junkyard] Could not find CVar specified (confogl_boss_unprohibit)
L 02/20/2023 - 12:40:53: [CvarSettings] [c8m1_apartment] Could not find CVar specified (sv_pure)
L 02/20/2023 - 12:40:53: [CvarSettings] [c8m1_apartment] Attempt to track ConVar sv_consistency, which is already being tracked.
L 02/20/2023 - 12:40:53: [CvarSettings] [c8m1_apartment] Attempt to track ConVar sv_pure_kick_clients, which is already being tracked.
L 02/20/2023 - 12:40:53: [CvarSettings] [c8m1_apartment] Could not find CVar specified (confogl_boss_unprohibit)
L 02/20/2023 - 12:43:18: [CvarSettings] [c8m1_apartment] Could not find CVar specified (sv_pure)
L 02/20/2023 - 12:43:18: [CvarSettings] [c8m1_apartment] Attempt to track ConVar sv_consistency, which is already being tracked.
L 02/20/2023 - 12:43:18: [CvarSettings] [c8m1_apartment] Attempt to track ConVar sv_pure_kick_clients, which is already being tracked.
L 02/20/2023 - 12:43:18: [CvarSettings] [c8m1_apartment] Could not find CVar specified (confogl_boss_unprohibit)
L 02/20/2023 - 12:46:09: [CvarSettings] [c8m1_apartment] Could not find CVar specified (sv_pure)
L 02/20/2023 - 12:46:09: [CvarSettings] [c8m1_apartment] Attempt to track ConVar sv_consistency, which is already being tracked.
L 02/20/2023 - 12:46:09: [CvarSettings] [c8m1_apartment] Attempt to track ConVar sv_pure_kick_clients, which is already being tracked.
L 02/20/2023 - 12:46:09: [CvarSettings] [c8m1_apartment] Could not find CVar specified (confogl_boss_unprohibit)
L 02/20/2023 - 12:46:56: [CvarSettings] [c14m2_lighthouse] Could not find CVar specified (sv_pure)
L 02/20/2023 - 12:46:56: [CvarSettings] [c14m2_lighthouse] Attempt to track ConVar sv_consistency, which is already being tracked.
L 02/20/2023 - 12:46:56: [CvarSettings] [c14m2_lighthouse] Attempt to track ConVar sv_pure_kick_clients, which is already being tracked.
L 02/20/2023 - 12:46:56: [CvarSettings] [c14m2_lighthouse] Could not find CVar specified (confogl_boss_unprohibit)
L 02/20/2023 - 12:53:55: [CvarSettings] [c14m2_lighthouse] Could not find CVar specified (sv_pure)
L 02/20/2023 - 12:53:56: [CvarSettings] [c14m2_lighthouse] Attempt to track ConVar sv_consistency, which is already being tracked.
L 02/20/2023 - 12:53:56: [CvarSettings] [c14m2_lighthouse] Attempt to track ConVar sv_pure_kick_clients, which is already being tracked.
L 02/20/2023 - 12:53:56: [CvarSettings] [c14m2_lighthouse] Could not find CVar specified (confogl_boss_unprohibit)
L 02/20/2023 - 12:56:15: [CvarSettings] [c14m2_lighthouse] Could not find CVar specified (sv_pure)
L 02/20/2023 - 12:56:15: [CvarSettings] [c14m2_lighthouse] Attempt to track ConVar sv_consistency, which is already being tracked.
L 02/20/2023 - 12:56:15: [CvarSettings] [c14m2_lighthouse] Attempt to track ConVar sv_pure_kick_clients, which is already being tracked.
L 02/20/2023 - 12:56:15: [CvarSettings] [c14m2_lighthouse] Could not find CVar specified (confogl_boss_unprohibit)
L 02/20/2023 - 13:04:16: [CvarSettings] [c14m2_lighthouse] Could not find CVar specified (sv_pure)
L 02/20/2023 - 13:04:16: [CvarSettings] [c14m2_lighthouse] Attempt to track ConVar sv_consistency, which is already being tracked.
L 02/20/2023 - 13:04:16: [CvarSettings] [c14m2_lighthouse] Attempt to track ConVar sv_pure_kick_clients, which is already being tracked.
L 02/20/2023 - 13:04:16: [CvarSettings] [c14m2_lighthouse] Could not find CVar specified (confogl_boss_unprohibit)
L 02/20/2023 - 13:35:18: [CvarSettings] [c14m1_junkyard] Could not find CVar specified (sv_pure)
L 02/20/2023 - 13:35:18: [CvarSettings] [c14m1_junkyard] Attempt to track ConVar sv_consistency, which is already being tracked.
L 02/20/2023 - 13:35:18: [CvarSettings] [c14m1_junkyard] Attempt to track ConVar sv_pure_kick_clients, which is already being tracked.
L 02/20/2023 - 13:35:18: [CvarSettings] [c14m1_junkyard] Could not find CVar specified (confogl_boss_unprohibit)
L 02/20/2023 - 19:47:22: [CvarSettings] [c2m1_highway] Could not find CVar specified (sv_pure)
L 02/20/2023 - 19:47:23: [CvarSettings] [c2m1_highway] Attempt to track ConVar sv_consistency, which is already being tracked.
L 02/20/2023 - 19:47:23: [CvarSettings] [c2m1_highway] Attempt to track ConVar sv_pure_kick_clients, which is already being tracked.
L 02/20/2023 - 19:47:23: [CvarSettings] [c2m1_highway] Could not find CVar specified (confogl_boss_unprohibit)
L 02/20/2023 - 19:54:52: [CvarSettings] [c10m1_caves] Could not find CVar specified (sv_pure)
L 02/20/2023 - 19:54:52: [CvarSettings] [c10m1_caves] Attempt to track ConVar sv_consistency, which is already being tracked.
L 02/20/2023 - 19:54:52: [CvarSettings] [c10m1_caves] Attempt to track ConVar sv_pure_kick_clients, which is already being tracked.
L 02/20/2023 - 19:54:52: [CvarSettings] [c10m1_caves] Could not find CVar specified (confogl_boss_unprohibit)
L 02/20/2023 - 20:01:28: [CvarSettings] [c2m1_highway] Could not find CVar specified (sv_pure)
L 02/20/2023 - 20:01:29: [CvarSettings] [c2m1_highway] Attempt to track ConVar sv_consistency, which is already being tracked.
L 02/20/2023 - 20:01:29: [CvarSettings] [c2m1_highway] Attempt to track ConVar sv_pure_kick_clients, which is already being tracked.
L 02/20/2023 - 20:01:29: [CvarSettings] [c2m1_highway] Could not find CVar specified (confogl_boss_unprohibit)
L 02/20/2023 - 20:08:16: [CvarSettings] [c10m1_caves] Could not find CVar specified (sv_pure)
L 02/20/2023 - 20:08:17: [CvarSettings] [c10m1_caves] Attempt to track ConVar sv_consistency, which is already being tracked.
L 02/20/2023 - 20:08:17: [CvarSettings] [c10m1_caves] Attempt to track ConVar sv_pure_kick_clients, which is already being tracked.
L 02/20/2023 - 20:08:17: [CvarSettings] [c10m1_caves] Could not find CVar specified (confogl_boss_unprohibit)
L 02/20/2023 - 20:19:06: [CvarSettings] [c2m1_highway] Could not find CVar specified (sv_pure)
L 02/20/2023 - 20:19:07: [CvarSettings] [c2m1_highway] Attempt to track ConVar sv_consistency, which is already being tracked.
L 02/20/2023 - 20:19:07: [CvarSettings] [c2m1_highway] Attempt to track ConVar sv_pure_kick_clients, which is already being tracked.
L 02/20/2023 - 20:19:07: [CvarSettings] [c2m1_highway] Could not find CVar specified (confogl_boss_unprohibit)
