L 03/28/2023 - 14:23:56: [CvarSettings] [c2m1_highway] Could not find CVar specified (sv_pure)
L 03/28/2023 - 14:23:57: [CvarSettings] [c2m1_highway] Attempt to track ConVar sv_consistency, which is already being tracked.
L 03/28/2023 - 14:23:57: [CvarSettings] [c2m1_highway] Attempt to track ConVar sv_pure_kick_clients, which is already being tracked.
L 03/28/2023 - 14:23:57: [CvarSettings] [c2m1_highway] Could not find CVar specified (confogl_boss_unprohibit)
L 03/28/2023 - 14:23:57: [CvarSettings] [c2m1_highway] Attempt to track ConVar sm_max_lerp, which is already being tracked.
L 03/28/2023 - 15:30:34: [CvarSettings] [c2m1_highway] Could not find CVar specified (sv_pure)
L 03/28/2023 - 15:30:35: [CvarSettings] [c2m1_highway] Attempt to track ConVar sv_consistency, which is already being tracked.
L 03/28/2023 - 15:30:35: [CvarSettings] [c2m1_highway] Attempt to track ConVar sv_pure_kick_clients, which is already being tracked.
L 03/28/2023 - 15:30:35: [CvarSettings] [c2m1_highway] Could not find CVar specified (confogl_boss_unprohibit)
L 03/28/2023 - 15:30:35: [CvarSettings] [c2m1_highway] Attempt to track ConVar sm_max_lerp, which is already being tracked.
L 03/28/2023 - 17:32:29: [CvarSettings] [c2m1_highway] Could not find CVar specified (sv_pure)
L 03/28/2023 - 17:32:29: [CvarSettings] [c2m1_highway] Attempt to track ConVar sv_consistency, which is already being tracked.
L 03/28/2023 - 17:32:29: [CvarSettings] [c2m1_highway] Attempt to track ConVar sv_pure_kick_clients, which is already being tracked.
L 03/28/2023 - 17:32:29: [CvarSettings] [c2m1_highway] Could not find CVar specified (confogl_boss_unprohibit)
L 03/28/2023 - 17:32:29: [CvarSettings] [c2m1_highway] Attempt to track ConVar sm_max_lerp, which is already being tracked.
L 03/28/2023 - 19:42:36: [CvarSettings] [c2m1_highway] Could not find CVar specified (sv_pure)
L 03/28/2023 - 19:42:36: [CvarSettings] [c2m1_highway] Attempt to track ConVar sv_consistency, which is already being tracked.
L 03/28/2023 - 19:42:36: [CvarSettings] [c2m1_highway] Attempt to track ConVar sv_pure_kick_clients, which is already being tracked.
L 03/28/2023 - 19:42:36: [CvarSettings] [c2m1_highway] Could not find CVar specified (confogl_boss_unprohibit)
L 03/28/2023 - 19:42:36: [CvarSettings] [c2m1_highway] Attempt to track ConVar sm_max_lerp, which is already being tracked.
L 03/28/2023 - 19:43:43: [CvarSettings] [c2m1_highway] Could not find CVar specified (sv_pure)
L 03/28/2023 - 19:43:44: [CvarSettings] [c2m1_highway] Attempt to track ConVar sv_consistency, which is already being tracked.
L 03/28/2023 - 19:43:44: [CvarSettings] [c2m1_highway] Attempt to track ConVar sv_pure_kick_clients, which is already being tracked.
L 03/28/2023 - 19:43:44: [CvarSettings] [c2m1_highway] Could not find CVar specified (confogl_boss_unprohibit)
L 03/28/2023 - 19:43:44: [CvarSettings] [c2m1_highway] Attempt to track ConVar sm_max_lerp, which is already being tracked.
L 03/28/2023 - 20:55:15: [CvarSettings] [c2m1_highway] Could not find CVar specified (sv_pure)
L 03/28/2023 - 20:55:16: [CvarSettings] [c2m1_highway] Attempt to track ConVar sv_consistency, which is already being tracked.
L 03/28/2023 - 20:55:16: [CvarSettings] [c2m1_highway] Attempt to track ConVar sv_pure_kick_clients, which is already being tracked.
L 03/28/2023 - 20:55:16: [CvarSettings] [c2m1_highway] Could not find CVar specified (confogl_boss_unprohibit)
L 03/28/2023 - 20:55:16: [CvarSettings] [c2m1_highway] Attempt to track ConVar sm_max_lerp, which is already being tracked.
L 03/28/2023 - 21:25:19: [CvarSettings] [c2m1_highway] Could not find CVar specified (sv_pure)
L 03/28/2023 - 21:25:19: [CvarSettings] [c2m1_highway] Attempt to track ConVar sv_consistency, which is already being tracked.
L 03/28/2023 - 21:25:19: [CvarSettings] [c2m1_highway] Attempt to track ConVar sv_pure_kick_clients, which is already being tracked.
L 03/28/2023 - 21:25:19: [CvarSettings] [c2m1_highway] Could not find CVar specified (confogl_boss_unprohibit)
L 03/28/2023 - 21:25:19: [CvarSettings] [c2m1_highway] Attempt to track ConVar sm_max_lerp, which is already being tracked.
L 03/28/2023 - 22:09:57: [CvarSettings] [c2m1_highway] Could not find CVar specified (sv_pure)
L 03/28/2023 - 22:09:58: [CvarSettings] [c2m1_highway] Attempt to track ConVar sv_consistency, which is already being tracked.
L 03/28/2023 - 22:09:58: [CvarSettings] [c2m1_highway] Attempt to track ConVar sv_pure_kick_clients, which is already being tracked.
L 03/28/2023 - 22:09:58: [CvarSettings] [c2m1_highway] Could not find CVar specified (confogl_boss_unprohibit)
L 03/28/2023 - 22:09:58: [CvarSettings] [c2m1_highway] Attempt to track ConVar sm_max_lerp, which is already being tracked.
L 03/28/2023 - 22:12:11: [CvarSettings] [c2m1_highway] Could not find CVar specified (sv_pure)
L 03/28/2023 - 22:12:12: [CvarSettings] [c2m1_highway] Attempt to track ConVar sv_consistency, which is already being tracked.
L 03/28/2023 - 22:12:12: [CvarSettings] [c2m1_highway] Attempt to track ConVar sv_pure_kick_clients, which is already being tracked.
L 03/28/2023 - 22:12:12: [CvarSettings] [c2m1_highway] Could not find CVar specified (confogl_boss_unprohibit)
L 03/28/2023 - 22:12:12: [CvarSettings] [c2m1_highway] Attempt to track ConVar sm_max_lerp, which is already being tracked.
L 03/28/2023 - 22:27:49: [CvarSettings] [c2m1_highway] Could not find CVar specified (sv_pure)
L 03/28/2023 - 22:27:49: [CvarSettings] [c2m1_highway] Attempt to track ConVar sv_consistency, which is already being tracked.
L 03/28/2023 - 22:27:49: [CvarSettings] [c2m1_highway] Attempt to track ConVar sv_pure_kick_clients, which is already being tracked.
L 03/28/2023 - 22:27:49: [CvarSettings] [c2m1_highway] Could not find CVar specified (confogl_boss_unprohibit)
L 03/28/2023 - 22:27:49: [CvarSettings] [c2m1_highway] Attempt to track ConVar sm_max_lerp, which is already being tracked.
L 03/28/2023 - 22:34:11: [CvarSettings] [c2m1_highway] Could not find CVar specified (sv_pure)
L 03/28/2023 - 22:34:11: [CvarSettings] [c2m1_highway] Attempt to track ConVar sv_consistency, which is already being tracked.
L 03/28/2023 - 22:34:11: [CvarSettings] [c2m1_highway] Attempt to track ConVar sv_pure_kick_clients, which is already being tracked.
L 03/28/2023 - 22:34:11: [CvarSettings] [c2m1_highway] Could not find CVar specified (confogl_boss_unprohibit)
L 03/28/2023 - 22:34:11: [CvarSettings] [c2m1_highway] Attempt to track ConVar sm_max_lerp, which is already being tracked.
L 03/28/2023 - 23:22:09: [CvarSettings] [c2m1_highway] Could not find CVar specified (sv_pure)
L 03/28/2023 - 23:22:10: [CvarSettings] [c2m1_highway] Attempt to track ConVar sv_consistency, which is already being tracked.
L 03/28/2023 - 23:22:10: [CvarSettings] [c2m1_highway] Attempt to track ConVar sv_pure_kick_clients, which is already being tracked.
L 03/28/2023 - 23:22:10: [CvarSettings] [c2m1_highway] Could not find CVar specified (confogl_boss_unprohibit)
L 03/28/2023 - 23:22:10: [CvarSettings] [c2m1_highway] Attempt to track ConVar sm_max_lerp, which is already being tracked.
