L 03/23/2023 - 07:24:35: [CvarSettings] [c2m1_highway] Could not find CVar specified (sv_pure)
L 03/23/2023 - 07:24:36: [CvarSettings] [c2m1_highway] Attempt to track ConVar sv_consistency, which is already being tracked.
L 03/23/2023 - 07:24:36: [CvarSettings] [c2m1_highway] Attempt to track ConVar sv_pure_kick_clients, which is already being tracked.
L 03/23/2023 - 07:24:36: [CvarSettings] [c2m1_highway] Could not find CVar specified (confogl_boss_unprohibit)
L 03/23/2023 - 07:24:36: [CvarSettings] [c2m1_highway] Attempt to track ConVar sm_max_lerp, which is already being tracked.
L 03/23/2023 - 11:51:15: [CvarSettings] [c2m1_highway] Could not find CVar specified (sv_pure)
L 03/23/2023 - 11:51:16: [CvarSettings] [c2m1_highway] Attempt to track ConVar sv_consistency, which is already being tracked.
L 03/23/2023 - 11:51:16: [CvarSettings] [c2m1_highway] Attempt to track ConVar sv_pure_kick_clients, which is already being tracked.
L 03/23/2023 - 11:51:16: [CvarSettings] [c2m1_highway] Could not find CVar specified (confogl_boss_unprohibit)
L 03/23/2023 - 11:51:16: [CvarSettings] [c2m1_highway] Attempt to track ConVar sm_max_lerp, which is already being tracked.
L 03/23/2023 - 11:52:04: [CvarSettings] [c2m1_highway] Could not find CVar specified (sv_pure)
L 03/23/2023 - 11:52:05: [CvarSettings] [c2m1_highway] Attempt to track ConVar sv_consistency, which is already being tracked.
L 03/23/2023 - 11:52:05: [CvarSettings] [c2m1_highway] Attempt to track ConVar sv_pure_kick_clients, which is already being tracked.
L 03/23/2023 - 11:52:05: [CvarSettings] [c2m1_highway] Could not find CVar specified (confogl_boss_unprohibit)
L 03/23/2023 - 11:52:05: [CvarSettings] [c2m1_highway] Attempt to track ConVar sm_max_lerp, which is already being tracked.
L 03/23/2023 - 11:52:41: [CvarSettings] [c2m1_highway] Could not find CVar specified (sv_pure)
L 03/23/2023 - 11:52:41: [CvarSettings] [c2m1_highway] Attempt to track ConVar sv_consistency, which is already being tracked.
L 03/23/2023 - 11:52:41: [CvarSettings] [c2m1_highway] Attempt to track ConVar sv_pure_kick_clients, which is already being tracked.
L 03/23/2023 - 11:52:41: [CvarSettings] [c2m1_highway] Could not find CVar specified (confogl_boss_unprohibit)
L 03/23/2023 - 11:52:41: [CvarSettings] [c2m1_highway] Attempt to track ConVar sm_max_lerp, which is already being tracked.
L 03/23/2023 - 11:53:27: [CvarSettings] [c2m1_highway] Could not find CVar specified (sv_pure)
L 03/23/2023 - 11:53:27: [CvarSettings] [c2m1_highway] Attempt to track ConVar sv_consistency, which is already being tracked.
L 03/23/2023 - 11:53:27: [CvarSettings] [c2m1_highway] Attempt to track ConVar sv_pure_kick_clients, which is already being tracked.
L 03/23/2023 - 11:53:27: [CvarSettings] [c2m1_highway] Could not find CVar specified (confogl_boss_unprohibit)
L 03/23/2023 - 11:53:27: [CvarSettings] [c2m1_highway] Attempt to track ConVar sm_max_lerp, which is already being tracked.
