L 04/03/2023 - 10:04:59: [CvarSettings] [c2m1_highway] Could not find CVar specified (sv_pure)
L 04/03/2023 - 10:04:59: [CvarSettings] [c2m1_highway] Attempt to track ConVar sv_consistency, which is already being tracked.
L 04/03/2023 - 10:04:59: [CvarSettings] [c2m1_highway] Attempt to track ConVar sv_pure_kick_clients, which is already being tracked.
L 04/03/2023 - 10:04:59: [CvarSettings] [c2m1_highway] Could not find CVar specified (confogl_boss_unprohibit)
L 04/03/2023 - 10:04:59: [CvarSettings] [c2m1_highway] Attempt to track ConVar sm_max_lerp, which is already being tracked.
L 04/03/2023 - 11:20:08: [CvarSettings] [c2m1_highway] Could not find CVar specified (sv_pure)
L 04/03/2023 - 11:20:08: [CvarSettings] [c2m1_highway] Attempt to track ConVar sv_consistency, which is already being tracked.
L 04/03/2023 - 11:20:08: [CvarSettings] [c2m1_highway] Attempt to track ConVar sv_pure_kick_clients, which is already being tracked.
L 04/03/2023 - 11:20:08: [CvarSettings] [c2m1_highway] Could not find CVar specified (confogl_boss_unprohibit)
L 04/03/2023 - 11:20:08: [CvarSettings] [c2m1_highway] Attempt to track ConVar sm_max_lerp, which is already being tracked.
L 04/03/2023 - 11:25:41: [CvarSettings] [c2m1_highway] Could not find CVar specified (sv_pure)
L 04/03/2023 - 11:25:42: [CvarSettings] [c2m1_highway] Attempt to track ConVar sv_consistency, which is already being tracked.
L 04/03/2023 - 11:25:42: [CvarSettings] [c2m1_highway] Attempt to track ConVar sv_pure_kick_clients, which is already being tracked.
L 04/03/2023 - 11:25:42: [CvarSettings] [c2m1_highway] Could not find CVar specified (confogl_boss_unprohibit)
L 04/03/2023 - 11:25:42: [CvarSettings] [c2m1_highway] Attempt to track ConVar sm_max_lerp, which is already being tracked.
L 04/03/2023 - 14:36:08: [CvarSettings] [c2m1_highway] Could not find CVar specified (sv_pure)
L 04/03/2023 - 14:36:09: [CvarSettings] [c2m1_highway] Attempt to track ConVar sv_consistency, which is already being tracked.
L 04/03/2023 - 14:36:09: [CvarSettings] [c2m1_highway] Attempt to track ConVar sv_pure_kick_clients, which is already being tracked.
L 04/03/2023 - 14:36:09: [CvarSettings] [c2m1_highway] Could not find CVar specified (confogl_boss_unprohibit)
L 04/03/2023 - 14:36:09: [CvarSettings] [c2m1_highway] Attempt to track ConVar sm_max_lerp, which is already being tracked.
L 04/03/2023 - 15:56:35: [CvarSettings] [c2m1_highway] Could not find CVar specified (sv_pure)
L 04/03/2023 - 15:56:35: [CvarSettings] [c2m1_highway] Attempt to track ConVar sv_consistency, which is already being tracked.
L 04/03/2023 - 15:56:35: [CvarSettings] [c2m1_highway] Attempt to track ConVar sv_pure_kick_clients, which is already being tracked.
L 04/03/2023 - 15:56:35: [CvarSettings] [c2m1_highway] Could not find CVar specified (confogl_boss_unprohibit)
L 04/03/2023 - 15:56:35: [CvarSettings] [c2m1_highway] Attempt to track ConVar sm_max_lerp, which is already being tracked.
L 04/03/2023 - 16:14:32: [CvarSettings] [c2m1_highway] Could not find CVar specified (sv_pure)
L 04/03/2023 - 16:14:33: [CvarSettings] [c2m1_highway] Attempt to track ConVar sv_consistency, which is already being tracked.
L 04/03/2023 - 16:14:33: [CvarSettings] [c2m1_highway] Attempt to track ConVar sv_pure_kick_clients, which is already being tracked.
L 04/03/2023 - 16:14:33: [CvarSettings] [c2m1_highway] Could not find CVar specified (confogl_boss_unprohibit)
L 04/03/2023 - 16:14:33: [CvarSettings] [c2m1_highway] Attempt to track ConVar sm_max_lerp, which is already being tracked.
L 04/03/2023 - 17:07:25: [CvarSettings] [c2m1_highway] Could not find CVar specified (sv_pure)
L 04/03/2023 - 17:07:26: [CvarSettings] [c2m1_highway] Attempt to track ConVar sv_consistency, which is already being tracked.
L 04/03/2023 - 17:07:26: [CvarSettings] [c2m1_highway] Attempt to track ConVar sv_pure_kick_clients, which is already being tracked.
L 04/03/2023 - 17:07:26: [CvarSettings] [c2m1_highway] Could not find CVar specified (confogl_boss_unprohibit)
L 04/03/2023 - 17:07:26: [CvarSettings] [c2m1_highway] Attempt to track ConVar sm_max_lerp, which is already being tracked.
L 04/03/2023 - 20:21:27: [CvarSettings] [l4d_dbd2dc_anna_is_gone] Could not find CVar specified (sv_pure)
L 04/03/2023 - 20:21:28: [CvarSettings] [l4d_dbd2dc_anna_is_gone] Attempt to track ConVar sv_consistency, which is already being tracked.
L 04/03/2023 - 20:21:28: [CvarSettings] [l4d_dbd2dc_anna_is_gone] Attempt to track ConVar sv_pure_kick_clients, which is already being tracked.
L 04/03/2023 - 20:21:28: [CvarSettings] [l4d_dbd2dc_anna_is_gone] Could not find CVar specified (confogl_boss_unprohibit)
L 04/03/2023 - 20:21:28: [CvarSettings] [l4d_dbd2dc_anna_is_gone] Attempt to track ConVar sm_max_lerp, which is already being tracked.
L 04/03/2023 - 20:24:21: [CvarSettings] [c2m1_highway] Could not find CVar specified (sv_pure)
L 04/03/2023 - 20:24:22: [CvarSettings] [c2m1_highway] Attempt to track ConVar sv_consistency, which is already being tracked.
L 04/03/2023 - 20:24:22: [CvarSettings] [c2m1_highway] Attempt to track ConVar sv_pure_kick_clients, which is already being tracked.
L 04/03/2023 - 20:24:22: [CvarSettings] [c2m1_highway] Could not find CVar specified (confogl_boss_unprohibit)
L 04/03/2023 - 20:24:22: [CvarSettings] [c2m1_highway] Attempt to track ConVar sm_max_lerp, which is already being tracked.
L 04/03/2023 - 20:27:46: [CvarSettings] [c2m1_highway] Could not find CVar specified (sv_pure)
L 04/03/2023 - 20:27:46: [CvarSettings] [c2m1_highway] Attempt to track ConVar sv_consistency, which is already being tracked.
L 04/03/2023 - 20:27:46: [CvarSettings] [c2m1_highway] Attempt to track ConVar sv_pure_kick_clients, which is already being tracked.
L 04/03/2023 - 20:27:46: [CvarSettings] [c2m1_highway] Could not find CVar specified (confogl_boss_unprohibit)
L 04/03/2023 - 20:27:46: [CvarSettings] [c2m1_highway] Attempt to track ConVar sm_max_lerp, which is already being tracked.
L 04/03/2023 - 21:39:58: [CvarSettings] [c2m1_highway] Could not find CVar specified (sv_pure)
L 04/03/2023 - 21:39:59: [CvarSettings] [c2m1_highway] Attempt to track ConVar sv_consistency, which is already being tracked.
L 04/03/2023 - 21:39:59: [CvarSettings] [c2m1_highway] Attempt to track ConVar sv_pure_kick_clients, which is already being tracked.
L 04/03/2023 - 21:39:59: [CvarSettings] [c2m1_highway] Could not find CVar specified (confogl_boss_unprohibit)
L 04/03/2023 - 21:39:59: [CvarSettings] [c2m1_highway] Attempt to track ConVar sm_max_lerp, which is already being tracked.
L 04/03/2023 - 23:45:16: [CvarSettings] [c2m1_highway] Could not find CVar specified (sv_pure)
L 04/03/2023 - 23:45:17: [CvarSettings] [c2m1_highway] Attempt to track ConVar sv_consistency, which is already being tracked.
L 04/03/2023 - 23:45:17: [CvarSettings] [c2m1_highway] Attempt to track ConVar sv_pure_kick_clients, which is already being tracked.
L 04/03/2023 - 23:45:17: [CvarSettings] [c2m1_highway] Could not find CVar specified (confogl_boss_unprohibit)
L 04/03/2023 - 23:45:17: [CvarSettings] [c2m1_highway] Attempt to track ConVar sm_max_lerp, which is already being tracked.
