L 04/07/2023 - 11:56:49: [CvarSettings] [c2m1_highway] Could not find CVar specified (sv_pure)
L 04/07/2023 - 11:56:49: [CvarSettings] [c2m1_highway] Attempt to track ConVar sv_consistency, which is already being tracked.
L 04/07/2023 - 11:56:49: [CvarSettings] [c2m1_highway] Attempt to track ConVar sv_pure_kick_clients, which is already being tracked.
L 04/07/2023 - 11:56:49: [CvarSettings] [c2m1_highway] Could not find CVar specified (confogl_boss_unprohibit)
L 04/07/2023 - 11:56:49: [CvarSettings] [c2m1_highway] Attempt to track ConVar sm_max_lerp, which is already being tracked.
L 04/07/2023 - 17:56:58: [CvarSettings] [c2m1_highway] Could not find CVar specified (sv_pure)
L 04/07/2023 - 17:56:59: [CvarSettings] [c2m1_highway] Attempt to track ConVar sv_consistency, which is already being tracked.
L 04/07/2023 - 17:56:59: [CvarSettings] [c2m1_highway] Attempt to track ConVar sv_pure_kick_clients, which is already being tracked.
L 04/07/2023 - 17:56:59: [CvarSettings] [c2m1_highway] Could not find CVar specified (confogl_boss_unprohibit)
L 04/07/2023 - 17:56:59: [CvarSettings] [c2m1_highway] Attempt to track ConVar sm_max_lerp, which is already being tracked.
L 04/07/2023 - 18:02:37: [CvarSettings] [c2m1_highway] Could not find CVar specified (sv_pure)
L 04/07/2023 - 18:02:37: [CvarSettings] [c2m1_highway] Attempt to track ConVar sv_consistency, which is already being tracked.
L 04/07/2023 - 18:02:37: [CvarSettings] [c2m1_highway] Attempt to track ConVar sv_pure_kick_clients, which is already being tracked.
L 04/07/2023 - 18:02:38: [CvarSettings] [c2m1_highway] Could not find CVar specified (confogl_boss_unprohibit)
L 04/07/2023 - 18:02:38: [CvarSettings] [c2m1_highway] Attempt to track ConVar sm_max_lerp, which is already being tracked.
L 04/07/2023 - 20:13:53: [CvarSettings] [c2m1_highway] Could not find CVar specified (sv_pure)
L 04/07/2023 - 20:13:54: [CvarSettings] [c2m1_highway] Attempt to track ConVar sv_consistency, which is already being tracked.
L 04/07/2023 - 20:13:54: [CvarSettings] [c2m1_highway] Attempt to track ConVar sv_pure_kick_clients, which is already being tracked.
L 04/07/2023 - 20:13:54: [CvarSettings] [c2m1_highway] Could not find CVar specified (confogl_boss_unprohibit)
L 04/07/2023 - 20:13:54: [CvarSettings] [c2m1_highway] Attempt to track ConVar sm_max_lerp, which is already being tracked.
L 04/07/2023 - 22:11:23: [CvarSettings] [c2m1_highway] Could not find CVar specified (sv_pure)
L 04/07/2023 - 22:11:23: [CvarSettings] [c2m1_highway] Attempt to track ConVar sv_consistency, which is already being tracked.
L 04/07/2023 - 22:11:23: [CvarSettings] [c2m1_highway] Attempt to track ConVar sv_pure_kick_clients, which is already being tracked.
L 04/07/2023 - 22:11:23: [CvarSettings] [c2m1_highway] Could not find CVar specified (confogl_boss_unprohibit)
L 04/07/2023 - 22:11:23: [CvarSettings] [c2m1_highway] Attempt to track ConVar sm_max_lerp, which is already being tracked.
