L 03/24/2023 - 07:00:41: [CvarSettings] [c2m1_highway] Could not find CVar specified (sv_pure)
L 03/24/2023 - 07:00:41: [CvarSettings] [c2m1_highway] Attempt to track ConVar sv_consistency, which is already being tracked.
L 03/24/2023 - 07:00:41: [CvarSettings] [c2m1_highway] Attempt to track ConVar sv_pure_kick_clients, which is already being tracked.
L 03/24/2023 - 07:00:41: [CvarSettings] [c2m1_highway] Could not find CVar specified (confogl_boss_unprohibit)
L 03/24/2023 - 07:00:41: [CvarSettings] [c2m1_highway] Attempt to track ConVar sm_max_lerp, which is already being tracked.
L 03/24/2023 - 10:00:11: [CvarSettings] [c2m1_highway] Could not find CVar specified (sv_pure)
L 03/24/2023 - 10:00:12: [CvarSettings] [c2m1_highway] Attempt to track ConVar sv_consistency, which is already being tracked.
L 03/24/2023 - 10:00:12: [CvarSettings] [c2m1_highway] Attempt to track ConVar sv_pure_kick_clients, which is already being tracked.
L 03/24/2023 - 10:00:12: [CvarSettings] [c2m1_highway] Could not find CVar specified (confogl_boss_unprohibit)
L 03/24/2023 - 10:00:12: [CvarSettings] [c2m1_highway] Attempt to track ConVar sm_max_lerp, which is already being tracked.
L 03/24/2023 - 18:35:45: [CvarSettings] [c5m1_waterfront] Could not find CVar specified (sv_pure)
L 03/24/2023 - 18:35:45: [CvarSettings] [c5m1_waterfront] Attempt to track ConVar sv_consistency, which is already being tracked.
L 03/24/2023 - 18:35:45: [CvarSettings] [c5m1_waterfront] Attempt to track ConVar sv_pure_kick_clients, which is already being tracked.
L 03/24/2023 - 18:35:45: [CvarSettings] [c5m1_waterfront] Could not find CVar specified (confogl_boss_unprohibit)
L 03/24/2023 - 18:35:45: [CvarSettings] [c5m1_waterfront] Attempt to track ConVar sm_max_lerp, which is already being tracked.
L 03/24/2023 - 19:23:27: [CvarSettings] [hf01_theforest] Could not find CVar specified (sv_pure)
L 03/24/2023 - 19:23:27: [CvarSettings] [hf01_theforest] Attempt to track ConVar sv_consistency, which is already being tracked.
L 03/24/2023 - 19:23:27: [CvarSettings] [hf01_theforest] Attempt to track ConVar sv_pure_kick_clients, which is already being tracked.
L 03/24/2023 - 19:23:27: [CvarSettings] [hf01_theforest] Could not find CVar specified (confogl_boss_unprohibit)
L 03/24/2023 - 19:23:27: [CvarSettings] [hf01_theforest] Attempt to track ConVar sm_max_lerp, which is already being tracked.
L 03/24/2023 - 19:23:57: [CvarSettings] [c2m1_highway] Could not find CVar specified (sv_pure)
L 03/24/2023 - 19:23:58: [CvarSettings] [c2m1_highway] Attempt to track ConVar sv_consistency, which is already being tracked.
L 03/24/2023 - 19:23:58: [CvarSettings] [c2m1_highway] Attempt to track ConVar sv_pure_kick_clients, which is already being tracked.
L 03/24/2023 - 19:23:58: [CvarSettings] [c2m1_highway] Could not find CVar specified (confogl_boss_unprohibit)
L 03/24/2023 - 19:23:58: [CvarSettings] [c2m1_highway] Attempt to track ConVar sm_max_lerp, which is already being tracked.
L 03/24/2023 - 21:59:31: [CvarSettings] [c2m1_highway] Could not find CVar specified (sv_pure)
L 03/24/2023 - 21:59:31: [CvarSettings] [c2m1_highway] Attempt to track ConVar sv_consistency, which is already being tracked.
L 03/24/2023 - 21:59:31: [CvarSettings] [c2m1_highway] Attempt to track ConVar sv_pure_kick_clients, which is already being tracked.
L 03/24/2023 - 21:59:31: [CvarSettings] [c2m1_highway] Could not find CVar specified (confogl_boss_unprohibit)
L 03/24/2023 - 21:59:31: [CvarSettings] [c2m1_highway] Attempt to track ConVar sm_max_lerp, which is already being tracked.
L 03/24/2023 - 22:09:35: [CvarSettings] [c2m1_highway] Could not find CVar specified (sv_pure)
L 03/24/2023 - 22:09:35: [CvarSettings] [c2m1_highway] Attempt to track ConVar sv_consistency, which is already being tracked.
L 03/24/2023 - 22:09:35: [CvarSettings] [c2m1_highway] Attempt to track ConVar sv_pure_kick_clients, which is already being tracked.
L 03/24/2023 - 22:09:35: [CvarSettings] [c2m1_highway] Could not find CVar specified (confogl_boss_unprohibit)
L 03/24/2023 - 22:09:36: [CvarSettings] [c2m1_highway] Attempt to track ConVar sm_max_lerp, which is already being tracked.
L 03/24/2023 - 22:10:03: [CvarSettings] [c2m1_highway] Could not find CVar specified (sv_pure)
L 03/24/2023 - 22:10:03: [CvarSettings] [c2m1_highway] Attempt to track ConVar sv_consistency, which is already being tracked.
L 03/24/2023 - 22:10:03: [CvarSettings] [c2m1_highway] Attempt to track ConVar sv_pure_kick_clients, which is already being tracked.
L 03/24/2023 - 22:10:03: [CvarSettings] [c2m1_highway] Could not find CVar specified (confogl_boss_unprohibit)
L 03/24/2023 - 22:10:03: [CvarSettings] [c2m1_highway] Attempt to track ConVar sm_max_lerp, which is already being tracked.
L 03/24/2023 - 22:24:04: [CvarSettings] [l4d_dbd2dc_anna_is_gone] Could not find CVar specified (sv_pure)
L 03/24/2023 - 22:24:05: [CvarSettings] [l4d_dbd2dc_anna_is_gone] Attempt to track ConVar sv_consistency, which is already being tracked.
L 03/24/2023 - 22:24:05: [CvarSettings] [l4d_dbd2dc_anna_is_gone] Attempt to track ConVar sv_pure_kick_clients, which is already being tracked.
L 03/24/2023 - 22:24:05: [CvarSettings] [l4d_dbd2dc_anna_is_gone] Could not find CVar specified (confogl_boss_unprohibit)
L 03/24/2023 - 22:24:05: [CvarSettings] [l4d_dbd2dc_anna_is_gone] Attempt to track ConVar sm_max_lerp, which is already being tracked.
L 03/24/2023 - 22:26:03: [CvarSettings] [c2m1_highway] Could not find CVar specified (sv_pure)
L 03/24/2023 - 22:26:04: [CvarSettings] [c2m1_highway] Attempt to track ConVar sv_consistency, which is already being tracked.
L 03/24/2023 - 22:26:04: [CvarSettings] [c2m1_highway] Attempt to track ConVar sv_pure_kick_clients, which is already being tracked.
L 03/24/2023 - 22:26:04: [CvarSettings] [c2m1_highway] Could not find CVar specified (confogl_boss_unprohibit)
L 03/24/2023 - 22:26:04: [CvarSettings] [c2m1_highway] Attempt to track ConVar sm_max_lerp, which is already being tracked.
L 03/24/2023 - 22:46:27: [CvarSettings] [c2m1_highway] Could not find CVar specified (sv_pure)
L 03/24/2023 - 22:46:27: [CvarSettings] [c2m1_highway] Attempt to track ConVar sv_consistency, which is already being tracked.
L 03/24/2023 - 22:46:27: [CvarSettings] [c2m1_highway] Attempt to track ConVar sv_pure_kick_clients, which is already being tracked.
L 03/24/2023 - 22:46:27: [CvarSettings] [c2m1_highway] Could not find CVar specified (confogl_boss_unprohibit)
L 03/24/2023 - 22:46:27: [CvarSettings] [c2m1_highway] Attempt to track ConVar sm_max_lerp, which is already being tracked.
