L 03/18/2023 - 11:35:42: [CvarSettings] [c2m1_highway] Could not find CVar specified (sv_pure)
L 03/18/2023 - 11:35:43: [CvarSettings] [c2m1_highway] Attempt to track ConVar sv_consistency, which is already being tracked.
L 03/18/2023 - 11:35:43: [CvarSettings] [c2m1_highway] Attempt to track ConVar sv_pure_kick_clients, which is already being tracked.
L 03/18/2023 - 11:35:43: [CvarSettings] [c2m1_highway] Could not find CVar specified (confogl_boss_unprohibit)
L 03/18/2023 - 11:35:43: [CvarSettings] [c2m1_highway] Attempt to track ConVar sm_max_lerp, which is already being tracked.
L 03/18/2023 - 11:36:25: [CvarSettings] [c2m1_highway] Could not find CVar specified (sv_pure)
L 03/18/2023 - 11:36:25: [CvarSettings] [c2m1_highway] Attempt to track ConVar sv_consistency, which is already being tracked.
L 03/18/2023 - 11:36:25: [CvarSettings] [c2m1_highway] Attempt to track ConVar sv_pure_kick_clients, which is already being tracked.
L 03/18/2023 - 11:36:25: [CvarSettings] [c2m1_highway] Could not find CVar specified (confogl_boss_unprohibit)
L 03/18/2023 - 11:36:25: [CvarSettings] [c2m1_highway] Attempt to track ConVar sm_max_lerp, which is already being tracked.
L 03/18/2023 - 11:39:57: [CvarSettings] [c2m1_highway] Could not find CVar specified (sv_pure)
L 03/18/2023 - 11:39:58: [CvarSettings] [c2m1_highway] Attempt to track ConVar sv_consistency, which is already being tracked.
L 03/18/2023 - 11:39:58: [CvarSettings] [c2m1_highway] Attempt to track ConVar sv_pure_kick_clients, which is already being tracked.
L 03/18/2023 - 11:39:58: [CvarSettings] [c2m1_highway] Could not find CVar specified (confogl_boss_unprohibit)
L 03/18/2023 - 11:39:58: [CvarSettings] [c2m1_highway] Attempt to track ConVar sm_max_lerp, which is already being tracked.
L 03/18/2023 - 13:44:15: [CvarSettings] [c2m1_highway] Could not find CVar specified (sv_pure)
L 03/18/2023 - 13:44:16: [CvarSettings] [c2m1_highway] Attempt to track ConVar sv_consistency, which is already being tracked.
L 03/18/2023 - 13:44:16: [CvarSettings] [c2m1_highway] Attempt to track ConVar sv_pure_kick_clients, which is already being tracked.
L 03/18/2023 - 13:44:16: [CvarSettings] [c2m1_highway] Could not find CVar specified (confogl_boss_unprohibit)
L 03/18/2023 - 13:44:16: [CvarSettings] [c2m1_highway] Attempt to track ConVar sm_max_lerp, which is already being tracked.
L 03/18/2023 - 18:35:06: [CvarSettings] [c2m1_highway] Could not find CVar specified (sv_pure)
L 03/18/2023 - 18:35:06: [CvarSettings] [c2m1_highway] Attempt to track ConVar sv_consistency, which is already being tracked.
L 03/18/2023 - 18:35:06: [CvarSettings] [c2m1_highway] Attempt to track ConVar sv_pure_kick_clients, which is already being tracked.
L 03/18/2023 - 18:35:06: [CvarSettings] [c2m1_highway] Could not find CVar specified (confogl_boss_unprohibit)
L 03/18/2023 - 18:35:06: [CvarSettings] [c2m1_highway] Attempt to track ConVar sm_max_lerp, which is already being tracked.
L 03/18/2023 - 18:37:47: [CvarSettings] [c2m1_highway] Could not find CVar specified (sv_pure)
L 03/18/2023 - 18:37:48: [CvarSettings] [c2m1_highway] Attempt to track ConVar sv_consistency, which is already being tracked.
L 03/18/2023 - 18:37:48: [CvarSettings] [c2m1_highway] Attempt to track ConVar sv_pure_kick_clients, which is already being tracked.
L 03/18/2023 - 18:37:48: [CvarSettings] [c2m1_highway] Could not find CVar specified (confogl_boss_unprohibit)
L 03/18/2023 - 18:37:48: [CvarSettings] [c2m1_highway] Attempt to track ConVar sm_max_lerp, which is already being tracked.
L 03/18/2023 - 19:04:20: [CvarSettings] [l4d_dbd2dc_clean_up] Could not find CVar specified (sv_pure)
L 03/18/2023 - 19:04:21: [CvarSettings] [l4d_dbd2dc_clean_up] Attempt to track ConVar sv_consistency, which is already being tracked.
L 03/18/2023 - 19:04:21: [CvarSettings] [l4d_dbd2dc_clean_up] Attempt to track ConVar sv_pure_kick_clients, which is already being tracked.
L 03/18/2023 - 19:04:21: [CvarSettings] [l4d_dbd2dc_clean_up] Could not find CVar specified (confogl_boss_unprohibit)
L 03/18/2023 - 19:04:21: [CvarSettings] [l4d_dbd2dc_clean_up] Attempt to track ConVar sm_max_lerp, which is already being tracked.
L 03/18/2023 - 20:20:52: [CvarSettings] [c2m1_highway] Could not find CVar specified (sv_pure)
L 03/18/2023 - 20:20:52: [CvarSettings] [c2m1_highway] Attempt to track ConVar sv_consistency, which is already being tracked.
L 03/18/2023 - 20:20:52: [CvarSettings] [c2m1_highway] Attempt to track ConVar sv_pure_kick_clients, which is already being tracked.
L 03/18/2023 - 20:20:53: [CvarSettings] [c2m1_highway] Could not find CVar specified (confogl_boss_unprohibit)
L 03/18/2023 - 20:20:53: [CvarSettings] [c2m1_highway] Attempt to track ConVar sm_max_lerp, which is already being tracked.
L 03/18/2023 - 20:36:17: [CvarSettings] [c2m1_highway] Could not find CVar specified (sv_pure)
L 03/18/2023 - 20:36:18: [CvarSettings] [c2m1_highway] Attempt to track ConVar sv_consistency, which is already being tracked.
L 03/18/2023 - 20:36:18: [CvarSettings] [c2m1_highway] Attempt to track ConVar sv_pure_kick_clients, which is already being tracked.
L 03/18/2023 - 20:36:18: [CvarSettings] [c2m1_highway] Could not find CVar specified (confogl_boss_unprohibit)
L 03/18/2023 - 20:36:18: [CvarSettings] [c2m1_highway] Attempt to track ConVar sm_max_lerp, which is already being tracked.
L 03/18/2023 - 20:39:05: [CvarSettings] [c2m1_highway] Could not find CVar specified (sv_pure)
L 03/18/2023 - 20:39:06: [CvarSettings] [c2m1_highway] Attempt to track ConVar sv_consistency, which is already being tracked.
L 03/18/2023 - 20:39:06: [CvarSettings] [c2m1_highway] Attempt to track ConVar sv_pure_kick_clients, which is already being tracked.
L 03/18/2023 - 20:39:06: [CvarSettings] [c2m1_highway] Could not find CVar specified (confogl_boss_unprohibit)
L 03/18/2023 - 20:39:06: [CvarSettings] [c2m1_highway] Attempt to track ConVar sm_max_lerp, which is already being tracked.
L 03/18/2023 - 21:08:46: [CvarSettings] [c2m1_highway] Could not find CVar specified (sv_pure)
L 03/18/2023 - 21:08:47: [CvarSettings] [c2m1_highway] Attempt to track ConVar sv_consistency, which is already being tracked.
L 03/18/2023 - 21:08:47: [CvarSettings] [c2m1_highway] Attempt to track ConVar sv_pure_kick_clients, which is already being tracked.
L 03/18/2023 - 21:08:47: [CvarSettings] [c2m1_highway] Could not find CVar specified (confogl_boss_unprohibit)
L 03/18/2023 - 21:08:47: [CvarSettings] [c2m1_highway] Attempt to track ConVar sm_max_lerp, which is already being tracked.
L 03/18/2023 - 21:19:38: [CvarSettings] [c2m1_highway] Could not find CVar specified (sv_pure)
L 03/18/2023 - 21:19:39: [CvarSettings] [c2m1_highway] Attempt to track ConVar sv_consistency, which is already being tracked.
L 03/18/2023 - 21:19:39: [CvarSettings] [c2m1_highway] Attempt to track ConVar sv_pure_kick_clients, which is already being tracked.
L 03/18/2023 - 21:19:39: [CvarSettings] [c2m1_highway] Could not find CVar specified (confogl_boss_unprohibit)
L 03/18/2023 - 21:19:39: [CvarSettings] [c2m1_highway] Attempt to track ConVar sm_max_lerp, which is already being tracked.
L 03/18/2023 - 21:40:27: [CvarSettings] [c2m1_highway] Could not find CVar specified (sv_pure)
L 03/18/2023 - 21:40:28: [CvarSettings] [c2m1_highway] Attempt to track ConVar sv_consistency, which is already being tracked.
L 03/18/2023 - 21:40:28: [CvarSettings] [c2m1_highway] Attempt to track ConVar sv_pure_kick_clients, which is already being tracked.
L 03/18/2023 - 21:40:28: [CvarSettings] [c2m1_highway] Could not find CVar specified (confogl_boss_unprohibit)
L 03/18/2023 - 21:40:28: [CvarSettings] [c2m1_highway] Attempt to track ConVar sm_max_lerp, which is already being tracked.
L 03/18/2023 - 22:11:42: [CvarSettings] [c2m1_highway] Could not find CVar specified (sv_pure)
L 03/18/2023 - 22:11:42: [CvarSettings] [c2m1_highway] Attempt to track ConVar sv_consistency, which is already being tracked.
L 03/18/2023 - 22:11:42: [CvarSettings] [c2m1_highway] Attempt to track ConVar sv_pure_kick_clients, which is already being tracked.
L 03/18/2023 - 22:11:42: [CvarSettings] [c2m1_highway] Could not find CVar specified (confogl_boss_unprohibit)
L 03/18/2023 - 22:11:42: [CvarSettings] [c2m1_highway] Attempt to track ConVar sm_max_lerp, which is already being tracked.
L 03/18/2023 - 22:16:45: [CvarSettings] [c2m1_highway] Could not find CVar specified (sv_pure)
L 03/18/2023 - 22:16:46: [CvarSettings] [c2m1_highway] Attempt to track ConVar sv_consistency, which is already being tracked.
L 03/18/2023 - 22:16:46: [CvarSettings] [c2m1_highway] Attempt to track ConVar sv_pure_kick_clients, which is already being tracked.
L 03/18/2023 - 22:16:46: [CvarSettings] [c2m1_highway] Could not find CVar specified (confogl_boss_unprohibit)
L 03/18/2023 - 22:16:46: [CvarSettings] [c2m1_highway] Attempt to track ConVar sm_max_lerp, which is already being tracked.
L 03/18/2023 - 22:40:48: [CvarSettings] [c2m1_highway] Could not find CVar specified (sv_pure)
L 03/18/2023 - 22:40:48: [CvarSettings] [c2m1_highway] Attempt to track ConVar sv_consistency, which is already being tracked.
L 03/18/2023 - 22:40:48: [CvarSettings] [c2m1_highway] Attempt to track ConVar sv_pure_kick_clients, which is already being tracked.
L 03/18/2023 - 22:40:48: [CvarSettings] [c2m1_highway] Could not find CVar specified (confogl_boss_unprohibit)
L 03/18/2023 - 22:40:48: [CvarSettings] [c2m1_highway] Attempt to track ConVar sm_max_lerp, which is already being tracked.
L 03/18/2023 - 22:55:43: [CvarSettings] [c2m1_highway] Could not find CVar specified (sv_pure)
L 03/18/2023 - 22:55:44: [CvarSettings] [c2m1_highway] Attempt to track ConVar sv_consistency, which is already being tracked.
L 03/18/2023 - 22:55:44: [CvarSettings] [c2m1_highway] Attempt to track ConVar sv_pure_kick_clients, which is already being tracked.
L 03/18/2023 - 22:55:44: [CvarSettings] [c2m1_highway] Could not find CVar specified (confogl_boss_unprohibit)
L 03/18/2023 - 22:55:44: [CvarSettings] [c2m1_highway] Attempt to track ConVar sm_max_lerp, which is already being tracked.
L 03/18/2023 - 23:48:04: [CvarSettings] [c2m1_highway] Could not find CVar specified (sv_pure)
L 03/18/2023 - 23:48:05: [CvarSettings] [c2m1_highway] Attempt to track ConVar sv_consistency, which is already being tracked.
L 03/18/2023 - 23:48:05: [CvarSettings] [c2m1_highway] Attempt to track ConVar sv_pure_kick_clients, which is already being tracked.
L 03/18/2023 - 23:48:05: [CvarSettings] [c2m1_highway] Could not find CVar specified (confogl_boss_unprohibit)
L 03/18/2023 - 23:48:05: [CvarSettings] [c2m1_highway] Attempt to track ConVar sm_max_lerp, which is already being tracked.
