L 03/30/2023 - 10:47:41: [CvarSettings] [c2m1_highway] Could not find CVar specified (sv_pure)
L 03/30/2023 - 10:47:41: [CvarSettings] [c2m1_highway] Attempt to track ConVar sv_consistency, which is already being tracked.
L 03/30/2023 - 10:47:41: [CvarSettings] [c2m1_highway] Attempt to track ConVar sv_pure_kick_clients, which is already being tracked.
L 03/30/2023 - 10:47:41: [CvarSettings] [c2m1_highway] Could not find CVar specified (confogl_boss_unprohibit)
L 03/30/2023 - 10:47:41: [CvarSettings] [c2m1_highway] Attempt to track ConVar sm_max_lerp, which is already being tracked.
L 03/30/2023 - 11:28:26: [CvarSettings] [c2m1_highway] Could not find CVar specified (sv_pure)
L 03/30/2023 - 11:28:27: [CvarSettings] [c2m1_highway] Attempt to track ConVar sv_consistency, which is already being tracked.
L 03/30/2023 - 11:28:27: [CvarSettings] [c2m1_highway] Attempt to track ConVar sv_pure_kick_clients, which is already being tracked.
L 03/30/2023 - 11:28:27: [CvarSettings] [c2m1_highway] Could not find CVar specified (confogl_boss_unprohibit)
L 03/30/2023 - 11:28:27: [CvarSettings] [c2m1_highway] Attempt to track ConVar sm_max_lerp, which is already being tracked.
L 03/30/2023 - 15:07:33: [CvarSettings] [hf01_theforest] Could not find CVar specified (sv_pure)
L 03/30/2023 - 15:07:33: [CvarSettings] [hf01_theforest] Attempt to track ConVar sv_consistency, which is already being tracked.
L 03/30/2023 - 15:07:33: [CvarSettings] [hf01_theforest] Attempt to track ConVar sv_pure_kick_clients, which is already being tracked.
L 03/30/2023 - 15:07:33: [CvarSettings] [hf01_theforest] Could not find CVar specified (confogl_boss_unprohibit)
L 03/30/2023 - 15:07:33: [CvarSettings] [hf01_theforest] Attempt to track ConVar sm_max_lerp, which is already being tracked.
L 03/30/2023 - 15:08:30: [CvarSettings] [c2m1_highway] Could not find CVar specified (sv_pure)
L 03/30/2023 - 15:08:31: [CvarSettings] [c2m1_highway] Attempt to track ConVar sv_consistency, which is already being tracked.
L 03/30/2023 - 15:08:31: [CvarSettings] [c2m1_highway] Attempt to track ConVar sv_pure_kick_clients, which is already being tracked.
L 03/30/2023 - 15:08:31: [CvarSettings] [c2m1_highway] Could not find CVar specified (confogl_boss_unprohibit)
L 03/30/2023 - 15:08:31: [CvarSettings] [c2m1_highway] Attempt to track ConVar sm_max_lerp, which is already being tracked.
L 03/30/2023 - 16:15:33: [CvarSettings] [c2m1_highway] Could not find CVar specified (sv_pure)
L 03/30/2023 - 16:15:34: [CvarSettings] [c2m1_highway] Attempt to track ConVar sv_consistency, which is already being tracked.
L 03/30/2023 - 16:15:34: [CvarSettings] [c2m1_highway] Attempt to track ConVar sv_pure_kick_clients, which is already being tracked.
L 03/30/2023 - 16:15:34: [CvarSettings] [c2m1_highway] Could not find CVar specified (confogl_boss_unprohibit)
L 03/30/2023 - 16:15:34: [CvarSettings] [c2m1_highway] Attempt to track ConVar sm_max_lerp, which is already being tracked.
L 03/30/2023 - 16:21:12: [CvarSettings] [c2m1_highway] Could not find CVar specified (sv_pure)
L 03/30/2023 - 16:21:12: [CvarSettings] [c2m1_highway] Attempt to track ConVar sv_consistency, which is already being tracked.
L 03/30/2023 - 16:21:12: [CvarSettings] [c2m1_highway] Attempt to track ConVar sv_pure_kick_clients, which is already being tracked.
L 03/30/2023 - 16:21:12: [CvarSettings] [c2m1_highway] Could not find CVar specified (confogl_boss_unprohibit)
L 03/30/2023 - 16:21:12: [CvarSettings] [c2m1_highway] Attempt to track ConVar sm_max_lerp, which is already being tracked.
L 03/30/2023 - 16:22:31: [CvarSettings] [c2m1_highway] Could not find CVar specified (sv_pure)
L 03/30/2023 - 16:22:31: [CvarSettings] [c2m1_highway] Attempt to track ConVar sv_consistency, which is already being tracked.
L 03/30/2023 - 16:22:31: [CvarSettings] [c2m1_highway] Attempt to track ConVar sv_pure_kick_clients, which is already being tracked.
L 03/30/2023 - 16:22:31: [CvarSettings] [c2m1_highway] Could not find CVar specified (confogl_boss_unprohibit)
L 03/30/2023 - 16:22:31: [CvarSettings] [c2m1_highway] Attempt to track ConVar sm_max_lerp, which is already being tracked.
L 03/30/2023 - 16:27:35: [CvarSettings] [c2m1_highway] Could not find CVar specified (sv_pure)
L 03/30/2023 - 16:27:35: [CvarSettings] [c2m1_highway] Attempt to track ConVar sv_consistency, which is already being tracked.
L 03/30/2023 - 16:27:35: [CvarSettings] [c2m1_highway] Attempt to track ConVar sv_pure_kick_clients, which is already being tracked.
L 03/30/2023 - 16:27:35: [CvarSettings] [c2m1_highway] Could not find CVar specified (confogl_boss_unprohibit)
L 03/30/2023 - 16:27:35: [CvarSettings] [c2m1_highway] Attempt to track ConVar sm_max_lerp, which is already being tracked.
L 03/30/2023 - 17:30:35: [CvarSettings] [c2m1_highway] Could not find CVar specified (sv_pure)
L 03/30/2023 - 17:30:35: [CvarSettings] [c2m1_highway] Attempt to track ConVar sv_consistency, which is already being tracked.
L 03/30/2023 - 17:30:35: [CvarSettings] [c2m1_highway] Attempt to track ConVar sv_pure_kick_clients, which is already being tracked.
L 03/30/2023 - 17:30:35: [CvarSettings] [c2m1_highway] Could not find CVar specified (confogl_boss_unprohibit)
L 03/30/2023 - 17:30:35: [CvarSettings] [c2m1_highway] Attempt to track ConVar sm_max_lerp, which is already being tracked.
L 03/30/2023 - 19:36:00: [CvarSettings] [c2m1_highway] Could not find CVar specified (sv_pure)
L 03/30/2023 - 19:36:00: [CvarSettings] [c2m1_highway] Attempt to track ConVar sv_consistency, which is already being tracked.
L 03/30/2023 - 19:36:00: [CvarSettings] [c2m1_highway] Attempt to track ConVar sv_pure_kick_clients, which is already being tracked.
L 03/30/2023 - 19:36:00: [CvarSettings] [c2m1_highway] Could not find CVar specified (confogl_boss_unprohibit)
L 03/30/2023 - 19:36:00: [CvarSettings] [c2m1_highway] Attempt to track ConVar sm_max_lerp, which is already being tracked.
