L 03/13/2023 - 08:46:37: [CvarSettings] [c2m1_highway] Could not find CVar specified (sv_pure)
L 03/13/2023 - 08:46:38: [CvarSettings] [c2m1_highway] Attempt to track ConVar sv_consistency, which is already being tracked.
L 03/13/2023 - 08:46:38: [CvarSettings] [c2m1_highway] Attempt to track ConVar sv_pure_kick_clients, which is already being tracked.
L 03/13/2023 - 08:46:38: [CvarSettings] [c2m1_highway] Could not find CVar specified (confogl_boss_unprohibit)
L 03/13/2023 - 08:50:17: [CvarSettings] [c2m1_highway] Could not find CVar specified (sv_pure)
L 03/13/2023 - 08:50:18: [CvarSettings] [c2m1_highway] Attempt to track ConVar sv_consistency, which is already being tracked.
L 03/13/2023 - 08:50:18: [CvarSettings] [c2m1_highway] Attempt to track ConVar sv_pure_kick_clients, which is already being tracked.
L 03/13/2023 - 08:50:18: [CvarSettings] [c2m1_highway] Could not find CVar specified (confogl_boss_unprohibit)
L 03/13/2023 - 08:54:01: [CvarSettings] [c2m1_highway] Could not find CVar specified (sv_pure)
L 03/13/2023 - 08:54:01: [CvarSettings] [c2m1_highway] Attempt to track ConVar sv_consistency, which is already being tracked.
L 03/13/2023 - 08:54:01: [CvarSettings] [c2m1_highway] Attempt to track ConVar sv_pure_kick_clients, which is already being tracked.
L 03/13/2023 - 08:54:01: [CvarSettings] [c2m1_highway] Could not find CVar specified (confogl_boss_unprohibit)
L 03/13/2023 - 08:57:21: [CvarSettings] [c2m1_highway] Could not find CVar specified (sv_pure)
L 03/13/2023 - 08:57:21: [CvarSettings] [c2m1_highway] Attempt to track ConVar sv_consistency, which is already being tracked.
L 03/13/2023 - 08:57:21: [CvarSettings] [c2m1_highway] Attempt to track ConVar sv_pure_kick_clients, which is already being tracked.
L 03/13/2023 - 08:57:21: [CvarSettings] [c2m1_highway] Could not find CVar specified (confogl_boss_unprohibit)
L 03/13/2023 - 08:58:38: [BossSpawning] [c2m1_highway] Failed to save a large number of tanks to the array. Count: 5, Max: 5
L 03/13/2023 - 09:00:03: [CvarSettings] [c2m1_highway] Could not find CVar specified (sv_pure)
L 03/13/2023 - 09:00:03: [CvarSettings] [c2m1_highway] Attempt to track ConVar sv_consistency, which is already being tracked.
L 03/13/2023 - 09:00:03: [CvarSettings] [c2m1_highway] Attempt to track ConVar sv_pure_kick_clients, which is already being tracked.
L 03/13/2023 - 09:00:03: [CvarSettings] [c2m1_highway] Could not find CVar specified (confogl_boss_unprohibit)
L 03/13/2023 - 09:05:41: [CvarSettings] [c2m1_highway] Could not find CVar specified (sv_pure)
L 03/13/2023 - 09:05:41: [CvarSettings] [c2m1_highway] Attempt to track ConVar sv_consistency, which is already being tracked.
L 03/13/2023 - 09:05:41: [CvarSettings] [c2m1_highway] Attempt to track ConVar sv_pure_kick_clients, which is already being tracked.
L 03/13/2023 - 09:05:41: [CvarSettings] [c2m1_highway] Could not find CVar specified (confogl_boss_unprohibit)
L 03/13/2023 - 09:43:44: [CvarSettings] [c2m1_highway] Could not find CVar specified (sv_pure)
L 03/13/2023 - 09:43:44: [CvarSettings] [c2m1_highway] Attempt to track ConVar sv_consistency, which is already being tracked.
L 03/13/2023 - 09:43:44: [CvarSettings] [c2m1_highway] Attempt to track ConVar sv_pure_kick_clients, which is already being tracked.
L 03/13/2023 - 09:43:44: [CvarSettings] [c2m1_highway] Could not find CVar specified (confogl_boss_unprohibit)
L 03/13/2023 - 09:46:57: [CvarSettings] [c2m1_highway] Could not find CVar specified (sv_pure)
L 03/13/2023 - 09:46:58: [CvarSettings] [c2m1_highway] Attempt to track ConVar sv_consistency, which is already being tracked.
L 03/13/2023 - 09:46:58: [CvarSettings] [c2m1_highway] Attempt to track ConVar sv_pure_kick_clients, which is already being tracked.
L 03/13/2023 - 09:46:58: [CvarSettings] [c2m1_highway] Could not find CVar specified (confogl_boss_unprohibit)
L 03/13/2023 - 09:49:40: [CvarSettings] [c2m1_highway] Could not find CVar specified (sv_pure)
L 03/13/2023 - 09:49:41: [CvarSettings] [c2m1_highway] Attempt to track ConVar sv_consistency, which is already being tracked.
L 03/13/2023 - 09:49:41: [CvarSettings] [c2m1_highway] Attempt to track ConVar sv_pure_kick_clients, which is already being tracked.
L 03/13/2023 - 09:49:41: [CvarSettings] [c2m1_highway] Could not find CVar specified (confogl_boss_unprohibit)
L 03/13/2023 - 10:02:29: [CvarSettings] [c2m1_highway] Could not find CVar specified (sv_pure)
L 03/13/2023 - 10:02:30: [CvarSettings] [c2m1_highway] Attempt to track ConVar sv_consistency, which is already being tracked.
L 03/13/2023 - 10:02:30: [CvarSettings] [c2m1_highway] Attempt to track ConVar sv_pure_kick_clients, which is already being tracked.
L 03/13/2023 - 10:02:30: [CvarSettings] [c2m1_highway] Could not find CVar specified (confogl_boss_unprohibit)
L 03/13/2023 - 10:03:59: [CvarSettings] [c2m1_highway] Could not find CVar specified (sv_pure)
L 03/13/2023 - 10:03:59: [CvarSettings] [c2m1_highway] Attempt to track ConVar sv_consistency, which is already being tracked.
L 03/13/2023 - 10:03:59: [CvarSettings] [c2m1_highway] Attempt to track ConVar sv_pure_kick_clients, which is already being tracked.
L 03/13/2023 - 10:03:59: [CvarSettings] [c2m1_highway] Could not find CVar specified (confogl_boss_unprohibit)
L 03/13/2023 - 12:52:59: [CvarSettings] [c2m1_highway] Could not find CVar specified (sv_pure)
L 03/13/2023 - 12:52:59: [CvarSettings] [c2m1_highway] Attempt to track ConVar sv_consistency, which is already being tracked.
L 03/13/2023 - 12:52:59: [CvarSettings] [c2m1_highway] Attempt to track ConVar sv_pure_kick_clients, which is already being tracked.
L 03/13/2023 - 12:52:59: [CvarSettings] [c2m1_highway] Could not find CVar specified (confogl_boss_unprohibit)
L 03/13/2023 - 13:09:19: [CvarSettings] [c2m1_highway] Could not find CVar specified (sv_pure)
L 03/13/2023 - 13:09:19: [CvarSettings] [c2m1_highway] Attempt to track ConVar sv_consistency, which is already being tracked.
L 03/13/2023 - 13:09:19: [CvarSettings] [c2m1_highway] Attempt to track ConVar sv_pure_kick_clients, which is already being tracked.
L 03/13/2023 - 13:09:19: [CvarSettings] [c2m1_highway] Could not find CVar specified (confogl_boss_unprohibit)
L 03/13/2023 - 13:31:49: [CvarSettings] [c2m1_highway] Could not find CVar specified (sv_pure)
L 03/13/2023 - 13:31:50: [CvarSettings] [c2m1_highway] Attempt to track ConVar sv_consistency, which is already being tracked.
L 03/13/2023 - 13:31:50: [CvarSettings] [c2m1_highway] Attempt to track ConVar sv_pure_kick_clients, which is already being tracked.
L 03/13/2023 - 13:31:50: [CvarSettings] [c2m1_highway] Could not find CVar specified (confogl_boss_unprohibit)
L 03/13/2023 - 14:27:53: [CvarSettings] [c2m1_highway] Could not find CVar specified (sv_pure)
L 03/13/2023 - 14:27:53: [CvarSettings] [c2m1_highway] Attempt to track ConVar sv_consistency, which is already being tracked.
L 03/13/2023 - 14:27:53: [CvarSettings] [c2m1_highway] Attempt to track ConVar sv_pure_kick_clients, which is already being tracked.
L 03/13/2023 - 14:27:53: [CvarSettings] [c2m1_highway] Could not find CVar specified (confogl_boss_unprohibit)
L 03/13/2023 - 14:34:05: [CvarSettings] [c2m1_highway] Could not find CVar specified (sv_pure)
L 03/13/2023 - 14:34:06: [CvarSettings] [c2m1_highway] Attempt to track ConVar sv_consistency, which is already being tracked.
L 03/13/2023 - 14:34:06: [CvarSettings] [c2m1_highway] Attempt to track ConVar sv_pure_kick_clients, which is already being tracked.
L 03/13/2023 - 14:34:06: [CvarSettings] [c2m1_highway] Could not find CVar specified (confogl_boss_unprohibit)
L 03/13/2023 - 14:35:18: [CvarSettings] [c2m1_highway] Could not find CVar specified (sv_pure)
L 03/13/2023 - 14:35:19: [CvarSettings] [c2m1_highway] Attempt to track ConVar sv_consistency, which is already being tracked.
L 03/13/2023 - 14:35:19: [CvarSettings] [c2m1_highway] Attempt to track ConVar sv_pure_kick_clients, which is already being tracked.
L 03/13/2023 - 14:35:19: [CvarSettings] [c2m1_highway] Could not find CVar specified (confogl_boss_unprohibit)
L 03/13/2023 - 14:37:42: [CvarSettings] [c2m1_highway] Could not find CVar specified (sv_pure)
L 03/13/2023 - 14:37:43: [CvarSettings] [c2m1_highway] Attempt to track ConVar sv_consistency, which is already being tracked.
L 03/13/2023 - 14:37:43: [CvarSettings] [c2m1_highway] Attempt to track ConVar sv_pure_kick_clients, which is already being tracked.
L 03/13/2023 - 14:37:43: [CvarSettings] [c2m1_highway] Could not find CVar specified (confogl_boss_unprohibit)
L 03/13/2023 - 14:39:44: [CvarSettings] [c2m1_highway] Could not find CVar specified (sv_pure)
L 03/13/2023 - 14:39:45: [CvarSettings] [c2m1_highway] Attempt to track ConVar sv_consistency, which is already being tracked.
L 03/13/2023 - 14:39:45: [CvarSettings] [c2m1_highway] Attempt to track ConVar sv_pure_kick_clients, which is already being tracked.
L 03/13/2023 - 14:39:45: [CvarSettings] [c2m1_highway] Could not find CVar specified (confogl_boss_unprohibit)
L 03/13/2023 - 15:10:14: [CvarSettings] [c2m1_highway] Could not find CVar specified (sv_pure)
L 03/13/2023 - 15:10:15: [CvarSettings] [c2m1_highway] Attempt to track ConVar sv_consistency, which is already being tracked.
L 03/13/2023 - 15:10:15: [CvarSettings] [c2m1_highway] Attempt to track ConVar sv_pure_kick_clients, which is already being tracked.
L 03/13/2023 - 15:10:15: [CvarSettings] [c2m1_highway] Could not find CVar specified (confogl_boss_unprohibit)
L 03/13/2023 - 15:16:31: [CvarSettings] [c2m1_highway] Could not find CVar specified (sv_pure)
L 03/13/2023 - 15:16:32: [CvarSettings] [c2m1_highway] Attempt to track ConVar sv_consistency, which is already being tracked.
L 03/13/2023 - 15:16:32: [CvarSettings] [c2m1_highway] Attempt to track ConVar sv_pure_kick_clients, which is already being tracked.
L 03/13/2023 - 15:16:32: [CvarSettings] [c2m1_highway] Could not find CVar specified (confogl_boss_unprohibit)
L 03/13/2023 - 15:57:01: [CvarSettings] [c2m1_highway] Could not find CVar specified (sv_pure)
L 03/13/2023 - 15:57:01: [CvarSettings] [c2m1_highway] Attempt to track ConVar sv_consistency, which is already being tracked.
L 03/13/2023 - 15:57:01: [CvarSettings] [c2m1_highway] Attempt to track ConVar sv_pure_kick_clients, which is already being tracked.
L 03/13/2023 - 15:57:01: [CvarSettings] [c2m1_highway] Could not find CVar specified (confogl_boss_unprohibit)
