L 04/05/2023 - 01:47:02: [CvarSettings] [c2m1_highway] Could not find CVar specified (sv_pure)
L 04/05/2023 - 01:47:03: [CvarSettings] [c2m1_highway] Attempt to track ConVar sv_consistency, which is already being tracked.
L 04/05/2023 - 01:47:03: [CvarSettings] [c2m1_highway] Attempt to track ConVar sv_pure_kick_clients, which is already being tracked.
L 04/05/2023 - 01:47:03: [CvarSettings] [c2m1_highway] Could not find CVar specified (confogl_boss_unprohibit)
L 04/05/2023 - 01:47:03: [CvarSettings] [c2m1_highway] Attempt to track ConVar sm_max_lerp, which is already being tracked.
L 04/05/2023 - 05:19:45: [CvarSettings] [c2m1_highway] Could not find CVar specified (sv_pure)
L 04/05/2023 - 05:19:45: [CvarSettings] [c2m1_highway] Attempt to track ConVar sv_consistency, which is already being tracked.
L 04/05/2023 - 05:19:45: [CvarSettings] [c2m1_highway] Attempt to track ConVar sv_pure_kick_clients, which is already being tracked.
L 04/05/2023 - 05:19:45: [CvarSettings] [c2m1_highway] Could not find CVar specified (confogl_boss_unprohibit)
L 04/05/2023 - 05:19:45: [CvarSettings] [c2m1_highway] Attempt to track ConVar sm_max_lerp, which is already being tracked.
L 04/05/2023 - 11:20:10: [CvarSettings] [c2m1_highway] Could not find CVar specified (sv_pure)
L 04/05/2023 - 11:20:11: [CvarSettings] [c2m1_highway] Attempt to track ConVar sv_consistency, which is already being tracked.
L 04/05/2023 - 11:20:11: [CvarSettings] [c2m1_highway] Attempt to track ConVar sv_pure_kick_clients, which is already being tracked.
L 04/05/2023 - 11:20:11: [CvarSettings] [c2m1_highway] Could not find CVar specified (confogl_boss_unprohibit)
L 04/05/2023 - 11:20:11: [CvarSettings] [c2m1_highway] Attempt to track ConVar sm_max_lerp, which is already being tracked.
L 04/05/2023 - 16:37:34: [CvarSettings] [c2m1_highway] Could not find CVar specified (sv_pure)
L 04/05/2023 - 16:37:34: [CvarSettings] [c2m1_highway] Attempt to track ConVar sv_consistency, which is already being tracked.
L 04/05/2023 - 16:37:34: [CvarSettings] [c2m1_highway] Attempt to track ConVar sv_pure_kick_clients, which is already being tracked.
L 04/05/2023 - 16:37:34: [CvarSettings] [c2m1_highway] Could not find CVar specified (confogl_boss_unprohibit)
L 04/05/2023 - 16:37:34: [CvarSettings] [c2m1_highway] Attempt to track ConVar sm_max_lerp, which is already being tracked.
L 04/05/2023 - 23:17:37: [CvarSettings] [c2m1_highway] Could not find CVar specified (sv_pure)
L 04/05/2023 - 23:17:38: [CvarSettings] [c2m1_highway] Attempt to track ConVar sv_consistency, which is already being tracked.
L 04/05/2023 - 23:17:38: [CvarSettings] [c2m1_highway] Attempt to track ConVar sv_pure_kick_clients, which is already being tracked.
L 04/05/2023 - 23:17:38: [CvarSettings] [c2m1_highway] Could not find CVar specified (confogl_boss_unprohibit)
L 04/05/2023 - 23:17:38: [CvarSettings] [c2m1_highway] Attempt to track ConVar sm_max_lerp, which is already being tracked.
