L 02/05/2023 - 08:31:41: [CvarSettings] [c1m1_hotel] Could not find CVar specified (confogl_boss_unprohibit)
L 02/05/2023 - 08:39:15: [CvarSettings] [c2m1_highway] Could not find CVar specified (confogl_boss_unprohibit)
L 02/05/2023 - 08:45:06: [CvarSettings] [c2m1_highway] Could not find CVar specified (confogl_boss_unprohibit)
L 02/05/2023 - 08:51:14: [CvarSettings] [dw_woods] Could not find CVar specified (confogl_boss_unprohibit)
L 02/05/2023 - 08:59:01: [CvarSettings] [l4d2_orange01_city] Could not find CVar specified (confogl_boss_unprohibit)
L 02/05/2023 - 09:00:53: [CvarSettings] [c2m1_highway] Could not find CVar specified (confogl_boss_unprohibit)
L 02/05/2023 - 09:04:34: [CvarSettings] [l4d2_orange02_mountain] Could not find CVar specified (confogl_boss_unprohibit)
L 02/05/2023 - 09:09:35: [CvarSettings] [l4d2_stadium1_apartment] Could not find CVar specified (confogl_boss_unprohibit)
L 02/05/2023 - 09:46:34: [CvarSettings] [l4d2_stadium1_apartment] Could not find CVar specified (confogl_boss_unprohibit)
L 02/05/2023 - 09:57:12: [CvarSettings] [l4d2_stadium1_apartment] Could not find CVar specified (confogl_boss_unprohibit)
L 02/05/2023 - 09:59:02: [CvarSettings] [l4d2_stadium1_apartment] Could not find CVar specified (confogl_boss_unprohibit)
L 02/05/2023 - 10:26:25: [CvarSettings] [dw_woods] Could not find CVar specified (confogl_boss_unprohibit)
L 02/05/2023 - 11:51:26: [CvarSettings] [dw_woods] Could not find CVar specified (confogl_boss_unprohibit)
L 02/05/2023 - 11:54:41: [CvarSettings] [dw_woods] Could not find CVar specified (confogl_boss_unprohibit)
L 02/05/2023 - 12:07:46: [CvarSettings] [dw_woods] Could not find CVar specified (confogl_boss_unprohibit)
L 02/05/2023 - 12:15:06: [CvarSettings] [dw_woods] Could not find CVar specified (confogl_boss_unprohibit)
L 02/05/2023 - 12:17:14: [CvarSettings] [dw_woods] Could not find CVar specified (confogl_boss_unprohibit)
L 02/05/2023 - 12:28:10: [CvarSettings] [dw_woods] Could not find CVar specified (confogl_boss_unprohibit)
L 02/05/2023 - 17:25:13: [CvarSettings] [dw_woods] Could not find CVar specified (confogl_boss_unprohibit)
L 02/05/2023 - 17:28:21: [BossSpawning] [dw_woods] Failed to save a large number of tanks to the array. Count: 5, Max: 5
L 02/05/2023 - 18:05:25: [CvarSettings] [c2m1_highway] Could not find CVar specified (confogl_boss_unprohibit)
L 02/05/2023 - 18:28:56: [CvarSettings] [c2m1_highway] Could not find CVar specified (confogl_boss_unprohibit)
L 02/05/2023 - 18:43:08: [CvarSettings] [c2m1_highway] Could not find CVar specified (confogl_boss_unprohibit)
L 02/05/2023 - 18:46:32: [CvarSettings] [c2m1_highway] Could not find CVar specified (confogl_boss_unprohibit)
L 02/05/2023 - 18:54:52: [CvarSettings] [c2m1_highway] Could not find CVar specified (confogl_boss_unprohibit)
L 02/05/2023 - 18:56:06: [CvarSettings] [c2m1_highway] Could not find CVar specified (confogl_boss_unprohibit)
L 02/05/2023 - 19:07:18: [CvarSettings] [c2m1_highway] Could not find CVar specified (confogl_boss_unprohibit)
L 02/05/2023 - 19:11:40: [CvarSettings] [c2m1_highway] Could not find CVar specified (confogl_boss_unprohibit)
L 02/05/2023 - 19:13:05: [CvarSettings] [c2m1_highway] Could not find CVar specified (confogl_boss_unprohibit)
L 02/05/2023 - 19:14:40: [CvarSettings] [c2m1_highway] Could not find CVar specified (confogl_boss_unprohibit)
L 02/05/2023 - 19:17:33: [CvarSettings] [c2m1_highway] Could not find CVar specified (confogl_boss_unprohibit)
L 02/05/2023 - 19:18:40: [CvarSettings] [c2m1_highway] Could not find CVar specified (confogl_boss_unprohibit)
L 02/05/2023 - 19:23:47: [CvarSettings] [c2m1_highway] Could not find CVar specified (confogl_boss_unprohibit)
L 02/05/2023 - 19:25:17: [CvarSettings] [c2m1_highway] Could not find CVar specified (confogl_boss_unprohibit)
