L 02/19/2023 - 20:13:01: [CvarSettings] [c2m1_highway] Could not find CVar specified (sv_pure)
L 02/19/2023 - 20:13:01: [CvarSettings] [c2m1_highway] Attempt to track ConVar sv_consistency, which is already being tracked.
L 02/19/2023 - 20:13:01: [CvarSettings] [c2m1_highway] Attempt to track ConVar sv_pure_kick_clients, which is already being tracked.
L 02/19/2023 - 20:13:01: [CvarSettings] [c2m1_highway] Could not find CVar specified (confogl_boss_unprohibit)
L 02/19/2023 - 20:15:09: [CvarSettings] [c2m1_highway] Could not find CVar specified (sv_pure)
L 02/19/2023 - 20:15:09: [CvarSettings] [c2m1_highway] Attempt to track ConVar sv_consistency, which is already being tracked.
L 02/19/2023 - 20:15:09: [CvarSettings] [c2m1_highway] Attempt to track ConVar sv_pure_kick_clients, which is already being tracked.
L 02/19/2023 - 20:15:09: [CvarSettings] [c2m1_highway] Could not find CVar specified (confogl_boss_unprohibit)
L 02/19/2023 - 20:17:52: [CvarSettings] [c2m1_highway] Could not find CVar specified (sv_pure)
L 02/19/2023 - 20:17:52: [CvarSettings] [c2m1_highway] Attempt to track ConVar sv_consistency, which is already being tracked.
L 02/19/2023 - 20:17:52: [CvarSettings] [c2m1_highway] Attempt to track ConVar sv_pure_kick_clients, which is already being tracked.
L 02/19/2023 - 20:17:52: [CvarSettings] [c2m1_highway] Could not find CVar specified (confogl_boss_unprohibit)
L 02/19/2023 - 20:24:43: [CvarSettings] [c2m1_highway] Could not find CVar specified (sv_pure)
L 02/19/2023 - 20:24:44: [CvarSettings] [c2m1_highway] Attempt to track ConVar sv_consistency, which is already being tracked.
L 02/19/2023 - 20:24:44: [CvarSettings] [c2m1_highway] Attempt to track ConVar sv_pure_kick_clients, which is already being tracked.
L 02/19/2023 - 20:24:44: [CvarSettings] [c2m1_highway] Could not find CVar specified (confogl_boss_unprohibit)
L 02/19/2023 - 20:27:36: [CvarSettings] [c2m1_highway] Could not find CVar specified (sv_pure)
L 02/19/2023 - 20:27:36: [CvarSettings] [c2m1_highway] Attempt to track ConVar sv_consistency, which is already being tracked.
L 02/19/2023 - 20:27:36: [CvarSettings] [c2m1_highway] Attempt to track ConVar sv_pure_kick_clients, which is already being tracked.
L 02/19/2023 - 20:27:36: [CvarSettings] [c2m1_highway] Could not find CVar specified (confogl_boss_unprohibit)
L 02/19/2023 - 20:30:25: [CvarSettings] [c2m1_highway] Could not find CVar specified (sv_pure)
L 02/19/2023 - 20:30:25: [CvarSettings] [c2m1_highway] Attempt to track ConVar sv_consistency, which is already being tracked.
L 02/19/2023 - 20:30:25: [CvarSettings] [c2m1_highway] Attempt to track ConVar sv_pure_kick_clients, which is already being tracked.
L 02/19/2023 - 20:30:25: [CvarSettings] [c2m1_highway] Could not find CVar specified (confogl_boss_unprohibit)
L 02/19/2023 - 20:32:50: [CvarSettings] [c2m1_highway] Could not find CVar specified (sv_pure)
L 02/19/2023 - 20:32:51: [CvarSettings] [c2m1_highway] Attempt to track ConVar sv_consistency, which is already being tracked.
L 02/19/2023 - 20:32:51: [CvarSettings] [c2m1_highway] Attempt to track ConVar sv_pure_kick_clients, which is already being tracked.
L 02/19/2023 - 20:32:51: [CvarSettings] [c2m1_highway] Could not find CVar specified (confogl_boss_unprohibit)
L 02/19/2023 - 20:39:39: [CvarSettings] [c2m1_highway] Could not find CVar specified (sv_pure)
L 02/19/2023 - 20:39:40: [CvarSettings] [c2m1_highway] Attempt to track ConVar sv_consistency, which is already being tracked.
L 02/19/2023 - 20:39:40: [CvarSettings] [c2m1_highway] Attempt to track ConVar sv_pure_kick_clients, which is already being tracked.
L 02/19/2023 - 20:39:40: [CvarSettings] [c2m1_highway] Could not find CVar specified (confogl_boss_unprohibit)
L 02/19/2023 - 20:40:46: [CvarSettings] [c2m1_highway] Could not find CVar specified (sv_pure)
L 02/19/2023 - 20:40:46: [CvarSettings] [c2m1_highway] Attempt to track ConVar sv_consistency, which is already being tracked.
L 02/19/2023 - 20:40:46: [CvarSettings] [c2m1_highway] Attempt to track ConVar sv_pure_kick_clients, which is already being tracked.
L 02/19/2023 - 20:40:46: [CvarSettings] [c2m1_highway] Could not find CVar specified (confogl_boss_unprohibit)
L 02/19/2023 - 20:42:43: [CvarSettings] [c2m1_highway] Could not find CVar specified (sv_pure)
L 02/19/2023 - 20:42:43: [CvarSettings] [c2m1_highway] Attempt to track ConVar sv_consistency, which is already being tracked.
L 02/19/2023 - 20:42:43: [CvarSettings] [c2m1_highway] Attempt to track ConVar sv_pure_kick_clients, which is already being tracked.
L 02/19/2023 - 20:42:43: [CvarSettings] [c2m1_highway] Could not find CVar specified (confogl_boss_unprohibit)
L 02/19/2023 - 20:47:05: [CvarSettings] [c2m1_highway] Could not find CVar specified (sv_pure)
L 02/19/2023 - 20:47:05: [CvarSettings] [c2m1_highway] Attempt to track ConVar sv_consistency, which is already being tracked.
L 02/19/2023 - 20:47:05: [CvarSettings] [c2m1_highway] Attempt to track ConVar sv_pure_kick_clients, which is already being tracked.
L 02/19/2023 - 20:47:05: [CvarSettings] [c2m1_highway] Could not find CVar specified (confogl_boss_unprohibit)
L 02/19/2023 - 20:54:41: [CvarSettings] [c2m1_highway] Could not find CVar specified (sv_pure)
L 02/19/2023 - 20:54:41: [CvarSettings] [c2m1_highway] Attempt to track ConVar sv_consistency, which is already being tracked.
L 02/19/2023 - 20:54:41: [CvarSettings] [c2m1_highway] Attempt to track ConVar sv_pure_kick_clients, which is already being tracked.
L 02/19/2023 - 20:54:41: [CvarSettings] [c2m1_highway] Could not find CVar specified (confogl_boss_unprohibit)
L 02/19/2023 - 20:56:25: [CvarSettings] [c2m1_highway] Could not find CVar specified (sv_pure)
L 02/19/2023 - 20:56:25: [CvarSettings] [c2m1_highway] Attempt to track ConVar sv_consistency, which is already being tracked.
L 02/19/2023 - 20:56:25: [CvarSettings] [c2m1_highway] Attempt to track ConVar sv_pure_kick_clients, which is already being tracked.
L 02/19/2023 - 20:56:25: [CvarSettings] [c2m1_highway] Could not find CVar specified (confogl_boss_unprohibit)
L 02/19/2023 - 20:59:58: [CvarSettings] [c2m1_highway] Could not find CVar specified (sv_pure)
L 02/19/2023 - 20:59:58: [CvarSettings] [c2m1_highway] Attempt to track ConVar sv_consistency, which is already being tracked.
L 02/19/2023 - 20:59:58: [CvarSettings] [c2m1_highway] Attempt to track ConVar sv_pure_kick_clients, which is already being tracked.
L 02/19/2023 - 20:59:58: [CvarSettings] [c2m1_highway] Could not find CVar specified (confogl_boss_unprohibit)
L 02/19/2023 - 21:08:23: [CvarSettings] [c10m2_drainage] Could not find CVar specified (sv_pure)
L 02/19/2023 - 21:08:24: [CvarSettings] [c10m2_drainage] Attempt to track ConVar sv_consistency, which is already being tracked.
L 02/19/2023 - 21:08:24: [CvarSettings] [c10m2_drainage] Attempt to track ConVar sv_pure_kick_clients, which is already being tracked.
L 02/19/2023 - 21:08:24: [CvarSettings] [c10m2_drainage] Could not find CVar specified (confogl_boss_unprohibit)
L 02/19/2023 - 21:18:35: [CvarSettings] [c3m2_swamp] Could not find CVar specified (sv_pure)
L 02/19/2023 - 21:18:35: [CvarSettings] [c3m2_swamp] Attempt to track ConVar sv_consistency, which is already being tracked.
L 02/19/2023 - 21:18:35: [CvarSettings] [c3m2_swamp] Attempt to track ConVar sv_pure_kick_clients, which is already being tracked.
L 02/19/2023 - 21:18:35: [CvarSettings] [c3m2_swamp] Could not find CVar specified (confogl_boss_unprohibit)
L 02/19/2023 - 21:20:57: [CvarSettings] [c10m1_caves] Could not find CVar specified (sv_pure)
L 02/19/2023 - 21:20:57: [CvarSettings] [c10m1_caves] Attempt to track ConVar sv_consistency, which is already being tracked.
L 02/19/2023 - 21:20:57: [CvarSettings] [c10m1_caves] Attempt to track ConVar sv_pure_kick_clients, which is already being tracked.
L 02/19/2023 - 21:20:57: [CvarSettings] [c10m1_caves] Could not find CVar specified (confogl_boss_unprohibit)
L 02/19/2023 - 21:26:35: [CvarSettings] [c10m1_caves] Could not find CVar specified (sv_pure)
L 02/19/2023 - 21:26:36: [CvarSettings] [c10m1_caves] Attempt to track ConVar sv_consistency, which is already being tracked.
L 02/19/2023 - 21:26:36: [CvarSettings] [c10m1_caves] Attempt to track ConVar sv_pure_kick_clients, which is already being tracked.
L 02/19/2023 - 21:26:36: [CvarSettings] [c10m1_caves] Could not find CVar specified (confogl_boss_unprohibit)
L 02/19/2023 - 21:28:16: [BossSpawning] [c10m1_caves] Failed to save a large number of tanks to the array. Count: 5, Max: 5
L 02/19/2023 - 21:28:16: [BossSpawning] [c10m1_caves] Failed to save a large number of tanks to the array. Count: 5, Max: 5
L 02/19/2023 - 21:28:16: [BossSpawning] [c10m1_caves] Failed to save a large number of tanks to the array. Count: 5, Max: 5
L 02/19/2023 - 21:28:16: [BossSpawning] [c10m1_caves] Failed to save a large number of tanks to the array. Count: 5, Max: 5
L 02/19/2023 - 21:28:17: [BossSpawning] [c10m1_caves] Failed to save a large number of tanks to the array. Count: 5, Max: 5
L 02/19/2023 - 22:03:14: [CvarSettings] [c4m5_milltown_escape] Could not find CVar specified (sv_pure)
L 02/19/2023 - 22:03:15: [CvarSettings] [c4m5_milltown_escape] Attempt to track ConVar sv_consistency, which is already being tracked.
L 02/19/2023 - 22:03:15: [CvarSettings] [c4m5_milltown_escape] Attempt to track ConVar sv_pure_kick_clients, which is already being tracked.
L 02/19/2023 - 22:03:15: [CvarSettings] [c4m5_milltown_escape] Could not find CVar specified (confogl_boss_unprohibit)
L 02/19/2023 - 22:12:41: [CvarSettings] [c2m1_highway] Could not find CVar specified (sv_pure)
L 02/19/2023 - 22:12:41: [CvarSettings] [c2m1_highway] Attempt to track ConVar sv_consistency, which is already being tracked.
L 02/19/2023 - 22:12:41: [CvarSettings] [c2m1_highway] Attempt to track ConVar sv_pure_kick_clients, which is already being tracked.
L 02/19/2023 - 22:12:41: [CvarSettings] [c2m1_highway] Could not find CVar specified (confogl_boss_unprohibit)
L 02/19/2023 - 22:18:45: [CvarSettings] [c2m1_highway] Could not find CVar specified (sv_pure)
L 02/19/2023 - 22:18:45: [CvarSettings] [c2m1_highway] Attempt to track ConVar sv_consistency, which is already being tracked.
L 02/19/2023 - 22:18:45: [CvarSettings] [c2m1_highway] Attempt to track ConVar sv_pure_kick_clients, which is already being tracked.
L 02/19/2023 - 22:18:45: [CvarSettings] [c2m1_highway] Could not find CVar specified (confogl_boss_unprohibit)
L 02/19/2023 - 22:21:16: [CvarSettings] [c2m1_highway] Could not find CVar specified (sv_pure)
L 02/19/2023 - 22:21:17: [CvarSettings] [c2m1_highway] Attempt to track ConVar sv_consistency, which is already being tracked.
L 02/19/2023 - 22:21:17: [CvarSettings] [c2m1_highway] Attempt to track ConVar sv_pure_kick_clients, which is already being tracked.
L 02/19/2023 - 22:21:17: [CvarSettings] [c2m1_highway] Could not find CVar specified (confogl_boss_unprohibit)
L 02/19/2023 - 22:24:42: [CvarSettings] [c2m1_highway] Could not find CVar specified (sv_pure)
L 02/19/2023 - 22:24:42: [CvarSettings] [c2m1_highway] Attempt to track ConVar sv_consistency, which is already being tracked.
L 02/19/2023 - 22:24:42: [CvarSettings] [c2m1_highway] Attempt to track ConVar sv_pure_kick_clients, which is already being tracked.
L 02/19/2023 - 22:24:42: [CvarSettings] [c2m1_highway] Could not find CVar specified (confogl_boss_unprohibit)
L 02/19/2023 - 22:29:37: [CvarSettings] [c1m2_streets] Could not find CVar specified (sv_pure)
L 02/19/2023 - 22:29:37: [CvarSettings] [c1m2_streets] Attempt to track ConVar sv_consistency, which is already being tracked.
L 02/19/2023 - 22:29:37: [CvarSettings] [c1m2_streets] Attempt to track ConVar sv_pure_kick_clients, which is already being tracked.
L 02/19/2023 - 22:29:37: [CvarSettings] [c1m2_streets] Could not find CVar specified (confogl_boss_unprohibit)
