L 04/02/2023 - 11:32:26: [CvarSettings] [c2m1_highway] Could not find CVar specified (sv_pure)
L 04/02/2023 - 11:32:27: [CvarSettings] [c2m1_highway] Attempt to track ConVar sv_consistency, which is already being tracked.
L 04/02/2023 - 11:32:27: [CvarSettings] [c2m1_highway] Attempt to track ConVar sv_pure_kick_clients, which is already being tracked.
L 04/02/2023 - 11:32:27: [CvarSettings] [c2m1_highway] Could not find CVar specified (confogl_boss_unprohibit)
L 04/02/2023 - 11:32:27: [CvarSettings] [c2m1_highway] Attempt to track ConVar sm_max_lerp, which is already being tracked.
L 04/02/2023 - 11:35:24: [CvarSettings] [c2m1_highway] Could not find CVar specified (sv_pure)
L 04/02/2023 - 11:35:24: [CvarSettings] [c2m1_highway] Attempt to track ConVar sv_consistency, which is already being tracked.
L 04/02/2023 - 11:35:24: [CvarSettings] [c2m1_highway] Attempt to track ConVar sv_pure_kick_clients, which is already being tracked.
L 04/02/2023 - 11:35:24: [CvarSettings] [c2m1_highway] Could not find CVar specified (confogl_boss_unprohibit)
L 04/02/2023 - 11:35:24: [CvarSettings] [c2m1_highway] Attempt to track ConVar sm_max_lerp, which is already being tracked.
L 04/02/2023 - 14:28:22: [CvarSettings] [c2m1_highway] Could not find CVar specified (sv_pure)
L 04/02/2023 - 14:28:23: [CvarSettings] [c2m1_highway] Attempt to track ConVar sv_consistency, which is already being tracked.
L 04/02/2023 - 14:28:23: [CvarSettings] [c2m1_highway] Attempt to track ConVar sv_pure_kick_clients, which is already being tracked.
L 04/02/2023 - 14:28:23: [CvarSettings] [c2m1_highway] Could not find CVar specified (confogl_boss_unprohibit)
L 04/02/2023 - 14:28:23: [CvarSettings] [c2m1_highway] Attempt to track ConVar sm_max_lerp, which is already being tracked.
L 04/02/2023 - 15:01:00: [CvarSettings] [c2m1_highway] Could not find CVar specified (sv_pure)
L 04/02/2023 - 15:01:00: [CvarSettings] [c2m1_highway] Attempt to track ConVar sv_consistency, which is already being tracked.
L 04/02/2023 - 15:01:00: [CvarSettings] [c2m1_highway] Attempt to track ConVar sv_pure_kick_clients, which is already being tracked.
L 04/02/2023 - 15:01:00: [CvarSettings] [c2m1_highway] Could not find CVar specified (confogl_boss_unprohibit)
L 04/02/2023 - 15:01:00: [CvarSettings] [c2m1_highway] Attempt to track ConVar sm_max_lerp, which is already being tracked.
L 04/02/2023 - 15:11:38: [CvarSettings] [c2m1_highway] Could not find CVar specified (sv_pure)
L 04/02/2023 - 15:11:38: [CvarSettings] [c2m1_highway] Attempt to track ConVar sv_consistency, which is already being tracked.
L 04/02/2023 - 15:11:38: [CvarSettings] [c2m1_highway] Attempt to track ConVar sv_pure_kick_clients, which is already being tracked.
L 04/02/2023 - 15:11:38: [CvarSettings] [c2m1_highway] Could not find CVar specified (confogl_boss_unprohibit)
L 04/02/2023 - 15:11:38: [CvarSettings] [c2m1_highway] Attempt to track ConVar sm_max_lerp, which is already being tracked.
L 04/02/2023 - 16:35:32: [CvarSettings] [c2m1_highway] Could not find CVar specified (sv_pure)
L 04/02/2023 - 16:35:33: [CvarSettings] [c2m1_highway] Attempt to track ConVar sv_consistency, which is already being tracked.
L 04/02/2023 - 16:35:33: [CvarSettings] [c2m1_highway] Attempt to track ConVar sv_pure_kick_clients, which is already being tracked.
L 04/02/2023 - 16:35:33: [CvarSettings] [c2m1_highway] Could not find CVar specified (confogl_boss_unprohibit)
L 04/02/2023 - 16:35:33: [CvarSettings] [c2m1_highway] Attempt to track ConVar sm_max_lerp, which is already being tracked.
L 04/02/2023 - 16:36:37: [CvarSettings] [c2m1_highway] Could not find CVar specified (sv_pure)
L 04/02/2023 - 16:36:38: [CvarSettings] [c2m1_highway] Attempt to track ConVar sv_consistency, which is already being tracked.
L 04/02/2023 - 16:36:38: [CvarSettings] [c2m1_highway] Attempt to track ConVar sv_pure_kick_clients, which is already being tracked.
L 04/02/2023 - 16:36:38: [CvarSettings] [c2m1_highway] Could not find CVar specified (confogl_boss_unprohibit)
L 04/02/2023 - 16:36:38: [CvarSettings] [c2m1_highway] Attempt to track ConVar sm_max_lerp, which is already being tracked.
L 04/02/2023 - 21:24:42: [CvarSettings] [c2m1_highway] Could not find CVar specified (sv_pure)
L 04/02/2023 - 21:24:43: [CvarSettings] [c2m1_highway] Attempt to track ConVar sv_consistency, which is already being tracked.
L 04/02/2023 - 21:24:43: [CvarSettings] [c2m1_highway] Attempt to track ConVar sv_pure_kick_clients, which is already being tracked.
L 04/02/2023 - 21:24:43: [CvarSettings] [c2m1_highway] Could not find CVar specified (confogl_boss_unprohibit)
L 04/02/2023 - 21:24:43: [CvarSettings] [c2m1_highway] Attempt to track ConVar sm_max_lerp, which is already being tracked.
