L 04/06/2023 - 13:15:26: [CvarSettings] [c2m1_highway] Could not find CVar specified (sv_pure)
L 04/06/2023 - 13:15:26: [CvarSettings] [c2m1_highway] Attempt to track ConVar sv_consistency, which is already being tracked.
L 04/06/2023 - 13:15:26: [CvarSettings] [c2m1_highway] Attempt to track ConVar sv_pure_kick_clients, which is already being tracked.
L 04/06/2023 - 13:15:26: [CvarSettings] [c2m1_highway] Could not find CVar specified (confogl_boss_unprohibit)
L 04/06/2023 - 13:15:26: [CvarSettings] [c2m1_highway] Attempt to track ConVar sm_max_lerp, which is already being tracked.
L 04/06/2023 - 13:28:33: [CvarSettings] [c2m1_highway] Could not find CVar specified (sv_pure)
L 04/06/2023 - 13:28:34: [CvarSettings] [c2m1_highway] Attempt to track ConVar sv_consistency, which is already being tracked.
L 04/06/2023 - 13:28:34: [CvarSettings] [c2m1_highway] Attempt to track ConVar sv_pure_kick_clients, which is already being tracked.
L 04/06/2023 - 13:28:34: [CvarSettings] [c2m1_highway] Could not find CVar specified (confogl_boss_unprohibit)
L 04/06/2023 - 13:28:34: [CvarSettings] [c2m1_highway] Attempt to track ConVar sm_max_lerp, which is already being tracked.
L 04/06/2023 - 16:33:23: [CvarSettings] [c2m1_highway] Could not find CVar specified (sv_pure)
L 04/06/2023 - 16:33:23: [CvarSettings] [c2m1_highway] Attempt to track ConVar sv_consistency, which is already being tracked.
L 04/06/2023 - 16:33:23: [CvarSettings] [c2m1_highway] Attempt to track ConVar sv_pure_kick_clients, which is already being tracked.
L 04/06/2023 - 16:33:23: [CvarSettings] [c2m1_highway] Could not find CVar specified (confogl_boss_unprohibit)
L 04/06/2023 - 16:33:23: [CvarSettings] [c2m1_highway] Attempt to track ConVar sm_max_lerp, which is already being tracked.
L 04/06/2023 - 17:36:54: [CvarSettings] [c2m1_highway] Could not find CVar specified (sv_pure)
L 04/06/2023 - 17:36:55: [CvarSettings] [c2m1_highway] Attempt to track ConVar sv_consistency, which is already being tracked.
L 04/06/2023 - 17:36:55: [CvarSettings] [c2m1_highway] Attempt to track ConVar sv_pure_kick_clients, which is already being tracked.
L 04/06/2023 - 17:36:55: [CvarSettings] [c2m1_highway] Could not find CVar specified (confogl_boss_unprohibit)
L 04/06/2023 - 17:36:55: [CvarSettings] [c2m1_highway] Attempt to track ConVar sm_max_lerp, which is already being tracked.
L 04/06/2023 - 17:51:45: [CvarSettings] [c2m1_highway] Could not find CVar specified (sv_pure)
L 04/06/2023 - 17:51:45: [CvarSettings] [c2m1_highway] Attempt to track ConVar sv_consistency, which is already being tracked.
L 04/06/2023 - 17:51:45: [CvarSettings] [c2m1_highway] Attempt to track ConVar sv_pure_kick_clients, which is already being tracked.
L 04/06/2023 - 17:51:45: [CvarSettings] [c2m1_highway] Could not find CVar specified (confogl_boss_unprohibit)
L 04/06/2023 - 17:51:45: [CvarSettings] [c2m1_highway] Attempt to track ConVar sm_max_lerp, which is already being tracked.
L 04/06/2023 - 20:58:01: [CvarSettings] [c2m1_highway] Could not find CVar specified (sv_pure)
L 04/06/2023 - 20:58:01: [CvarSettings] [c2m1_highway] Attempt to track ConVar sv_consistency, which is already being tracked.
L 04/06/2023 - 20:58:01: [CvarSettings] [c2m1_highway] Attempt to track ConVar sv_pure_kick_clients, which is already being tracked.
L 04/06/2023 - 20:58:01: [CvarSettings] [c2m1_highway] Could not find CVar specified (confogl_boss_unprohibit)
L 04/06/2023 - 20:58:02: [CvarSettings] [c2m1_highway] Attempt to track ConVar sm_max_lerp, which is already being tracked.
L 04/06/2023 - 21:15:58: [CvarSettings] [c2m1_highway] Could not find CVar specified (sv_pure)
L 04/06/2023 - 21:15:59: [CvarSettings] [c2m1_highway] Attempt to track ConVar sv_consistency, which is already being tracked.
L 04/06/2023 - 21:15:59: [CvarSettings] [c2m1_highway] Attempt to track ConVar sv_pure_kick_clients, which is already being tracked.
L 04/06/2023 - 21:15:59: [CvarSettings] [c2m1_highway] Could not find CVar specified (confogl_boss_unprohibit)
L 04/06/2023 - 21:15:59: [CvarSettings] [c2m1_highway] Attempt to track ConVar sm_max_lerp, which is already being tracked.
L 04/06/2023 - 21:23:27: [CvarSettings] [c2m1_highway] Could not find CVar specified (sv_pure)
L 04/06/2023 - 21:23:28: [CvarSettings] [c2m1_highway] Attempt to track ConVar sv_consistency, which is already being tracked.
L 04/06/2023 - 21:23:28: [CvarSettings] [c2m1_highway] Attempt to track ConVar sv_pure_kick_clients, which is already being tracked.
L 04/06/2023 - 21:23:28: [CvarSettings] [c2m1_highway] Could not find CVar specified (confogl_boss_unprohibit)
L 04/06/2023 - 21:23:28: [CvarSettings] [c2m1_highway] Attempt to track ConVar sm_max_lerp, which is already being tracked.
L 04/06/2023 - 21:25:18: [CvarSettings] [c2m1_highway] Could not find CVar specified (sv_pure)
L 04/06/2023 - 21:25:19: [CvarSettings] [c2m1_highway] Attempt to track ConVar sv_consistency, which is already being tracked.
L 04/06/2023 - 21:25:19: [CvarSettings] [c2m1_highway] Attempt to track ConVar sv_pure_kick_clients, which is already being tracked.
L 04/06/2023 - 21:25:19: [CvarSettings] [c2m1_highway] Could not find CVar specified (confogl_boss_unprohibit)
L 04/06/2023 - 21:25:19: [CvarSettings] [c2m1_highway] Attempt to track ConVar sm_max_lerp, which is already being tracked.
L 04/06/2023 - 21:27:09: [CvarSettings] [c2m1_highway] Could not find CVar specified (sv_pure)
L 04/06/2023 - 21:27:10: [CvarSettings] [c2m1_highway] Attempt to track ConVar sv_consistency, which is already being tracked.
L 04/06/2023 - 21:27:10: [CvarSettings] [c2m1_highway] Attempt to track ConVar sv_pure_kick_clients, which is already being tracked.
L 04/06/2023 - 21:27:10: [CvarSettings] [c2m1_highway] Could not find CVar specified (confogl_boss_unprohibit)
L 04/06/2023 - 21:27:10: [CvarSettings] [c2m1_highway] Attempt to track ConVar sm_max_lerp, which is already being tracked.
L 04/06/2023 - 21:29:55: [CvarSettings] [c2m1_highway] Could not find CVar specified (sv_pure)
L 04/06/2023 - 21:29:55: [CvarSettings] [c2m1_highway] Attempt to track ConVar sv_consistency, which is already being tracked.
L 04/06/2023 - 21:29:55: [CvarSettings] [c2m1_highway] Attempt to track ConVar sv_pure_kick_clients, which is already being tracked.
L 04/06/2023 - 21:29:55: [CvarSettings] [c2m1_highway] Could not find CVar specified (confogl_boss_unprohibit)
L 04/06/2023 - 21:29:55: [CvarSettings] [c2m1_highway] Attempt to track ConVar sm_max_lerp, which is already being tracked.
L 04/06/2023 - 21:31:20: [CvarSettings] [c2m1_highway] Could not find CVar specified (sv_pure)
L 04/06/2023 - 21:31:21: [CvarSettings] [c2m1_highway] Attempt to track ConVar sv_consistency, which is already being tracked.
L 04/06/2023 - 21:31:21: [CvarSettings] [c2m1_highway] Attempt to track ConVar sv_pure_kick_clients, which is already being tracked.
L 04/06/2023 - 21:31:21: [CvarSettings] [c2m1_highway] Could not find CVar specified (confogl_boss_unprohibit)
L 04/06/2023 - 21:31:21: [CvarSettings] [c2m1_highway] Attempt to track ConVar sm_max_lerp, which is already being tracked.
L 04/06/2023 - 21:47:39: [CvarSettings] [c2m1_highway] Could not find CVar specified (sv_pure)
L 04/06/2023 - 21:47:40: [CvarSettings] [c2m1_highway] Attempt to track ConVar sv_consistency, which is already being tracked.
L 04/06/2023 - 21:47:40: [CvarSettings] [c2m1_highway] Attempt to track ConVar sv_pure_kick_clients, which is already being tracked.
L 04/06/2023 - 21:47:40: [CvarSettings] [c2m1_highway] Could not find CVar specified (confogl_boss_unprohibit)
L 04/06/2023 - 21:47:40: [CvarSettings] [c2m1_highway] Attempt to track ConVar sm_max_lerp, which is already being tracked.
L 04/06/2023 - 22:12:20: [CvarSettings] [c2m1_highway] Could not find CVar specified (sv_pure)
L 04/06/2023 - 22:12:20: [CvarSettings] [c2m1_highway] Attempt to track ConVar sv_consistency, which is already being tracked.
L 04/06/2023 - 22:12:20: [CvarSettings] [c2m1_highway] Attempt to track ConVar sv_pure_kick_clients, which is already being tracked.
L 04/06/2023 - 22:12:20: [CvarSettings] [c2m1_highway] Could not find CVar specified (confogl_boss_unprohibit)
L 04/06/2023 - 22:12:20: [CvarSettings] [c2m1_highway] Attempt to track ConVar sm_max_lerp, which is already being tracked.
