L 03/17/2023 - 00:34:04: [CvarSettings] [c2m1_highway] Could not find CVar specified (sv_pure)
L 03/17/2023 - 00:34:05: [CvarSettings] [c2m1_highway] Attempt to track ConVar sv_consistency, which is already being tracked.
L 03/17/2023 - 00:34:05: [CvarSettings] [c2m1_highway] Attempt to track ConVar sv_pure_kick_clients, which is already being tracked.
L 03/17/2023 - 00:34:05: [CvarSettings] [c2m1_highway] Could not find CVar specified (confogl_boss_unprohibit)
L 03/17/2023 - 00:34:05: [CvarSettings] [c2m1_highway] Attempt to track ConVar sm_max_lerp, which is already being tracked.
L 03/17/2023 - 07:33:12: [CvarSettings] [c2m1_highway] Could not find CVar specified (sv_pure)
L 03/17/2023 - 07:33:13: [CvarSettings] [c2m1_highway] Attempt to track ConVar sv_consistency, which is already being tracked.
L 03/17/2023 - 07:33:13: [CvarSettings] [c2m1_highway] Attempt to track ConVar sv_pure_kick_clients, which is already being tracked.
L 03/17/2023 - 07:33:13: [CvarSettings] [c2m1_highway] Could not find CVar specified (confogl_boss_unprohibit)
L 03/17/2023 - 07:33:13: [CvarSettings] [c2m1_highway] Attempt to track ConVar sm_max_lerp, which is already being tracked.
L 03/17/2023 - 08:52:41: [CvarSettings] [c2m1_highway] Could not find CVar specified (sv_pure)
L 03/17/2023 - 08:52:42: [CvarSettings] [c2m1_highway] Attempt to track ConVar sv_consistency, which is already being tracked.
L 03/17/2023 - 08:52:42: [CvarSettings] [c2m1_highway] Attempt to track ConVar sv_pure_kick_clients, which is already being tracked.
L 03/17/2023 - 08:52:42: [CvarSettings] [c2m1_highway] Could not find CVar specified (confogl_boss_unprohibit)
L 03/17/2023 - 08:52:42: [CvarSettings] [c2m1_highway] Attempt to track ConVar sm_max_lerp, which is already being tracked.
L 03/17/2023 - 08:54:00: [CvarSettings] [c2m1_highway] Could not find CVar specified (sv_pure)
L 03/17/2023 - 08:54:01: [CvarSettings] [c2m1_highway] Attempt to track ConVar sv_consistency, which is already being tracked.
L 03/17/2023 - 08:54:01: [CvarSettings] [c2m1_highway] Attempt to track ConVar sv_pure_kick_clients, which is already being tracked.
L 03/17/2023 - 08:54:01: [CvarSettings] [c2m1_highway] Could not find CVar specified (confogl_boss_unprohibit)
L 03/17/2023 - 08:54:01: [CvarSettings] [c2m1_highway] Attempt to track ConVar sm_max_lerp, which is already being tracked.
L 03/17/2023 - 09:15:42: [CvarSettings] [c2m1_highway] Could not find CVar specified (sv_pure)
L 03/17/2023 - 09:15:43: [CvarSettings] [c2m1_highway] Attempt to track ConVar sv_consistency, which is already being tracked.
L 03/17/2023 - 09:15:43: [CvarSettings] [c2m1_highway] Attempt to track ConVar sv_pure_kick_clients, which is already being tracked.
L 03/17/2023 - 09:15:43: [CvarSettings] [c2m1_highway] Could not find CVar specified (confogl_boss_unprohibit)
L 03/17/2023 - 09:15:43: [CvarSettings] [c2m1_highway] Attempt to track ConVar sm_max_lerp, which is already being tracked.
L 03/17/2023 - 11:44:21: [CvarSettings] [c2m1_highway] Could not find CVar specified (sv_pure)
L 03/17/2023 - 11:44:22: [CvarSettings] [c2m1_highway] Attempt to track ConVar sv_consistency, which is already being tracked.
L 03/17/2023 - 11:44:22: [CvarSettings] [c2m1_highway] Attempt to track ConVar sv_pure_kick_clients, which is already being tracked.
L 03/17/2023 - 11:44:22: [CvarSettings] [c2m1_highway] Could not find CVar specified (confogl_boss_unprohibit)
L 03/17/2023 - 11:44:22: [CvarSettings] [c2m1_highway] Attempt to track ConVar sm_max_lerp, which is already being tracked.
L 03/17/2023 - 12:00:11: [CvarSettings] [c2m1_highway] Could not find CVar specified (sv_pure)
L 03/17/2023 - 12:00:11: [CvarSettings] [c2m1_highway] Attempt to track ConVar sv_consistency, which is already being tracked.
L 03/17/2023 - 12:00:11: [CvarSettings] [c2m1_highway] Attempt to track ConVar sv_pure_kick_clients, which is already being tracked.
L 03/17/2023 - 12:00:11: [CvarSettings] [c2m1_highway] Could not find CVar specified (confogl_boss_unprohibit)
L 03/17/2023 - 12:00:11: [CvarSettings] [c2m1_highway] Attempt to track ConVar sm_max_lerp, which is already being tracked.
L 03/17/2023 - 12:43:40: [CvarSettings] [c2m1_highway] Could not find CVar specified (sv_pure)
L 03/17/2023 - 12:43:41: [CvarSettings] [c2m1_highway] Attempt to track ConVar sv_consistency, which is already being tracked.
L 03/17/2023 - 12:43:41: [CvarSettings] [c2m1_highway] Attempt to track ConVar sv_pure_kick_clients, which is already being tracked.
L 03/17/2023 - 12:43:41: [CvarSettings] [c2m1_highway] Could not find CVar specified (confogl_boss_unprohibit)
L 03/17/2023 - 12:43:41: [CvarSettings] [c2m1_highway] Attempt to track ConVar sm_max_lerp, which is already being tracked.
L 03/17/2023 - 18:07:13: [CvarSettings] [c2m1_highway] Could not find CVar specified (sv_pure)
L 03/17/2023 - 18:07:14: [CvarSettings] [c2m1_highway] Attempt to track ConVar sv_consistency, which is already being tracked.
L 03/17/2023 - 18:07:14: [CvarSettings] [c2m1_highway] Attempt to track ConVar sv_pure_kick_clients, which is already being tracked.
L 03/17/2023 - 18:07:14: [CvarSettings] [c2m1_highway] Could not find CVar specified (confogl_boss_unprohibit)
L 03/17/2023 - 18:07:14: [CvarSettings] [c2m1_highway] Attempt to track ConVar sm_max_lerp, which is already being tracked.
L 03/17/2023 - 20:50:43: [CvarSettings] [c2m1_highway] Could not find CVar specified (sv_pure)
L 03/17/2023 - 20:50:43: [CvarSettings] [c2m1_highway] Attempt to track ConVar sv_consistency, which is already being tracked.
L 03/17/2023 - 20:50:43: [CvarSettings] [c2m1_highway] Attempt to track ConVar sv_pure_kick_clients, which is already being tracked.
L 03/17/2023 - 20:50:43: [CvarSettings] [c2m1_highway] Could not find CVar specified (confogl_boss_unprohibit)
L 03/17/2023 - 20:50:43: [CvarSettings] [c2m1_highway] Attempt to track ConVar sm_max_lerp, which is already being tracked.
L 03/17/2023 - 22:19:17: [CvarSettings] [c5m2_park] Could not find CVar specified (sv_pure)
L 03/17/2023 - 22:19:18: [CvarSettings] [c5m2_park] Attempt to track ConVar sv_consistency, which is already being tracked.
L 03/17/2023 - 22:19:18: [CvarSettings] [c5m2_park] Attempt to track ConVar sv_pure_kick_clients, which is already being tracked.
L 03/17/2023 - 22:19:18: [CvarSettings] [c5m2_park] Could not find CVar specified (confogl_boss_unprohibit)
L 03/17/2023 - 22:19:18: [CvarSettings] [c5m2_park] Attempt to track ConVar sm_max_lerp, which is already being tracked.
L 03/17/2023 - 22:26:09: [CvarSettings] [c2m1_highway] Could not find CVar specified (sv_pure)
L 03/17/2023 - 22:26:09: [CvarSettings] [c2m1_highway] Attempt to track ConVar sv_consistency, which is already being tracked.
L 03/17/2023 - 22:26:09: [CvarSettings] [c2m1_highway] Attempt to track ConVar sv_pure_kick_clients, which is already being tracked.
L 03/17/2023 - 22:26:09: [CvarSettings] [c2m1_highway] Could not find CVar specified (confogl_boss_unprohibit)
L 03/17/2023 - 22:26:09: [CvarSettings] [c2m1_highway] Attempt to track ConVar sm_max_lerp, which is already being tracked.
L 03/17/2023 - 23:18:28: [CvarSettings] [c2m1_highway] Could not find CVar specified (sv_pure)
L 03/17/2023 - 23:18:29: [CvarSettings] [c2m1_highway] Attempt to track ConVar sv_consistency, which is already being tracked.
L 03/17/2023 - 23:18:29: [CvarSettings] [c2m1_highway] Attempt to track ConVar sv_pure_kick_clients, which is already being tracked.
L 03/17/2023 - 23:18:29: [CvarSettings] [c2m1_highway] Could not find CVar specified (confogl_boss_unprohibit)
L 03/17/2023 - 23:18:29: [CvarSettings] [c2m1_highway] Attempt to track ConVar sm_max_lerp, which is already being tracked.
