L 03/19/2023 - 05:57:18: [CvarSettings] [c2m1_highway] Could not find CVar specified (sv_pure)
L 03/19/2023 - 05:57:18: [CvarSettings] [c2m1_highway] Attempt to track ConVar sv_consistency, which is already being tracked.
L 03/19/2023 - 05:57:18: [CvarSettings] [c2m1_highway] Attempt to track ConVar sv_pure_kick_clients, which is already being tracked.
L 03/19/2023 - 05:57:18: [CvarSettings] [c2m1_highway] Could not find CVar specified (confogl_boss_unprohibit)
L 03/19/2023 - 05:57:18: [CvarSettings] [c2m1_highway] Attempt to track ConVar sm_max_lerp, which is already being tracked.
L 03/19/2023 - 13:30:06: [CvarSettings] [hf01_theforest] Could not find CVar specified (sv_pure)
L 03/19/2023 - 13:30:06: [CvarSettings] [hf01_theforest] Attempt to track ConVar sv_consistency, which is already being tracked.
L 03/19/2023 - 13:30:06: [CvarSettings] [hf01_theforest] Attempt to track ConVar sv_pure_kick_clients, which is already being tracked.
L 03/19/2023 - 13:30:06: [CvarSettings] [hf01_theforest] Could not find CVar specified (confogl_boss_unprohibit)
L 03/19/2023 - 13:30:06: [CvarSettings] [hf01_theforest] Attempt to track ConVar sm_max_lerp, which is already being tracked.
L 03/19/2023 - 13:30:59: [CvarSettings] [c2m1_highway] Could not find CVar specified (sv_pure)
L 03/19/2023 - 13:30:59: [CvarSettings] [c2m1_highway] Attempt to track ConVar sv_consistency, which is already being tracked.
L 03/19/2023 - 13:30:59: [CvarSettings] [c2m1_highway] Attempt to track ConVar sv_pure_kick_clients, which is already being tracked.
L 03/19/2023 - 13:30:59: [CvarSettings] [c2m1_highway] Could not find CVar specified (confogl_boss_unprohibit)
L 03/19/2023 - 13:30:59: [CvarSettings] [c2m1_highway] Attempt to track ConVar sm_max_lerp, which is already being tracked.
L 03/19/2023 - 15:40:28: [CvarSettings] [c2m1_highway] Could not find CVar specified (sv_pure)
L 03/19/2023 - 15:40:29: [CvarSettings] [c2m1_highway] Attempt to track ConVar sv_consistency, which is already being tracked.
L 03/19/2023 - 15:40:29: [CvarSettings] [c2m1_highway] Attempt to track ConVar sv_pure_kick_clients, which is already being tracked.
L 03/19/2023 - 15:40:29: [CvarSettings] [c2m1_highway] Could not find CVar specified (confogl_boss_unprohibit)
L 03/19/2023 - 15:40:29: [CvarSettings] [c2m1_highway] Attempt to track ConVar sm_max_lerp, which is already being tracked.
L 03/19/2023 - 17:03:27: [CvarSettings] [c2m1_highway] Could not find CVar specified (sv_pure)
L 03/19/2023 - 17:03:28: [CvarSettings] [c2m1_highway] Attempt to track ConVar sv_consistency, which is already being tracked.
L 03/19/2023 - 17:03:28: [CvarSettings] [c2m1_highway] Attempt to track ConVar sv_pure_kick_clients, which is already being tracked.
L 03/19/2023 - 17:03:28: [CvarSettings] [c2m1_highway] Could not find CVar specified (confogl_boss_unprohibit)
L 03/19/2023 - 17:03:28: [CvarSettings] [c2m1_highway] Attempt to track ConVar sm_max_lerp, which is already being tracked.
L 03/19/2023 - 17:59:22: [CvarSettings] [c2m1_highway] Could not find CVar specified (sv_pure)
L 03/19/2023 - 17:59:23: [CvarSettings] [c2m1_highway] Attempt to track ConVar sv_consistency, which is already being tracked.
L 03/19/2023 - 17:59:23: [CvarSettings] [c2m1_highway] Attempt to track ConVar sv_pure_kick_clients, which is already being tracked.
L 03/19/2023 - 17:59:23: [CvarSettings] [c2m1_highway] Could not find CVar specified (confogl_boss_unprohibit)
L 03/19/2023 - 17:59:23: [CvarSettings] [c2m1_highway] Attempt to track ConVar sm_max_lerp, which is already being tracked.
L 03/19/2023 - 19:25:25: [CvarSettings] [c2m1_highway] Could not find CVar specified (sv_pure)
L 03/19/2023 - 19:25:26: [CvarSettings] [c2m1_highway] Attempt to track ConVar sv_consistency, which is already being tracked.
L 03/19/2023 - 19:25:26: [CvarSettings] [c2m1_highway] Attempt to track ConVar sv_pure_kick_clients, which is already being tracked.
L 03/19/2023 - 19:25:26: [CvarSettings] [c2m1_highway] Could not find CVar specified (confogl_boss_unprohibit)
L 03/19/2023 - 19:25:26: [CvarSettings] [c2m1_highway] Attempt to track ConVar sm_max_lerp, which is already being tracked.
L 03/19/2023 - 20:14:48: [CvarSettings] [c2m1_highway] Could not find CVar specified (sv_pure)
L 03/19/2023 - 20:14:49: [CvarSettings] [c2m1_highway] Attempt to track ConVar sv_consistency, which is already being tracked.
L 03/19/2023 - 20:14:49: [CvarSettings] [c2m1_highway] Attempt to track ConVar sv_pure_kick_clients, which is already being tracked.
L 03/19/2023 - 20:14:49: [CvarSettings] [c2m1_highway] Could not find CVar specified (confogl_boss_unprohibit)
L 03/19/2023 - 20:14:49: [CvarSettings] [c2m1_highway] Attempt to track ConVar sm_max_lerp, which is already being tracked.
L 03/19/2023 - 21:02:10: [CvarSettings] [c2m1_highway] Could not find CVar specified (sv_pure)
L 03/19/2023 - 21:02:11: [CvarSettings] [c2m1_highway] Attempt to track ConVar sv_consistency, which is already being tracked.
L 03/19/2023 - 21:02:11: [CvarSettings] [c2m1_highway] Attempt to track ConVar sv_pure_kick_clients, which is already being tracked.
L 03/19/2023 - 21:02:11: [CvarSettings] [c2m1_highway] Could not find CVar specified (confogl_boss_unprohibit)
L 03/19/2023 - 21:02:11: [CvarSettings] [c2m1_highway] Attempt to track ConVar sm_max_lerp, which is already being tracked.
L 03/19/2023 - 23:57:03: [CvarSettings] [l4d_dbd2dc_anna_is_gone] Could not find CVar specified (sv_pure)
L 03/19/2023 - 23:57:04: [CvarSettings] [l4d_dbd2dc_anna_is_gone] Attempt to track ConVar sv_consistency, which is already being tracked.
L 03/19/2023 - 23:57:04: [CvarSettings] [l4d_dbd2dc_anna_is_gone] Attempt to track ConVar sv_pure_kick_clients, which is already being tracked.
L 03/19/2023 - 23:57:04: [CvarSettings] [l4d_dbd2dc_anna_is_gone] Could not find CVar specified (confogl_boss_unprohibit)
L 03/19/2023 - 23:57:04: [CvarSettings] [l4d_dbd2dc_anna_is_gone] Attempt to track ConVar sm_max_lerp, which is already being tracked.
