L 03/09/2023 - 08:41:54: [CvarSettings] [c2m1_highway] Could not find CVar specified (sv_pure)
L 03/09/2023 - 08:41:55: [CvarSettings] [c2m1_highway] Attempt to track ConVar sv_consistency, which is already being tracked.
L 03/09/2023 - 08:41:55: [CvarSettings] [c2m1_highway] Attempt to track ConVar sv_pure_kick_clients, which is already being tracked.
L 03/09/2023 - 08:41:55: [CvarSettings] [c2m1_highway] Could not find CVar specified (confogl_boss_unprohibit)
L 03/09/2023 - 08:51:57: [CvarSettings] [c2m1_highway] Could not find CVar specified (sv_pure)
L 03/09/2023 - 08:51:57: [CvarSettings] [c2m1_highway] Attempt to track ConVar sv_consistency, which is already being tracked.
L 03/09/2023 - 08:51:57: [CvarSettings] [c2m1_highway] Attempt to track ConVar sv_pure_kick_clients, which is already being tracked.
L 03/09/2023 - 08:51:57: [CvarSettings] [c2m1_highway] Could not find CVar specified (confogl_boss_unprohibit)
L 03/09/2023 - 20:23:15: [CvarSettings] [c2m1_highway] Could not find CVar specified (sv_pure)
L 03/09/2023 - 20:23:16: [CvarSettings] [c2m1_highway] Attempt to track ConVar sv_consistency, which is already being tracked.
L 03/09/2023 - 20:23:16: [CvarSettings] [c2m1_highway] Attempt to track ConVar sv_pure_kick_clients, which is already being tracked.
L 03/09/2023 - 20:23:16: [CvarSettings] [c2m1_highway] Could not find CVar specified (confogl_boss_unprohibit)
L 03/09/2023 - 20:24:01: [CvarSettings] [c2m1_highway] Could not find CVar specified (sv_pure)
L 03/09/2023 - 20:24:01: [CvarSettings] [c2m1_highway] Attempt to track ConVar sv_consistency, which is already being tracked.
L 03/09/2023 - 20:24:01: [CvarSettings] [c2m1_highway] Attempt to track ConVar sv_pure_kick_clients, which is already being tracked.
L 03/09/2023 - 20:24:01: [CvarSettings] [c2m1_highway] Could not find CVar specified (confogl_boss_unprohibit)
L 03/09/2023 - 20:26:23: [CvarSettings] [c2m1_highway] Could not find CVar specified (sv_pure)
L 03/09/2023 - 20:26:24: [CvarSettings] [c2m1_highway] Attempt to track ConVar sv_consistency, which is already being tracked.
L 03/09/2023 - 20:26:24: [CvarSettings] [c2m1_highway] Attempt to track ConVar sv_pure_kick_clients, which is already being tracked.
L 03/09/2023 - 20:26:24: [CvarSettings] [c2m1_highway] Could not find CVar specified (confogl_boss_unprohibit)
L 03/09/2023 - 20:41:21: [CvarSettings] [c2m3_coaster] Could not find CVar specified (sv_pure)
L 03/09/2023 - 20:41:21: [CvarSettings] [c2m3_coaster] Attempt to track ConVar sv_consistency, which is already being tracked.
L 03/09/2023 - 20:41:21: [CvarSettings] [c2m3_coaster] Attempt to track ConVar sv_pure_kick_clients, which is already being tracked.
L 03/09/2023 - 20:41:21: [CvarSettings] [c2m3_coaster] Could not find CVar specified (confogl_boss_unprohibit)
