L 03/29/2023 - 01:17:52: [CvarSettings] [c2m1_highway] Could not find CVar specified (sv_pure)
L 03/29/2023 - 01:17:52: [CvarSettings] [c2m1_highway] Attempt to track ConVar sv_consistency, which is already being tracked.
L 03/29/2023 - 01:17:52: [CvarSettings] [c2m1_highway] Attempt to track ConVar sv_pure_kick_clients, which is already being tracked.
L 03/29/2023 - 01:17:52: [CvarSettings] [c2m1_highway] Could not find CVar specified (confogl_boss_unprohibit)
L 03/29/2023 - 01:17:52: [CvarSettings] [c2m1_highway] Attempt to track ConVar sm_max_lerp, which is already being tracked.
L 03/29/2023 - 12:45:00: [CvarSettings] [c2m1_highway] Could not find CVar specified (sv_pure)
L 03/29/2023 - 12:45:01: [CvarSettings] [c2m1_highway] Attempt to track ConVar sv_consistency, which is already being tracked.
L 03/29/2023 - 12:45:01: [CvarSettings] [c2m1_highway] Attempt to track ConVar sv_pure_kick_clients, which is already being tracked.
L 03/29/2023 - 12:45:01: [CvarSettings] [c2m1_highway] Could not find CVar specified (confogl_boss_unprohibit)
L 03/29/2023 - 12:45:01: [CvarSettings] [c2m1_highway] Attempt to track ConVar sm_max_lerp, which is already being tracked.
L 03/29/2023 - 15:04:00: [CvarSettings] [c2m1_highway] Could not find CVar specified (sv_pure)
L 03/29/2023 - 15:04:00: [CvarSettings] [c2m1_highway] Attempt to track ConVar sv_consistency, which is already being tracked.
L 03/29/2023 - 15:04:00: [CvarSettings] [c2m1_highway] Attempt to track ConVar sv_pure_kick_clients, which is already being tracked.
L 03/29/2023 - 15:04:00: [CvarSettings] [c2m1_highway] Could not find CVar specified (confogl_boss_unprohibit)
L 03/29/2023 - 15:04:00: [CvarSettings] [c2m1_highway] Attempt to track ConVar sm_max_lerp, which is already being tracked.
L 03/29/2023 - 15:25:42: [CvarSettings] [c2m1_highway] Could not find CVar specified (sv_pure)
L 03/29/2023 - 15:25:43: [CvarSettings] [c2m1_highway] Attempt to track ConVar sv_consistency, which is already being tracked.
L 03/29/2023 - 15:25:43: [CvarSettings] [c2m1_highway] Attempt to track ConVar sv_pure_kick_clients, which is already being tracked.
L 03/29/2023 - 15:25:43: [CvarSettings] [c2m1_highway] Could not find CVar specified (confogl_boss_unprohibit)
L 03/29/2023 - 15:25:43: [CvarSettings] [c2m1_highway] Attempt to track ConVar sm_max_lerp, which is already being tracked.
L 03/29/2023 - 17:23:29: [CvarSettings] [c2m1_highway] Could not find CVar specified (sv_pure)
L 03/29/2023 - 17:23:29: [CvarSettings] [c2m1_highway] Attempt to track ConVar sv_consistency, which is already being tracked.
L 03/29/2023 - 17:23:29: [CvarSettings] [c2m1_highway] Attempt to track ConVar sv_pure_kick_clients, which is already being tracked.
L 03/29/2023 - 17:23:29: [CvarSettings] [c2m1_highway] Could not find CVar specified (confogl_boss_unprohibit)
L 03/29/2023 - 17:23:29: [CvarSettings] [c2m1_highway] Attempt to track ConVar sm_max_lerp, which is already being tracked.
L 03/29/2023 - 19:34:46: [CvarSettings] [c2m1_highway] Could not find CVar specified (sv_pure)
L 03/29/2023 - 19:34:47: [CvarSettings] [c2m1_highway] Attempt to track ConVar sv_consistency, which is already being tracked.
L 03/29/2023 - 19:34:47: [CvarSettings] [c2m1_highway] Attempt to track ConVar sv_pure_kick_clients, which is already being tracked.
L 03/29/2023 - 19:34:47: [CvarSettings] [c2m1_highway] Could not find CVar specified (confogl_boss_unprohibit)
L 03/29/2023 - 19:34:47: [CvarSettings] [c2m1_highway] Attempt to track ConVar sm_max_lerp, which is already being tracked.
L 03/29/2023 - 20:53:43: [CvarSettings] [hf01_theforest] Could not find CVar specified (sv_pure)
L 03/29/2023 - 20:53:44: [CvarSettings] [hf01_theforest] Attempt to track ConVar sv_consistency, which is already being tracked.
L 03/29/2023 - 20:53:44: [CvarSettings] [hf01_theforest] Attempt to track ConVar sv_pure_kick_clients, which is already being tracked.
L 03/29/2023 - 20:53:44: [CvarSettings] [hf01_theforest] Could not find CVar specified (confogl_boss_unprohibit)
L 03/29/2023 - 20:53:44: [CvarSettings] [hf01_theforest] Attempt to track ConVar sm_max_lerp, which is already being tracked.
L 03/29/2023 - 20:54:13: [CvarSettings] [c2m1_highway] Could not find CVar specified (sv_pure)
L 03/29/2023 - 20:54:14: [CvarSettings] [c2m1_highway] Attempt to track ConVar sv_consistency, which is already being tracked.
L 03/29/2023 - 20:54:14: [CvarSettings] [c2m1_highway] Attempt to track ConVar sv_pure_kick_clients, which is already being tracked.
L 03/29/2023 - 20:54:14: [CvarSettings] [c2m1_highway] Could not find CVar specified (confogl_boss_unprohibit)
L 03/29/2023 - 20:54:14: [CvarSettings] [c2m1_highway] Attempt to track ConVar sm_max_lerp, which is already being tracked.
L 03/29/2023 - 21:08:40: [CvarSettings] [c2m1_highway] Could not find CVar specified (sv_pure)
L 03/29/2023 - 21:08:41: [CvarSettings] [c2m1_highway] Attempt to track ConVar sv_consistency, which is already being tracked.
L 03/29/2023 - 21:08:41: [CvarSettings] [c2m1_highway] Attempt to track ConVar sv_pure_kick_clients, which is already being tracked.
L 03/29/2023 - 21:08:41: [CvarSettings] [c2m1_highway] Could not find CVar specified (confogl_boss_unprohibit)
L 03/29/2023 - 21:08:41: [CvarSettings] [c2m1_highway] Attempt to track ConVar sm_max_lerp, which is already being tracked.
L 03/29/2023 - 21:39:47: [CvarSettings] [c2m1_highway] Could not find CVar specified (sv_pure)
L 03/29/2023 - 21:39:48: [CvarSettings] [c2m1_highway] Attempt to track ConVar sv_consistency, which is already being tracked.
L 03/29/2023 - 21:39:48: [CvarSettings] [c2m1_highway] Attempt to track ConVar sv_pure_kick_clients, which is already being tracked.
L 03/29/2023 - 21:39:48: [CvarSettings] [c2m1_highway] Could not find CVar specified (confogl_boss_unprohibit)
L 03/29/2023 - 21:39:48: [CvarSettings] [c2m1_highway] Attempt to track ConVar sm_max_lerp, which is already being tracked.
L 03/29/2023 - 21:42:26: [CvarSettings] [c2m1_highway] Could not find CVar specified (sv_pure)
L 03/29/2023 - 21:42:27: [CvarSettings] [c2m1_highway] Attempt to track ConVar sv_consistency, which is already being tracked.
L 03/29/2023 - 21:42:27: [CvarSettings] [c2m1_highway] Attempt to track ConVar sv_pure_kick_clients, which is already being tracked.
L 03/29/2023 - 21:42:27: [CvarSettings] [c2m1_highway] Could not find CVar specified (confogl_boss_unprohibit)
L 03/29/2023 - 21:42:27: [CvarSettings] [c2m1_highway] Attempt to track ConVar sm_max_lerp, which is already being tracked.
L 03/29/2023 - 22:28:51: [CvarSettings] [c2m1_highway] Could not find CVar specified (sv_pure)
L 03/29/2023 - 22:28:52: [CvarSettings] [c2m1_highway] Attempt to track ConVar sv_consistency, which is already being tracked.
L 03/29/2023 - 22:28:52: [CvarSettings] [c2m1_highway] Attempt to track ConVar sv_pure_kick_clients, which is already being tracked.
L 03/29/2023 - 22:28:52: [CvarSettings] [c2m1_highway] Could not find CVar specified (confogl_boss_unprohibit)
L 03/29/2023 - 22:28:52: [CvarSettings] [c2m1_highway] Attempt to track ConVar sm_max_lerp, which is already being tracked.
