L 03/27/2023 - 00:00:16: [CvarSettings] [c2m1_highway] Could not find CVar specified (sv_pure)
L 03/27/2023 - 00:00:16: [CvarSettings] [c2m1_highway] Attempt to track ConVar sv_consistency, which is already being tracked.
L 03/27/2023 - 00:00:16: [CvarSettings] [c2m1_highway] Attempt to track ConVar sv_pure_kick_clients, which is already being tracked.
L 03/27/2023 - 00:00:16: [CvarSettings] [c2m1_highway] Could not find CVar specified (confogl_boss_unprohibit)
L 03/27/2023 - 00:00:16: [CvarSettings] [c2m1_highway] Attempt to track ConVar sm_max_lerp, which is already being tracked.
L 03/27/2023 - 03:12:28: [CvarSettings] [c2m1_highway] Could not find CVar specified (sv_pure)
L 03/27/2023 - 03:12:28: [CvarSettings] [c2m1_highway] Attempt to track ConVar sv_consistency, which is already being tracked.
L 03/27/2023 - 03:12:28: [CvarSettings] [c2m1_highway] Attempt to track ConVar sv_pure_kick_clients, which is already being tracked.
L 03/27/2023 - 03:12:28: [CvarSettings] [c2m1_highway] Could not find CVar specified (confogl_boss_unprohibit)
L 03/27/2023 - 03:12:28: [CvarSettings] [c2m1_highway] Attempt to track ConVar sm_max_lerp, which is already being tracked.
L 03/27/2023 - 14:20:10: [CvarSettings] [c2m1_highway] Could not find CVar specified (sv_pure)
L 03/27/2023 - 14:20:11: [CvarSettings] [c2m1_highway] Attempt to track ConVar sv_consistency, which is already being tracked.
L 03/27/2023 - 14:20:11: [CvarSettings] [c2m1_highway] Attempt to track ConVar sv_pure_kick_clients, which is already being tracked.
L 03/27/2023 - 14:20:11: [CvarSettings] [c2m1_highway] Could not find CVar specified (confogl_boss_unprohibit)
L 03/27/2023 - 14:20:11: [CvarSettings] [c2m1_highway] Attempt to track ConVar sm_max_lerp, which is already being tracked.
L 03/27/2023 - 15:39:26: [CvarSettings] [c2m1_highway] Could not find CVar specified (sv_pure)
L 03/27/2023 - 15:39:26: [CvarSettings] [c2m1_highway] Attempt to track ConVar sv_consistency, which is already being tracked.
L 03/27/2023 - 15:39:26: [CvarSettings] [c2m1_highway] Attempt to track ConVar sv_pure_kick_clients, which is already being tracked.
L 03/27/2023 - 15:39:26: [CvarSettings] [c2m1_highway] Could not find CVar specified (confogl_boss_unprohibit)
L 03/27/2023 - 15:39:26: [CvarSettings] [c2m1_highway] Attempt to track ConVar sm_max_lerp, which is already being tracked.
L 03/27/2023 - 16:12:34: [CvarSettings] [c2m1_highway] Could not find CVar specified (sv_pure)
L 03/27/2023 - 17:35:00: [CvarSettings] [c2m1_highway] Could not find CVar specified (confogl_boss_unprohibit)
L 03/27/2023 - 17:36:03: [CvarSettings] [c2m1_highway] Could not find CVar specified (sv_pure)
L 03/27/2023 - 17:36:03: [CvarSettings] [c2m1_highway] Attempt to track ConVar sv_consistency, which is already being tracked.
L 03/27/2023 - 17:36:03: [CvarSettings] [c2m1_highway] Attempt to track ConVar sv_pure_kick_clients, which is already being tracked.
L 03/27/2023 - 17:36:03: [CvarSettings] [c2m1_highway] Could not find CVar specified (confogl_boss_unprohibit)
L 03/27/2023 - 17:36:03: [CvarSettings] [c2m1_highway] Attempt to track ConVar sm_max_lerp, which is already being tracked.
L 03/27/2023 - 20:36:35: [CvarSettings] [l4d_dbd2dc_anna_is_gone] Could not find CVar specified (sv_pure)
L 03/27/2023 - 20:36:35: [CvarSettings] [l4d_dbd2dc_anna_is_gone] Attempt to track ConVar sv_consistency, which is already being tracked.
L 03/27/2023 - 20:36:35: [CvarSettings] [l4d_dbd2dc_anna_is_gone] Attempt to track ConVar sv_pure_kick_clients, which is already being tracked.
L 03/27/2023 - 20:36:35: [CvarSettings] [l4d_dbd2dc_anna_is_gone] Could not find CVar specified (confogl_boss_unprohibit)
L 03/27/2023 - 20:36:35: [CvarSettings] [l4d_dbd2dc_anna_is_gone] Attempt to track ConVar sm_max_lerp, which is already being tracked.
L 03/27/2023 - 20:39:16: [CvarSettings] [c2m1_highway] Could not find CVar specified (sv_pure)
L 03/27/2023 - 20:39:17: [CvarSettings] [c2m1_highway] Attempt to track ConVar sv_consistency, which is already being tracked.
L 03/27/2023 - 20:39:17: [CvarSettings] [c2m1_highway] Attempt to track ConVar sv_pure_kick_clients, which is already being tracked.
L 03/27/2023 - 20:39:17: [CvarSettings] [c2m1_highway] Could not find CVar specified (confogl_boss_unprohibit)
L 03/27/2023 - 20:39:17: [CvarSettings] [c2m1_highway] Attempt to track ConVar sm_max_lerp, which is already being tracked.
L 03/27/2023 - 22:01:47: [CvarSettings] [c2m1_highway] Could not find CVar specified (sv_pure)
L 03/27/2023 - 22:01:47: [CvarSettings] [c2m1_highway] Attempt to track ConVar sv_consistency, which is already being tracked.
L 03/27/2023 - 22:01:47: [CvarSettings] [c2m1_highway] Attempt to track ConVar sv_pure_kick_clients, which is already being tracked.
L 03/27/2023 - 22:01:47: [CvarSettings] [c2m1_highway] Could not find CVar specified (confogl_boss_unprohibit)
L 03/27/2023 - 22:01:47: [CvarSettings] [c2m1_highway] Attempt to track ConVar sm_max_lerp, which is already being tracked.
L 03/27/2023 - 22:08:03: [CvarSettings] [c2m1_highway] Could not find CVar specified (sv_pure)
L 03/27/2023 - 22:08:04: [CvarSettings] [c2m1_highway] Attempt to track ConVar sv_consistency, which is already being tracked.
L 03/27/2023 - 22:08:04: [CvarSettings] [c2m1_highway] Attempt to track ConVar sv_pure_kick_clients, which is already being tracked.
L 03/27/2023 - 22:08:04: [CvarSettings] [c2m1_highway] Could not find CVar specified (confogl_boss_unprohibit)
L 03/27/2023 - 22:08:04: [CvarSettings] [c2m1_highway] Attempt to track ConVar sm_max_lerp, which is already being tracked.
L 03/27/2023 - 22:36:41: [CvarSettings] [c2m1_highway] Could not find CVar specified (sv_pure)
L 03/27/2023 - 22:36:41: [CvarSettings] [c2m1_highway] Attempt to track ConVar sv_consistency, which is already being tracked.
L 03/27/2023 - 22:36:41: [CvarSettings] [c2m1_highway] Attempt to track ConVar sv_pure_kick_clients, which is already being tracked.
L 03/27/2023 - 22:36:41: [CvarSettings] [c2m1_highway] Could not find CVar specified (confogl_boss_unprohibit)
L 03/27/2023 - 22:36:41: [CvarSettings] [c2m1_highway] Attempt to track ConVar sm_max_lerp, which is already being tracked.
L 03/27/2023 - 23:19:28: [CvarSettings] [c2m1_highway] Could not find CVar specified (sv_pure)
L 03/27/2023 - 23:19:29: [CvarSettings] [c2m1_highway] Attempt to track ConVar sv_consistency, which is already being tracked.
L 03/27/2023 - 23:19:29: [CvarSettings] [c2m1_highway] Attempt to track ConVar sv_pure_kick_clients, which is already being tracked.
L 03/27/2023 - 23:19:29: [CvarSettings] [c2m1_highway] Could not find CVar specified (confogl_boss_unprohibit)
L 03/27/2023 - 23:19:29: [CvarSettings] [c2m1_highway] Attempt to track ConVar sm_max_lerp, which is already being tracked.
