L 03/21/2023 - 05:38:27: [CvarSettings] [c4m4_milltown_b] Could not find CVar specified (sv_pure)
L 03/21/2023 - 05:38:27: [CvarSettings] [c4m4_milltown_b] Attempt to track ConVar sv_consistency, which is already being tracked.
L 03/21/2023 - 05:38:27: [CvarSettings] [c4m4_milltown_b] Attempt to track ConVar sv_pure_kick_clients, which is already being tracked.
L 03/21/2023 - 05:38:27: [CvarSettings] [c4m4_milltown_b] Could not find CVar specified (confogl_boss_unprohibit)
L 03/21/2023 - 05:38:27: [CvarSettings] [c4m4_milltown_b] Attempt to track ConVar sm_max_lerp, which is already being tracked.
L 03/21/2023 - 08:58:27: [CvarSettings] [c2m1_highway] Could not find CVar specified (sv_pure)
L 03/21/2023 - 08:58:28: [CvarSettings] [c2m1_highway] Attempt to track ConVar sv_consistency, which is already being tracked.
L 03/21/2023 - 08:58:28: [CvarSettings] [c2m1_highway] Attempt to track ConVar sv_pure_kick_clients, which is already being tracked.
L 03/21/2023 - 08:58:28: [CvarSettings] [c2m1_highway] Could not find CVar specified (confogl_boss_unprohibit)
L 03/21/2023 - 08:58:28: [CvarSettings] [c2m1_highway] Attempt to track ConVar sm_max_lerp, which is already being tracked.
L 03/21/2023 - 11:27:45: [CvarSettings] [c2m1_highway] Could not find CVar specified (sv_pure)
L 03/21/2023 - 11:27:45: [CvarSettings] [c2m1_highway] Attempt to track ConVar sv_consistency, which is already being tracked.
L 03/21/2023 - 11:27:45: [CvarSettings] [c2m1_highway] Attempt to track ConVar sv_pure_kick_clients, which is already being tracked.
L 03/21/2023 - 11:27:45: [CvarSettings] [c2m1_highway] Could not find CVar specified (confogl_boss_unprohibit)
L 03/21/2023 - 11:27:45: [CvarSettings] [c2m1_highway] Attempt to track ConVar sm_max_lerp, which is already being tracked.
L 03/21/2023 - 17:40:33: [CvarSettings] [c2m1_highway] Could not find CVar specified (sv_pure)
L 03/21/2023 - 17:40:34: [CvarSettings] [c2m1_highway] Attempt to track ConVar sv_consistency, which is already being tracked.
L 03/21/2023 - 17:40:34: [CvarSettings] [c2m1_highway] Attempt to track ConVar sv_pure_kick_clients, which is already being tracked.
L 03/21/2023 - 17:40:34: [CvarSettings] [c2m1_highway] Could not find CVar specified (confogl_boss_unprohibit)
L 03/21/2023 - 17:40:34: [CvarSettings] [c2m1_highway] Attempt to track ConVar sm_max_lerp, which is already being tracked.
L 03/21/2023 - 20:37:32: [CvarSettings] [c2m1_highway] Could not find CVar specified (sv_pure)
L 03/21/2023 - 20:37:32: [CvarSettings] [c2m1_highway] Attempt to track ConVar sv_consistency, which is already being tracked.
L 03/21/2023 - 20:37:32: [CvarSettings] [c2m1_highway] Attempt to track ConVar sv_pure_kick_clients, which is already being tracked.
L 03/21/2023 - 20:37:32: [CvarSettings] [c2m1_highway] Could not find CVar specified (confogl_boss_unprohibit)
L 03/21/2023 - 20:37:32: [CvarSettings] [c2m1_highway] Attempt to track ConVar sm_max_lerp, which is already being tracked.
L 03/21/2023 - 21:11:59: [CvarSettings] [c2m1_highway] Could not find CVar specified (sv_pure)
L 03/21/2023 - 21:12:00: [CvarSettings] [c2m1_highway] Attempt to track ConVar sv_consistency, which is already being tracked.
L 03/21/2023 - 21:12:00: [CvarSettings] [c2m1_highway] Attempt to track ConVar sv_pure_kick_clients, which is already being tracked.
L 03/21/2023 - 21:12:00: [CvarSettings] [c2m1_highway] Could not find CVar specified (confogl_boss_unprohibit)
L 03/21/2023 - 21:12:00: [CvarSettings] [c2m1_highway] Attempt to track ConVar sm_max_lerp, which is already being tracked.
