L 03/31/2023 - 01:27:12: [CvarSettings] [c2m1_highway] Could not find CVar specified (sv_pure)
L 03/31/2023 - 01:27:13: [CvarSettings] [c2m1_highway] Attempt to track ConVar sv_consistency, which is already being tracked.
L 03/31/2023 - 01:27:13: [CvarSettings] [c2m1_highway] Attempt to track ConVar sv_pure_kick_clients, which is already being tracked.
L 03/31/2023 - 01:27:13: [CvarSettings] [c2m1_highway] Could not find CVar specified (confogl_boss_unprohibit)
L 03/31/2023 - 01:27:13: [CvarSettings] [c2m1_highway] Attempt to track ConVar sm_max_lerp, which is already being tracked.
L 03/31/2023 - 10:36:37: [CvarSettings] [c2m1_highway] Could not find CVar specified (sv_pure)
L 03/31/2023 - 10:36:38: [CvarSettings] [c2m1_highway] Attempt to track ConVar sv_consistency, which is already being tracked.
L 03/31/2023 - 10:36:38: [CvarSettings] [c2m1_highway] Attempt to track ConVar sv_pure_kick_clients, which is already being tracked.
L 03/31/2023 - 10:36:38: [CvarSettings] [c2m1_highway] Could not find CVar specified (confogl_boss_unprohibit)
L 03/31/2023 - 10:36:38: [CvarSettings] [c2m1_highway] Attempt to track ConVar sm_max_lerp, which is already being tracked.
L 03/31/2023 - 15:13:47: [CvarSettings] [c2m1_highway] Could not find CVar specified (sv_pure)
L 03/31/2023 - 15:13:48: [CvarSettings] [c2m1_highway] Attempt to track ConVar sv_consistency, which is already being tracked.
L 03/31/2023 - 15:13:48: [CvarSettings] [c2m1_highway] Attempt to track ConVar sv_pure_kick_clients, which is already being tracked.
L 03/31/2023 - 15:13:48: [CvarSettings] [c2m1_highway] Could not find CVar specified (confogl_boss_unprohibit)
L 03/31/2023 - 15:13:48: [CvarSettings] [c2m1_highway] Attempt to track ConVar sm_max_lerp, which is already being tracked.
L 03/31/2023 - 18:05:04: [CvarSettings] [c2m1_highway] Could not find CVar specified (sv_pure)
L 03/31/2023 - 18:05:05: [CvarSettings] [c2m1_highway] Attempt to track ConVar sv_consistency, which is already being tracked.
L 03/31/2023 - 18:05:05: [CvarSettings] [c2m1_highway] Attempt to track ConVar sv_pure_kick_clients, which is already being tracked.
L 03/31/2023 - 18:05:05: [CvarSettings] [c2m1_highway] Could not find CVar specified (confogl_boss_unprohibit)
L 03/31/2023 - 18:05:05: [CvarSettings] [c2m1_highway] Attempt to track ConVar sm_max_lerp, which is already being tracked.
L 03/31/2023 - 19:53:25: [CvarSettings] [c2m1_highway] Could not find CVar specified (sv_pure)
L 03/31/2023 - 19:53:26: [CvarSettings] [c2m1_highway] Attempt to track ConVar sv_consistency, which is already being tracked.
L 03/31/2023 - 19:53:26: [CvarSettings] [c2m1_highway] Attempt to track ConVar sv_pure_kick_clients, which is already being tracked.
L 03/31/2023 - 19:53:26: [CvarSettings] [c2m1_highway] Could not find CVar specified (confogl_boss_unprohibit)
L 03/31/2023 - 19:53:26: [CvarSettings] [c2m1_highway] Attempt to track ConVar sm_max_lerp, which is already being tracked.
L 03/31/2023 - 21:49:03: [CvarSettings] [c2m1_highway] Could not find CVar specified (sv_pure)
L 03/31/2023 - 21:49:04: [CvarSettings] [c2m1_highway] Attempt to track ConVar sv_consistency, which is already being tracked.
L 03/31/2023 - 21:49:04: [CvarSettings] [c2m1_highway] Attempt to track ConVar sv_pure_kick_clients, which is already being tracked.
L 03/31/2023 - 21:49:04: [CvarSettings] [c2m1_highway] Could not find CVar specified (confogl_boss_unprohibit)
L 03/31/2023 - 21:49:04: [CvarSettings] [c2m1_highway] Attempt to track ConVar sm_max_lerp, which is already being tracked.
L 03/31/2023 - 21:59:47: [CvarSettings] [c2m1_highway] Could not find CVar specified (sv_pure)
L 03/31/2023 - 21:59:48: [CvarSettings] [c2m1_highway] Attempt to track ConVar sv_consistency, which is already being tracked.
L 03/31/2023 - 21:59:48: [CvarSettings] [c2m1_highway] Attempt to track ConVar sv_pure_kick_clients, which is already being tracked.
L 03/31/2023 - 21:59:48: [CvarSettings] [c2m1_highway] Could not find CVar specified (confogl_boss_unprohibit)
L 03/31/2023 - 21:59:48: [CvarSettings] [c2m1_highway] Attempt to track ConVar sm_max_lerp, which is already being tracked.
L 03/31/2023 - 22:11:10: [CvarSettings] [c2m1_highway] Could not find CVar specified (sv_pure)
L 03/31/2023 - 22:11:10: [CvarSettings] [c2m1_highway] Attempt to track ConVar sv_consistency, which is already being tracked.
L 03/31/2023 - 22:11:10: [CvarSettings] [c2m1_highway] Attempt to track ConVar sv_pure_kick_clients, which is already being tracked.
L 03/31/2023 - 22:11:10: [CvarSettings] [c2m1_highway] Could not find CVar specified (confogl_boss_unprohibit)
L 03/31/2023 - 22:11:10: [CvarSettings] [c2m1_highway] Attempt to track ConVar sm_max_lerp, which is already being tracked.
L 03/31/2023 - 22:26:50: [CvarSettings] [c2m1_highway] Could not find CVar specified (sv_pure)
L 03/31/2023 - 22:26:51: [CvarSettings] [c2m1_highway] Attempt to track ConVar sv_consistency, which is already being tracked.
L 03/31/2023 - 22:26:51: [CvarSettings] [c2m1_highway] Attempt to track ConVar sv_pure_kick_clients, which is already being tracked.
L 03/31/2023 - 22:26:51: [CvarSettings] [c2m1_highway] Could not find CVar specified (confogl_boss_unprohibit)
L 03/31/2023 - 22:26:51: [CvarSettings] [c2m1_highway] Attempt to track ConVar sm_max_lerp, which is already being tracked.
L 03/31/2023 - 22:34:22: [CvarSettings] [c2m1_highway] Could not find CVar specified (sv_pure)
L 03/31/2023 - 22:34:22: [CvarSettings] [c2m1_highway] Attempt to track ConVar sv_consistency, which is already being tracked.
L 03/31/2023 - 22:34:22: [CvarSettings] [c2m1_highway] Attempt to track ConVar sv_pure_kick_clients, which is already being tracked.
L 03/31/2023 - 22:34:22: [CvarSettings] [c2m1_highway] Could not find CVar specified (confogl_boss_unprohibit)
L 03/31/2023 - 22:34:22: [CvarSettings] [c2m1_highway] Attempt to track ConVar sm_max_lerp, which is already being tracked.
