L 03/04/2023 - 08:16:24: [CvarSettings] [c2m1_highway] Could not find CVar specified (sv_pure)
L 03/04/2023 - 08:16:25: [CvarSettings] [c2m1_highway] Attempt to track ConVar sv_consistency, which is already being tracked.
L 03/04/2023 - 08:16:25: [CvarSettings] [c2m1_highway] Attempt to track ConVar sv_pure_kick_clients, which is already being tracked.
L 03/04/2023 - 08:16:25: [CvarSettings] [c2m1_highway] Could not find CVar specified (confogl_boss_unprohibit)
L 03/04/2023 - 08:26:58: [CvarSettings] [c2m1_highway] Could not find CVar specified (sv_pure)
L 03/04/2023 - 08:26:58: [CvarSettings] [c2m1_highway] Attempt to track ConVar sv_consistency, which is already being tracked.
L 03/04/2023 - 08:26:58: [CvarSettings] [c2m1_highway] Attempt to track ConVar sv_pure_kick_clients, which is already being tracked.
L 03/04/2023 - 08:26:58: [CvarSettings] [c2m1_highway] Could not find CVar specified (confogl_boss_unprohibit)
L 03/04/2023 - 08:40:41: [CvarSettings] [c2m1_highway] Could not find CVar specified (sv_pure)
L 03/04/2023 - 08:40:41: [CvarSettings] [c2m1_highway] Attempt to track ConVar sv_consistency, which is already being tracked.
L 03/04/2023 - 08:40:41: [CvarSettings] [c2m1_highway] Attempt to track ConVar sv_pure_kick_clients, which is already being tracked.
L 03/04/2023 - 08:40:41: [CvarSettings] [c2m1_highway] Could not find CVar specified (confogl_boss_unprohibit)
L 03/04/2023 - 08:57:54: [CvarSettings] [c2m1_highway] Could not find CVar specified (sv_pure)
L 03/04/2023 - 08:57:54: [CvarSettings] [c2m1_highway] Attempt to track ConVar sv_consistency, which is already being tracked.
L 03/04/2023 - 08:57:54: [CvarSettings] [c2m1_highway] Attempt to track ConVar sv_pure_kick_clients, which is already being tracked.
L 03/04/2023 - 08:57:54: [CvarSettings] [c2m1_highway] Could not find CVar specified (confogl_boss_unprohibit)
L 03/04/2023 - 09:00:59: [CvarSettings] [c2m1_highway] Could not find CVar specified (sv_pure)
L 03/04/2023 - 09:00:59: [CvarSettings] [c2m1_highway] Attempt to track ConVar sv_consistency, which is already being tracked.
L 03/04/2023 - 09:00:59: [CvarSettings] [c2m1_highway] Attempt to track ConVar sv_pure_kick_clients, which is already being tracked.
L 03/04/2023 - 09:00:59: [CvarSettings] [c2m1_highway] Could not find CVar specified (confogl_boss_unprohibit)
L 03/04/2023 - 09:15:26: [CvarSettings] [c2m1_highway] Could not find CVar specified (sv_pure)
L 03/04/2023 - 09:15:26: [CvarSettings] [c2m1_highway] Attempt to track ConVar sv_consistency, which is already being tracked.
L 03/04/2023 - 09:15:26: [CvarSettings] [c2m1_highway] Attempt to track ConVar sv_pure_kick_clients, which is already being tracked.
L 03/04/2023 - 09:15:26: [CvarSettings] [c2m1_highway] Could not find CVar specified (confogl_boss_unprohibit)
L 03/04/2023 - 09:41:25: [CvarSettings] [c2m1_highway] Could not find CVar specified (sv_pure)
L 03/04/2023 - 09:41:26: [CvarSettings] [c2m1_highway] Attempt to track ConVar sv_consistency, which is already being tracked.
L 03/04/2023 - 09:41:26: [CvarSettings] [c2m1_highway] Attempt to track ConVar sv_pure_kick_clients, which is already being tracked.
L 03/04/2023 - 09:41:26: [CvarSettings] [c2m1_highway] Could not find CVar specified (confogl_boss_unprohibit)
L 03/04/2023 - 09:43:34: [CvarSettings] [c2m1_highway] Could not find CVar specified (sv_pure)
L 03/04/2023 - 09:43:35: [CvarSettings] [c2m1_highway] Attempt to track ConVar sv_consistency, which is already being tracked.
L 03/04/2023 - 09:43:35: [CvarSettings] [c2m1_highway] Attempt to track ConVar sv_pure_kick_clients, which is already being tracked.
L 03/04/2023 - 09:43:35: [CvarSettings] [c2m1_highway] Could not find CVar specified (confogl_boss_unprohibit)
L 03/04/2023 - 09:45:37: [CvarSettings] [c2m1_highway] Could not find CVar specified (sv_pure)
L 03/04/2023 - 09:45:38: [CvarSettings] [c2m1_highway] Attempt to track ConVar sv_consistency, which is already being tracked.
L 03/04/2023 - 09:45:38: [CvarSettings] [c2m1_highway] Attempt to track ConVar sv_pure_kick_clients, which is already being tracked.
L 03/04/2023 - 09:45:38: [CvarSettings] [c2m1_highway] Could not find CVar specified (confogl_boss_unprohibit)
L 03/04/2023 - 09:51:23: [CvarSettings] [c6m2_bedlam] Could not find CVar specified (sv_pure)
L 03/04/2023 - 09:51:23: [CvarSettings] [c6m2_bedlam] Attempt to track ConVar sv_consistency, which is already being tracked.
L 03/04/2023 - 09:51:23: [CvarSettings] [c6m2_bedlam] Attempt to track ConVar sv_pure_kick_clients, which is already being tracked.
L 03/04/2023 - 09:51:23: [CvarSettings] [c6m2_bedlam] Could not find CVar specified (confogl_boss_unprohibit)
L 03/04/2023 - 09:52:18: [CvarSettings] [c6m2_bedlam] Could not find CVar specified (sv_pure)
L 03/04/2023 - 09:52:18: [CvarSettings] [c6m2_bedlam] Attempt to track ConVar sv_consistency, which is already being tracked.
L 03/04/2023 - 09:52:18: [CvarSettings] [c6m2_bedlam] Attempt to track ConVar sv_pure_kick_clients, which is already being tracked.
L 03/04/2023 - 09:52:18: [CvarSettings] [c6m2_bedlam] Could not find CVar specified (confogl_boss_unprohibit)
L 03/04/2023 - 11:39:10: [CvarSettings] [c2m1_highway] Could not find CVar specified (sv_pure)
L 03/04/2023 - 11:39:10: [CvarSettings] [c2m1_highway] Attempt to track ConVar sv_consistency, which is already being tracked.
L 03/04/2023 - 11:39:10: [CvarSettings] [c2m1_highway] Attempt to track ConVar sv_pure_kick_clients, which is already being tracked.
L 03/04/2023 - 11:39:10: [CvarSettings] [c2m1_highway] Could not find CVar specified (confogl_boss_unprohibit)
L 03/04/2023 - 11:41:39: [CvarSettings] [c11m1_greenhouse] Could not find CVar specified (sv_pure)
L 03/04/2023 - 11:41:40: [CvarSettings] [c11m1_greenhouse] Attempt to track ConVar sv_consistency, which is already being tracked.
L 03/04/2023 - 11:41:40: [CvarSettings] [c11m1_greenhouse] Attempt to track ConVar sv_pure_kick_clients, which is already being tracked.
L 03/04/2023 - 11:41:40: [CvarSettings] [c11m1_greenhouse] Could not find CVar specified (confogl_boss_unprohibit)
L 03/04/2023 - 11:52:53: [CvarSettings] [c11m1_greenhouse] Could not find CVar specified (sv_pure)
L 03/04/2023 - 11:52:53: [CvarSettings] [c11m1_greenhouse] Attempt to track ConVar sv_consistency, which is already being tracked.
L 03/04/2023 - 11:52:53: [CvarSettings] [c11m1_greenhouse] Attempt to track ConVar sv_pure_kick_clients, which is already being tracked.
L 03/04/2023 - 11:52:53: [CvarSettings] [c11m1_greenhouse] Could not find CVar specified (confogl_boss_unprohibit)
L 03/04/2023 - 11:58:41: [CvarSettings] [l4d_dbd2dc_anna_is_gone] Could not find CVar specified (sv_pure)
L 03/04/2023 - 11:58:42: [CvarSettings] [l4d_dbd2dc_anna_is_gone] Attempt to track ConVar sv_consistency, which is already being tracked.
L 03/04/2023 - 11:58:42: [CvarSettings] [l4d_dbd2dc_anna_is_gone] Attempt to track ConVar sv_pure_kick_clients, which is already being tracked.
L 03/04/2023 - 11:58:42: [CvarSettings] [l4d_dbd2dc_anna_is_gone] Could not find CVar specified (confogl_boss_unprohibit)
L 03/04/2023 - 12:02:21: [CvarSettings] [l4d_dbd2dc_the_mall] Could not find CVar specified (sv_pure)
L 03/04/2023 - 12:02:22: [CvarSettings] [l4d_dbd2dc_the_mall] Attempt to track ConVar sv_consistency, which is already being tracked.
L 03/04/2023 - 12:02:22: [CvarSettings] [l4d_dbd2dc_the_mall] Attempt to track ConVar sv_pure_kick_clients, which is already being tracked.
L 03/04/2023 - 12:02:22: [CvarSettings] [l4d_dbd2dc_the_mall] Could not find CVar specified (confogl_boss_unprohibit)
L 03/04/2023 - 12:04:21: [BossSpawning] [cwm1_intro] Failed to save a large number of tanks to the array. Count: 5, Max: 5
L 03/04/2023 - 12:04:21: [BossSpawning] [cwm1_intro] Failed to save a large number of tanks to the array. Count: 5, Max: 5
