L 03/26/2023 - 01:45:12: [CvarSettings] [c2m1_highway] Could not find CVar specified (sv_pure)
L 03/26/2023 - 01:45:13: [CvarSettings] [c2m1_highway] Attempt to track ConVar sv_consistency, which is already being tracked.
L 03/26/2023 - 01:45:13: [CvarSettings] [c2m1_highway] Attempt to track ConVar sv_pure_kick_clients, which is already being tracked.
L 03/26/2023 - 01:45:13: [CvarSettings] [c2m1_highway] Could not find CVar specified (confogl_boss_unprohibit)
L 03/26/2023 - 01:45:13: [CvarSettings] [c2m1_highway] Attempt to track ConVar sm_max_lerp, which is already being tracked.
L 03/26/2023 - 08:27:49: [CvarSettings] [c2m1_highway] Could not find CVar specified (sv_pure)
L 03/26/2023 - 08:27:50: [CvarSettings] [c2m1_highway] Attempt to track ConVar sv_consistency, which is already being tracked.
L 03/26/2023 - 08:27:50: [CvarSettings] [c2m1_highway] Attempt to track ConVar sv_pure_kick_clients, which is already being tracked.
L 03/26/2023 - 08:27:50: [CvarSettings] [c2m1_highway] Could not find CVar specified (confogl_boss_unprohibit)
L 03/26/2023 - 08:27:50: [CvarSettings] [c2m1_highway] Attempt to track ConVar sm_max_lerp, which is already being tracked.
L 03/26/2023 - 13:00:35: [CvarSettings] [c2m1_highway] Could not find CVar specified (sv_pure)
L 03/26/2023 - 13:00:36: [CvarSettings] [c2m1_highway] Attempt to track ConVar sv_consistency, which is already being tracked.
L 03/26/2023 - 13:00:36: [CvarSettings] [c2m1_highway] Attempt to track ConVar sv_pure_kick_clients, which is already being tracked.
L 03/26/2023 - 13:00:36: [CvarSettings] [c2m1_highway] Could not find CVar specified (confogl_boss_unprohibit)
L 03/26/2023 - 13:00:36: [CvarSettings] [c2m1_highway] Attempt to track ConVar sm_max_lerp, which is already being tracked.
L 03/26/2023 - 13:30:03: [CvarSettings] [c2m1_highway] Could not find CVar specified (sv_pure)
L 03/26/2023 - 13:30:04: [CvarSettings] [c2m1_highway] Attempt to track ConVar sv_consistency, which is already being tracked.
L 03/26/2023 - 13:30:04: [CvarSettings] [c2m1_highway] Attempt to track ConVar sv_pure_kick_clients, which is already being tracked.
L 03/26/2023 - 13:30:04: [CvarSettings] [c2m1_highway] Could not find CVar specified (confogl_boss_unprohibit)
L 03/26/2023 - 13:30:04: [CvarSettings] [c2m1_highway] Attempt to track ConVar sm_max_lerp, which is already being tracked.
L 03/26/2023 - 13:35:11: [CvarSettings] [c2m1_highway] Could not find CVar specified (sv_pure)
L 03/26/2023 - 13:35:11: [CvarSettings] [c2m1_highway] Attempt to track ConVar sv_consistency, which is already being tracked.
L 03/26/2023 - 13:35:11: [CvarSettings] [c2m1_highway] Attempt to track ConVar sv_pure_kick_clients, which is already being tracked.
L 03/26/2023 - 13:35:11: [CvarSettings] [c2m1_highway] Could not find CVar specified (confogl_boss_unprohibit)
L 03/26/2023 - 13:35:11: [CvarSettings] [c2m1_highway] Attempt to track ConVar sm_max_lerp, which is already being tracked.
L 03/26/2023 - 13:38:10: [CvarSettings] [c2m1_highway] Could not find CVar specified (sv_pure)
L 03/26/2023 - 13:38:10: [CvarSettings] [c2m1_highway] Attempt to track ConVar sv_consistency, which is already being tracked.
L 03/26/2023 - 13:38:10: [CvarSettings] [c2m1_highway] Attempt to track ConVar sv_pure_kick_clients, which is already being tracked.
L 03/26/2023 - 13:38:10: [CvarSettings] [c2m1_highway] Could not find CVar specified (confogl_boss_unprohibit)
L 03/26/2023 - 13:38:10: [CvarSettings] [c2m1_highway] Attempt to track ConVar sm_max_lerp, which is already being tracked.
L 03/26/2023 - 13:59:10: [CvarSettings] [c2m1_highway] Could not find CVar specified (sv_pure)
L 03/26/2023 - 13:59:10: [CvarSettings] [c2m1_highway] Attempt to track ConVar sv_consistency, which is already being tracked.
L 03/26/2023 - 13:59:10: [CvarSettings] [c2m1_highway] Attempt to track ConVar sv_pure_kick_clients, which is already being tracked.
L 03/26/2023 - 13:59:10: [CvarSettings] [c2m1_highway] Could not find CVar specified (confogl_boss_unprohibit)
L 03/26/2023 - 13:59:11: [CvarSettings] [c2m1_highway] Attempt to track ConVar sm_max_lerp, which is already being tracked.
L 03/26/2023 - 14:39:12: [CvarSettings] [c2m1_highway] Could not find CVar specified (sv_pure)
L 03/26/2023 - 14:39:13: [CvarSettings] [c2m1_highway] Attempt to track ConVar sv_consistency, which is already being tracked.
L 03/26/2023 - 14:39:13: [CvarSettings] [c2m1_highway] Attempt to track ConVar sv_pure_kick_clients, which is already being tracked.
L 03/26/2023 - 14:39:13: [CvarSettings] [c2m1_highway] Could not find CVar specified (confogl_boss_unprohibit)
L 03/26/2023 - 14:39:13: [CvarSettings] [c2m1_highway] Attempt to track ConVar sm_max_lerp, which is already being tracked.
L 03/26/2023 - 15:26:13: [CvarSettings] [c2m1_highway] Could not find CVar specified (sv_pure)
L 03/26/2023 - 15:26:13: [CvarSettings] [c2m1_highway] Attempt to track ConVar sv_consistency, which is already being tracked.
L 03/26/2023 - 15:26:13: [CvarSettings] [c2m1_highway] Attempt to track ConVar sv_pure_kick_clients, which is already being tracked.
L 03/26/2023 - 15:26:13: [CvarSettings] [c2m1_highway] Could not find CVar specified (confogl_boss_unprohibit)
L 03/26/2023 - 15:26:13: [CvarSettings] [c2m1_highway] Attempt to track ConVar sm_max_lerp, which is already being tracked.
L 03/26/2023 - 15:44:19: [CvarSettings] [c2m1_highway] Could not find CVar specified (sv_pure)
L 03/26/2023 - 15:44:20: [CvarSettings] [c2m1_highway] Attempt to track ConVar sv_consistency, which is already being tracked.
L 03/26/2023 - 15:44:20: [CvarSettings] [c2m1_highway] Attempt to track ConVar sv_pure_kick_clients, which is already being tracked.
L 03/26/2023 - 15:44:20: [CvarSettings] [c2m1_highway] Could not find CVar specified (confogl_boss_unprohibit)
L 03/26/2023 - 15:44:20: [CvarSettings] [c2m1_highway] Attempt to track ConVar sm_max_lerp, which is already being tracked.
L 03/26/2023 - 17:58:46: [CvarSettings] [c2m1_highway] Could not find CVar specified (sv_pure)
L 03/26/2023 - 17:58:46: [CvarSettings] [c2m1_highway] Attempt to track ConVar sv_consistency, which is already being tracked.
L 03/26/2023 - 17:58:46: [CvarSettings] [c2m1_highway] Attempt to track ConVar sv_pure_kick_clients, which is already being tracked.
L 03/26/2023 - 17:58:46: [CvarSettings] [c2m1_highway] Could not find CVar specified (confogl_boss_unprohibit)
L 03/26/2023 - 17:58:46: [CvarSettings] [c2m1_highway] Attempt to track ConVar sm_max_lerp, which is already being tracked.
L 03/26/2023 - 19:03:42: [CvarSettings] [c2m1_highway] Could not find CVar specified (sv_pure)
L 03/26/2023 - 19:03:42: [CvarSettings] [c2m1_highway] Attempt to track ConVar sv_consistency, which is already being tracked.
L 03/26/2023 - 19:03:42: [CvarSettings] [c2m1_highway] Attempt to track ConVar sv_pure_kick_clients, which is already being tracked.
L 03/26/2023 - 19:03:42: [CvarSettings] [c2m1_highway] Could not find CVar specified (confogl_boss_unprohibit)
L 03/26/2023 - 19:03:42: [CvarSettings] [c2m1_highway] Attempt to track ConVar sm_max_lerp, which is already being tracked.
L 03/26/2023 - 21:37:13: [CvarSettings] [c2m1_highway] Could not find CVar specified (sv_pure)
L 03/26/2023 - 21:37:14: [CvarSettings] [c2m1_highway] Attempt to track ConVar sv_consistency, which is already being tracked.
L 03/26/2023 - 21:37:14: [CvarSettings] [c2m1_highway] Attempt to track ConVar sv_pure_kick_clients, which is already being tracked.
L 03/26/2023 - 21:37:14: [CvarSettings] [c2m1_highway] Could not find CVar specified (confogl_boss_unprohibit)
L 03/26/2023 - 21:37:14: [CvarSettings] [c2m1_highway] Attempt to track ConVar sm_max_lerp, which is already being tracked.
L 03/26/2023 - 21:40:52: [CvarSettings] [c2m1_highway] Could not find CVar specified (sv_pure)
L 03/26/2023 - 21:40:52: [CvarSettings] [c2m1_highway] Attempt to track ConVar sv_consistency, which is already being tracked.
L 03/26/2023 - 21:40:52: [CvarSettings] [c2m1_highway] Attempt to track ConVar sv_pure_kick_clients, which is already being tracked.
L 03/26/2023 - 21:40:52: [CvarSettings] [c2m1_highway] Could not find CVar specified (confogl_boss_unprohibit)
L 03/26/2023 - 21:40:52: [CvarSettings] [c2m1_highway] Attempt to track ConVar sm_max_lerp, which is already being tracked.
