L 03/16/2023 - 08:52:25: [CvarSettings] [c2m1_highway] Could not find CVar specified (sv_pure)
L 03/16/2023 - 08:52:25: [CvarSettings] [c2m1_highway] Attempt to track ConVar sv_consistency, which is already being tracked.
L 03/16/2023 - 08:52:25: [CvarSettings] [c2m1_highway] Attempt to track ConVar sv_pure_kick_clients, which is already being tracked.
L 03/16/2023 - 08:52:25: [CvarSettings] [c2m1_highway] Could not find CVar specified (confogl_boss_unprohibit)
L 03/16/2023 - 08:52:25: [CvarSettings] [c2m1_highway] Attempt to track ConVar sm_max_lerp, which is already being tracked.
L 03/16/2023 - 11:22:20: [CvarSettings] [c2m1_highway] Could not find CVar specified (sv_pure)
L 03/16/2023 - 11:22:21: [CvarSettings] [c2m1_highway] Attempt to track ConVar sv_consistency, which is already being tracked.
L 03/16/2023 - 11:22:21: [CvarSettings] [c2m1_highway] Attempt to track ConVar sv_pure_kick_clients, which is already being tracked.
L 03/16/2023 - 11:22:21: [CvarSettings] [c2m1_highway] Could not find CVar specified (confogl_boss_unprohibit)
L 03/16/2023 - 11:22:21: [CvarSettings] [c2m1_highway] Attempt to track ConVar sm_max_lerp, which is already being tracked.
L 03/16/2023 - 11:27:19: [CvarSettings] [c2m1_highway] Could not find CVar specified (sv_pure)
L 03/16/2023 - 11:27:20: [CvarSettings] [c2m1_highway] Attempt to track ConVar sv_consistency, which is already being tracked.
L 03/16/2023 - 11:27:20: [CvarSettings] [c2m1_highway] Attempt to track ConVar sv_pure_kick_clients, which is already being tracked.
L 03/16/2023 - 11:27:20: [CvarSettings] [c2m1_highway] Could not find CVar specified (confogl_boss_unprohibit)
L 03/16/2023 - 11:27:20: [CvarSettings] [c2m1_highway] Attempt to track ConVar sm_max_lerp, which is already being tracked.
L 03/16/2023 - 12:35:36: [CvarSettings] [c2m1_highway] Could not find CVar specified (sv_pure)
L 03/16/2023 - 12:35:37: [CvarSettings] [c2m1_highway] Attempt to track ConVar sv_consistency, which is already being tracked.
L 03/16/2023 - 12:35:37: [CvarSettings] [c2m1_highway] Attempt to track ConVar sv_pure_kick_clients, which is already being tracked.
L 03/16/2023 - 12:35:37: [CvarSettings] [c2m1_highway] Could not find CVar specified (confogl_boss_unprohibit)
L 03/16/2023 - 12:35:37: [CvarSettings] [c2m1_highway] Attempt to track ConVar sm_max_lerp, which is already being tracked.
L 03/16/2023 - 12:35:54: [CvarSettings] [c2m1_highway] Could not find CVar specified (sv_pure)
L 03/16/2023 - 12:35:54: [CvarSettings] [c2m1_highway] Attempt to track ConVar sv_consistency, which is already being tracked.
L 03/16/2023 - 12:35:54: [CvarSettings] [c2m1_highway] Attempt to track ConVar sv_pure_kick_clients, which is already being tracked.
L 03/16/2023 - 12:35:54: [CvarSettings] [c2m1_highway] Could not find CVar specified (confogl_boss_unprohibit)
L 03/16/2023 - 12:35:54: [CvarSettings] [c2m1_highway] Attempt to track ConVar sm_max_lerp, which is already being tracked.
L 03/16/2023 - 12:37:44: [CvarSettings] [c2m1_highway] Could not find CVar specified (sv_pure)
L 03/16/2023 - 12:37:45: [CvarSettings] [c2m1_highway] Attempt to track ConVar sv_consistency, which is already being tracked.
L 03/16/2023 - 12:37:45: [CvarSettings] [c2m1_highway] Attempt to track ConVar sv_pure_kick_clients, which is already being tracked.
L 03/16/2023 - 12:37:45: [CvarSettings] [c2m1_highway] Could not find CVar specified (confogl_boss_unprohibit)
L 03/16/2023 - 12:37:45: [CvarSettings] [c2m1_highway] Attempt to track ConVar sm_max_lerp, which is already being tracked.
L 03/16/2023 - 12:40:25: [CvarSettings] [c2m1_highway] Could not find CVar specified (sv_pure)
L 03/16/2023 - 12:40:26: [CvarSettings] [c2m1_highway] Attempt to track ConVar sv_consistency, which is already being tracked.
L 03/16/2023 - 12:40:26: [CvarSettings] [c2m1_highway] Attempt to track ConVar sv_pure_kick_clients, which is already being tracked.
L 03/16/2023 - 12:40:26: [CvarSettings] [c2m1_highway] Could not find CVar specified (confogl_boss_unprohibit)
L 03/16/2023 - 12:40:26: [CvarSettings] [c2m1_highway] Attempt to track ConVar sm_max_lerp, which is already being tracked.
L 03/16/2023 - 13:24:45: [CvarSettings] [c2m1_highway] Could not find CVar specified (sv_pure)
L 03/16/2023 - 13:24:46: [CvarSettings] [c2m1_highway] Attempt to track ConVar sv_consistency, which is already being tracked.
L 03/16/2023 - 13:24:46: [CvarSettings] [c2m1_highway] Attempt to track ConVar sv_pure_kick_clients, which is already being tracked.
L 03/16/2023 - 13:24:46: [CvarSettings] [c2m1_highway] Could not find CVar specified (confogl_boss_unprohibit)
L 03/16/2023 - 13:24:46: [CvarSettings] [c2m1_highway] Attempt to track ConVar sm_max_lerp, which is already being tracked.
L 03/16/2023 - 13:25:45: [CvarSettings] [c2m1_highway] Could not find CVar specified (sv_pure)
L 03/16/2023 - 13:25:46: [CvarSettings] [c2m1_highway] Attempt to track ConVar sv_consistency, which is already being tracked.
L 03/16/2023 - 13:25:46: [CvarSettings] [c2m1_highway] Attempt to track ConVar sv_pure_kick_clients, which is already being tracked.
L 03/16/2023 - 13:25:46: [CvarSettings] [c2m1_highway] Could not find CVar specified (confogl_boss_unprohibit)
L 03/16/2023 - 13:25:46: [CvarSettings] [c2m1_highway] Attempt to track ConVar sm_max_lerp, which is already being tracked.
L 03/16/2023 - 13:26:32: [CvarSettings] [c2m1_highway] Could not find CVar specified (sv_pure)
L 03/16/2023 - 13:26:33: [CvarSettings] [c2m1_highway] Attempt to track ConVar sv_consistency, which is already being tracked.
L 03/16/2023 - 13:26:33: [CvarSettings] [c2m1_highway] Attempt to track ConVar sv_pure_kick_clients, which is already being tracked.
L 03/16/2023 - 13:26:33: [CvarSettings] [c2m1_highway] Could not find CVar specified (confogl_boss_unprohibit)
L 03/16/2023 - 13:26:33: [CvarSettings] [c2m1_highway] Attempt to track ConVar sm_max_lerp, which is already being tracked.
L 03/16/2023 - 13:26:43: [CvarSettings] [c2m1_highway] Could not find CVar specified (sv_pure)
L 03/16/2023 - 13:26:43: [CvarSettings] [c2m1_highway] Attempt to track ConVar sv_consistency, which is already being tracked.
L 03/16/2023 - 13:26:43: [CvarSettings] [c2m1_highway] Attempt to track ConVar sv_pure_kick_clients, which is already being tracked.
L 03/16/2023 - 13:26:43: [CvarSettings] [c2m1_highway] Could not find CVar specified (confogl_boss_unprohibit)
L 03/16/2023 - 13:26:43: [CvarSettings] [c2m1_highway] Attempt to track ConVar sm_max_lerp, which is already being tracked.
L 03/16/2023 - 14:43:10: [CvarSettings] [c2m1_highway] Could not find CVar specified (sv_pure)
L 03/16/2023 - 14:43:11: [CvarSettings] [c2m1_highway] Attempt to track ConVar sv_consistency, which is already being tracked.
L 03/16/2023 - 14:43:11: [CvarSettings] [c2m1_highway] Attempt to track ConVar sv_pure_kick_clients, which is already being tracked.
L 03/16/2023 - 14:43:11: [CvarSettings] [c2m1_highway] Could not find CVar specified (confogl_boss_unprohibit)
L 03/16/2023 - 14:43:11: [CvarSettings] [c2m1_highway] Attempt to track ConVar sm_max_lerp, which is already being tracked.
L 03/16/2023 - 16:02:08: [CvarSettings] [c2m1_highway] Could not find CVar specified (sv_pure)
L 03/16/2023 - 16:02:09: [CvarSettings] [c2m1_highway] Attempt to track ConVar sv_consistency, which is already being tracked.
L 03/16/2023 - 16:02:09: [CvarSettings] [c2m1_highway] Attempt to track ConVar sv_pure_kick_clients, which is already being tracked.
L 03/16/2023 - 16:02:09: [CvarSettings] [c2m1_highway] Could not find CVar specified (confogl_boss_unprohibit)
L 03/16/2023 - 16:02:09: [CvarSettings] [c2m1_highway] Attempt to track ConVar sm_max_lerp, which is already being tracked.
L 03/16/2023 - 17:07:46: [CvarSettings] [c2m1_highway] Could not find CVar specified (sv_pure)
L 03/16/2023 - 17:07:47: [CvarSettings] [c2m1_highway] Attempt to track ConVar sv_consistency, which is already being tracked.
L 03/16/2023 - 17:07:47: [CvarSettings] [c2m1_highway] Attempt to track ConVar sv_pure_kick_clients, which is already being tracked.
L 03/16/2023 - 17:07:47: [CvarSettings] [c2m1_highway] Could not find CVar specified (confogl_boss_unprohibit)
L 03/16/2023 - 17:07:47: [CvarSettings] [c2m1_highway] Attempt to track ConVar sm_max_lerp, which is already being tracked.
L 03/16/2023 - 17:15:15: [CvarSettings] [c2m1_highway] Could not find CVar specified (sv_pure)
L 03/16/2023 - 17:15:16: [CvarSettings] [c2m1_highway] Attempt to track ConVar sv_consistency, which is already being tracked.
L 03/16/2023 - 17:15:16: [CvarSettings] [c2m1_highway] Attempt to track ConVar sv_pure_kick_clients, which is already being tracked.
L 03/16/2023 - 17:15:16: [CvarSettings] [c2m1_highway] Could not find CVar specified (confogl_boss_unprohibit)
L 03/16/2023 - 17:15:16: [CvarSettings] [c2m1_highway] Attempt to track ConVar sm_max_lerp, which is already being tracked.
L 03/16/2023 - 17:46:55: [CvarSettings] [c2m1_highway] Could not find CVar specified (sv_pure)
L 03/16/2023 - 17:46:56: [CvarSettings] [c2m1_highway] Attempt to track ConVar sv_consistency, which is already being tracked.
L 03/16/2023 - 17:46:56: [CvarSettings] [c2m1_highway] Attempt to track ConVar sv_pure_kick_clients, which is already being tracked.
L 03/16/2023 - 17:46:56: [CvarSettings] [c2m1_highway] Could not find CVar specified (confogl_boss_unprohibit)
L 03/16/2023 - 17:46:56: [CvarSettings] [c2m1_highway] Attempt to track ConVar sm_max_lerp, which is already being tracked.
L 03/16/2023 - 21:38:33: [CvarSettings] [c2m1_highway] Could not find CVar specified (sv_pure)
L 03/16/2023 - 21:38:34: [CvarSettings] [c2m1_highway] Attempt to track ConVar sv_consistency, which is already being tracked.
L 03/16/2023 - 21:38:34: [CvarSettings] [c2m1_highway] Attempt to track ConVar sv_pure_kick_clients, which is already being tracked.
L 03/16/2023 - 21:38:34: [CvarSettings] [c2m1_highway] Could not find CVar specified (confogl_boss_unprohibit)
L 03/16/2023 - 21:38:34: [CvarSettings] [c2m1_highway] Attempt to track ConVar sm_max_lerp, which is already being tracked.
L 03/16/2023 - 23:24:43: [CvarSettings] [c2m1_highway] Could not find CVar specified (sv_pure)
L 03/16/2023 - 23:24:44: [CvarSettings] [c2m1_highway] Attempt to track ConVar sv_consistency, which is already being tracked.
L 03/16/2023 - 23:24:44: [CvarSettings] [c2m1_highway] Attempt to track ConVar sv_pure_kick_clients, which is already being tracked.
L 03/16/2023 - 23:24:44: [CvarSettings] [c2m1_highway] Could not find CVar specified (confogl_boss_unprohibit)
L 03/16/2023 - 23:24:44: [CvarSettings] [c2m1_highway] Attempt to track ConVar sm_max_lerp, which is already being tracked.
