L 04/01/2023 - 01:14:43: [CvarSettings] [c2m1_highway] Could not find CVar specified (sv_pure)
L 04/01/2023 - 01:14:44: [CvarSettings] [c2m1_highway] Attempt to track ConVar sv_consistency, which is already being tracked.
L 04/01/2023 - 01:14:44: [CvarSettings] [c2m1_highway] Attempt to track ConVar sv_pure_kick_clients, which is already being tracked.
L 04/01/2023 - 01:14:44: [CvarSettings] [c2m1_highway] Could not find CVar specified (confogl_boss_unprohibit)
L 04/01/2023 - 01:14:44: [CvarSettings] [c2m1_highway] Attempt to track ConVar sm_max_lerp, which is already being tracked.
L 04/01/2023 - 02:32:46: [CvarSettings] [c2m1_highway] Could not find CVar specified (sv_pure)
L 04/01/2023 - 02:32:46: [CvarSettings] [c2m1_highway] Attempt to track ConVar sv_consistency, which is already being tracked.
L 04/01/2023 - 02:32:46: [CvarSettings] [c2m1_highway] Attempt to track ConVar sv_pure_kick_clients, which is already being tracked.
L 04/01/2023 - 02:32:46: [CvarSettings] [c2m1_highway] Could not find CVar specified (confogl_boss_unprohibit)
L 04/01/2023 - 02:32:46: [CvarSettings] [c2m1_highway] Attempt to track ConVar sm_max_lerp, which is already being tracked.
L 04/01/2023 - 12:04:30: [CvarSettings] [c2m1_highway] Could not find CVar specified (sv_pure)
L 04/01/2023 - 12:04:31: [CvarSettings] [c2m1_highway] Attempt to track ConVar sv_consistency, which is already being tracked.
L 04/01/2023 - 12:04:31: [CvarSettings] [c2m1_highway] Attempt to track ConVar sv_pure_kick_clients, which is already being tracked.
L 04/01/2023 - 12:04:31: [CvarSettings] [c2m1_highway] Could not find CVar specified (confogl_boss_unprohibit)
L 04/01/2023 - 12:04:31: [CvarSettings] [c2m1_highway] Attempt to track ConVar sm_max_lerp, which is already being tracked.
L 04/01/2023 - 13:41:53: [CvarSettings] [c2m1_highway] Could not find CVar specified (sv_pure)
L 04/01/2023 - 13:41:54: [CvarSettings] [c2m1_highway] Attempt to track ConVar sv_consistency, which is already being tracked.
L 04/01/2023 - 13:41:54: [CvarSettings] [c2m1_highway] Attempt to track ConVar sv_pure_kick_clients, which is already being tracked.
L 04/01/2023 - 13:41:54: [CvarSettings] [c2m1_highway] Could not find CVar specified (confogl_boss_unprohibit)
L 04/01/2023 - 13:41:54: [CvarSettings] [c2m1_highway] Attempt to track ConVar sm_max_lerp, which is already being tracked.
L 04/01/2023 - 13:58:02: [CvarSettings] [c2m1_highway] Could not find CVar specified (sv_pure)
L 04/01/2023 - 13:58:03: [CvarSettings] [c2m1_highway] Attempt to track ConVar sv_consistency, which is already being tracked.
L 04/01/2023 - 13:58:03: [CvarSettings] [c2m1_highway] Attempt to track ConVar sv_pure_kick_clients, which is already being tracked.
L 04/01/2023 - 13:58:03: [CvarSettings] [c2m1_highway] Could not find CVar specified (confogl_boss_unprohibit)
L 04/01/2023 - 13:58:03: [CvarSettings] [c2m1_highway] Attempt to track ConVar sm_max_lerp, which is already being tracked.
L 04/01/2023 - 15:17:43: [CvarSettings] [c2m1_highway] Could not find CVar specified (sv_pure)
L 04/01/2023 - 15:17:44: [CvarSettings] [c2m1_highway] Attempt to track ConVar sv_consistency, which is already being tracked.
L 04/01/2023 - 15:17:44: [CvarSettings] [c2m1_highway] Attempt to track ConVar sv_pure_kick_clients, which is already being tracked.
L 04/01/2023 - 15:17:44: [CvarSettings] [c2m1_highway] Could not find CVar specified (confogl_boss_unprohibit)
L 04/01/2023 - 15:17:44: [CvarSettings] [c2m1_highway] Attempt to track ConVar sm_max_lerp, which is already being tracked.
L 04/01/2023 - 15:20:05: [CvarSettings] [c2m1_highway] Could not find CVar specified (sv_pure)
L 04/01/2023 - 15:20:06: [CvarSettings] [c2m1_highway] Attempt to track ConVar sv_consistency, which is already being tracked.
L 04/01/2023 - 15:20:06: [CvarSettings] [c2m1_highway] Attempt to track ConVar sv_pure_kick_clients, which is already being tracked.
L 04/01/2023 - 15:20:06: [CvarSettings] [c2m1_highway] Could not find CVar specified (confogl_boss_unprohibit)
L 04/01/2023 - 15:20:06: [CvarSettings] [c2m1_highway] Attempt to track ConVar sm_max_lerp, which is already being tracked.
L 04/01/2023 - 15:21:40: [CvarSettings] [c2m1_highway] Could not find CVar specified (sv_pure)
L 04/01/2023 - 15:21:41: [CvarSettings] [c2m1_highway] Attempt to track ConVar sv_consistency, which is already being tracked.
L 04/01/2023 - 15:21:41: [CvarSettings] [c2m1_highway] Attempt to track ConVar sv_pure_kick_clients, which is already being tracked.
L 04/01/2023 - 15:21:41: [CvarSettings] [c2m1_highway] Could not find CVar specified (confogl_boss_unprohibit)
L 04/01/2023 - 15:21:41: [CvarSettings] [c2m1_highway] Attempt to track ConVar sm_max_lerp, which is already being tracked.
L 04/01/2023 - 15:33:56: [CvarSettings] [c2m1_highway] Could not find CVar specified (sv_pure)
L 04/01/2023 - 15:33:57: [CvarSettings] [c2m1_highway] Attempt to track ConVar sv_consistency, which is already being tracked.
L 04/01/2023 - 15:33:57: [CvarSettings] [c2m1_highway] Attempt to track ConVar sv_pure_kick_clients, which is already being tracked.
L 04/01/2023 - 15:33:57: [CvarSettings] [c2m1_highway] Could not find CVar specified (confogl_boss_unprohibit)
L 04/01/2023 - 15:33:57: [CvarSettings] [c2m1_highway] Attempt to track ConVar sm_max_lerp, which is already being tracked.
L 04/01/2023 - 17:53:37: [CvarSettings] [c2m1_highway] Could not find CVar specified (sv_pure)
L 04/01/2023 - 17:53:38: [CvarSettings] [c2m1_highway] Attempt to track ConVar sv_consistency, which is already being tracked.
L 04/01/2023 - 17:53:38: [CvarSettings] [c2m1_highway] Attempt to track ConVar sv_pure_kick_clients, which is already being tracked.
L 04/01/2023 - 17:53:38: [CvarSettings] [c2m1_highway] Could not find CVar specified (confogl_boss_unprohibit)
L 04/01/2023 - 17:53:38: [CvarSettings] [c2m1_highway] Attempt to track ConVar sm_max_lerp, which is already being tracked.
L 04/01/2023 - 19:03:47: [CvarSettings] [c2m1_highway] Could not find CVar specified (sv_pure)
L 04/01/2023 - 19:03:48: [CvarSettings] [c2m1_highway] Attempt to track ConVar sv_consistency, which is already being tracked.
L 04/01/2023 - 19:03:48: [CvarSettings] [c2m1_highway] Attempt to track ConVar sv_pure_kick_clients, which is already being tracked.
L 04/01/2023 - 19:03:48: [CvarSettings] [c2m1_highway] Could not find CVar specified (confogl_boss_unprohibit)
L 04/01/2023 - 19:03:48: [CvarSettings] [c2m1_highway] Attempt to track ConVar sm_max_lerp, which is already being tracked.
L 04/01/2023 - 19:17:09: [CvarSettings] [c2m1_highway] Could not find CVar specified (sv_pure)
L 04/01/2023 - 19:17:10: [CvarSettings] [c2m1_highway] Attempt to track ConVar sv_consistency, which is already being tracked.
L 04/01/2023 - 19:17:10: [CvarSettings] [c2m1_highway] Attempt to track ConVar sv_pure_kick_clients, which is already being tracked.
L 04/01/2023 - 19:17:10: [CvarSettings] [c2m1_highway] Could not find CVar specified (confogl_boss_unprohibit)
L 04/01/2023 - 19:17:10: [CvarSettings] [c2m1_highway] Attempt to track ConVar sm_max_lerp, which is already being tracked.
L 04/01/2023 - 19:41:18: [CvarSettings] [c2m1_highway] Could not find CVar specified (sv_pure)
L 04/01/2023 - 19:41:19: [CvarSettings] [c2m1_highway] Attempt to track ConVar sv_consistency, which is already being tracked.
L 04/01/2023 - 19:41:19: [CvarSettings] [c2m1_highway] Attempt to track ConVar sv_pure_kick_clients, which is already being tracked.
L 04/01/2023 - 19:41:19: [CvarSettings] [c2m1_highway] Could not find CVar specified (confogl_boss_unprohibit)
L 04/01/2023 - 19:41:19: [CvarSettings] [c2m1_highway] Attempt to track ConVar sm_max_lerp, which is already being tracked.
L 04/01/2023 - 20:59:18: [CvarSettings] [c2m1_highway] Could not find CVar specified (sv_pure)
L 04/01/2023 - 20:59:18: [CvarSettings] [c2m1_highway] Attempt to track ConVar sv_consistency, which is already being tracked.
L 04/01/2023 - 20:59:18: [CvarSettings] [c2m1_highway] Attempt to track ConVar sv_pure_kick_clients, which is already being tracked.
L 04/01/2023 - 20:59:18: [CvarSettings] [c2m1_highway] Could not find CVar specified (confogl_boss_unprohibit)
L 04/01/2023 - 20:59:18: [CvarSettings] [c2m1_highway] Attempt to track ConVar sm_max_lerp, which is already being tracked.
L 04/01/2023 - 22:39:42: [CvarSettings] [c2m1_highway] Could not find CVar specified (sv_pure)
L 04/01/2023 - 22:39:43: [CvarSettings] [c2m1_highway] Attempt to track ConVar sv_consistency, which is already being tracked.
L 04/01/2023 - 22:39:43: [CvarSettings] [c2m1_highway] Attempt to track ConVar sv_pure_kick_clients, which is already being tracked.
L 04/01/2023 - 22:39:43: [CvarSettings] [c2m1_highway] Could not find CVar specified (confogl_boss_unprohibit)
L 04/01/2023 - 22:39:43: [CvarSettings] [c2m1_highway] Attempt to track ConVar sm_max_lerp, which is already being tracked.
