L 02/26/2023 - 09:57:40: [CvarSettings] [c2m1_highway] Could not find CVar specified (sv_pure)
L 02/26/2023 - 09:57:40: [CvarSettings] [c2m1_highway] Attempt to track ConVar sv_consistency, which is already being tracked.
L 02/26/2023 - 09:57:40: [CvarSettings] [c2m1_highway] Attempt to track ConVar sv_pure_kick_clients, which is already being tracked.
L 02/26/2023 - 09:57:40: [CvarSettings] [c2m1_highway] Could not find CVar specified (confogl_boss_unprohibit)
L 02/26/2023 - 10:08:33: [CvarSettings] [c2m1_highway] Could not find CVar specified (sv_pure)
L 02/26/2023 - 10:08:34: [CvarSettings] [c2m1_highway] Attempt to track ConVar sv_consistency, which is already being tracked.
L 02/26/2023 - 10:08:34: [CvarSettings] [c2m1_highway] Attempt to track ConVar sv_pure_kick_clients, which is already being tracked.
L 02/26/2023 - 10:08:34: [CvarSettings] [c2m1_highway] Could not find CVar specified (confogl_boss_unprohibit)
L 02/26/2023 - 10:22:07: [CvarSettings] [c10m1_caves] Could not find CVar specified (sv_pure)
L 02/26/2023 - 10:22:07: [CvarSettings] [c10m1_caves] Attempt to track ConVar sv_consistency, which is already being tracked.
L 02/26/2023 - 10:22:07: [CvarSettings] [c10m1_caves] Attempt to track ConVar sv_pure_kick_clients, which is already being tracked.
L 02/26/2023 - 10:22:07: [CvarSettings] [c10m1_caves] Could not find CVar specified (confogl_boss_unprohibit)
L 02/26/2023 - 10:25:58: [CvarSettings] [c10m1_caves] Could not find CVar specified (sv_pure)
L 02/26/2023 - 10:25:59: [CvarSettings] [c10m1_caves] Attempt to track ConVar sv_consistency, which is already being tracked.
L 02/26/2023 - 10:25:59: [CvarSettings] [c10m1_caves] Attempt to track ConVar sv_pure_kick_clients, which is already being tracked.
L 02/26/2023 - 10:25:59: [CvarSettings] [c10m1_caves] Could not find CVar specified (confogl_boss_unprohibit)
L 02/26/2023 - 10:30:34: [CvarSettings] [c10m1_caves] Could not find CVar specified (sv_pure)
L 02/26/2023 - 10:30:34: [CvarSettings] [c10m1_caves] Attempt to track ConVar sv_consistency, which is already being tracked.
L 02/26/2023 - 10:30:34: [CvarSettings] [c10m1_caves] Attempt to track ConVar sv_pure_kick_clients, which is already being tracked.
L 02/26/2023 - 10:30:34: [CvarSettings] [c10m1_caves] Could not find CVar specified (confogl_boss_unprohibit)
L 02/26/2023 - 10:33:43: [CvarSettings] [c10m1_caves] Could not find CVar specified (sv_pure)
L 02/26/2023 - 10:33:43: [CvarSettings] [c10m1_caves] Attempt to track ConVar sv_consistency, which is already being tracked.
L 02/26/2023 - 10:33:43: [CvarSettings] [c10m1_caves] Attempt to track ConVar sv_pure_kick_clients, which is already being tracked.
L 02/26/2023 - 10:33:43: [CvarSettings] [c10m1_caves] Could not find CVar specified (confogl_boss_unprohibit)
L 02/26/2023 - 10:40:06: [CvarSettings] [c10m1_caves] Could not find CVar specified (sv_pure)
L 02/26/2023 - 10:40:07: [CvarSettings] [c10m1_caves] Attempt to track ConVar sv_consistency, which is already being tracked.
L 02/26/2023 - 10:40:07: [CvarSettings] [c10m1_caves] Attempt to track ConVar sv_pure_kick_clients, which is already being tracked.
L 02/26/2023 - 10:40:07: [CvarSettings] [c10m1_caves] Could not find CVar specified (confogl_boss_unprohibit)
L 02/26/2023 - 10:45:08: [CvarSettings] [c10m1_caves] Could not find CVar specified (sv_pure)
L 02/26/2023 - 10:45:09: [CvarSettings] [c10m1_caves] Attempt to track ConVar sv_consistency, which is already being tracked.
L 02/26/2023 - 10:45:09: [CvarSettings] [c10m1_caves] Attempt to track ConVar sv_pure_kick_clients, which is already being tracked.
L 02/26/2023 - 10:45:09: [CvarSettings] [c10m1_caves] Could not find CVar specified (confogl_boss_unprohibit)
L 02/26/2023 - 10:48:27: [CvarSettings] [c10m1_caves] Could not find CVar specified (sv_pure)
L 02/26/2023 - 10:48:27: [CvarSettings] [c10m1_caves] Attempt to track ConVar sv_consistency, which is already being tracked.
L 02/26/2023 - 10:48:27: [CvarSettings] [c10m1_caves] Attempt to track ConVar sv_pure_kick_clients, which is already being tracked.
L 02/26/2023 - 10:48:27: [CvarSettings] [c10m1_caves] Could not find CVar specified (confogl_boss_unprohibit)
L 02/26/2023 - 10:56:43: [CvarSettings] [c10m1_caves] Could not find CVar specified (sv_pure)
L 02/26/2023 - 10:56:43: [CvarSettings] [c10m1_caves] Attempt to track ConVar sv_consistency, which is already being tracked.
L 02/26/2023 - 10:56:43: [CvarSettings] [c10m1_caves] Attempt to track ConVar sv_pure_kick_clients, which is already being tracked.
L 02/26/2023 - 10:56:43: [CvarSettings] [c10m1_caves] Could not find CVar specified (confogl_boss_unprohibit)
L 02/26/2023 - 11:00:16: [CvarSettings] [c10m1_caves] Could not find CVar specified (sv_pure)
L 02/26/2023 - 11:00:16: [CvarSettings] [c10m1_caves] Attempt to track ConVar sv_consistency, which is already being tracked.
L 02/26/2023 - 11:00:16: [CvarSettings] [c10m1_caves] Attempt to track ConVar sv_pure_kick_clients, which is already being tracked.
L 02/26/2023 - 11:00:16: [CvarSettings] [c10m1_caves] Could not find CVar specified (confogl_boss_unprohibit)
L 02/26/2023 - 11:04:12: [CvarSettings] [c10m1_caves] Could not find CVar specified (sv_pure)
L 02/26/2023 - 11:04:12: [CvarSettings] [c10m1_caves] Attempt to track ConVar sv_consistency, which is already being tracked.
L 02/26/2023 - 11:04:12: [CvarSettings] [c10m1_caves] Attempt to track ConVar sv_pure_kick_clients, which is already being tracked.
L 02/26/2023 - 11:04:12: [CvarSettings] [c10m1_caves] Could not find CVar specified (confogl_boss_unprohibit)
L 02/26/2023 - 11:07:30: [CvarSettings] [c10m1_caves] Could not find CVar specified (sv_pure)
L 02/26/2023 - 11:07:30: [CvarSettings] [c10m1_caves] Attempt to track ConVar sv_consistency, which is already being tracked.
L 02/26/2023 - 11:07:30: [CvarSettings] [c10m1_caves] Attempt to track ConVar sv_pure_kick_clients, which is already being tracked.
L 02/26/2023 - 11:07:30: [CvarSettings] [c10m1_caves] Could not find CVar specified (confogl_boss_unprohibit)
L 02/26/2023 - 13:11:57: [CvarSettings] [c10m1_caves] Could not find CVar specified (sv_pure)
L 02/26/2023 - 13:11:58: [CvarSettings] [c10m1_caves] Attempt to track ConVar sv_consistency, which is already being tracked.
L 02/26/2023 - 13:11:58: [CvarSettings] [c10m1_caves] Attempt to track ConVar sv_pure_kick_clients, which is already being tracked.
L 02/26/2023 - 13:11:58: [CvarSettings] [c10m1_caves] Could not find CVar specified (confogl_boss_unprohibit)
L 02/26/2023 - 13:14:21: [CvarSettings] [c6m1_riverbank] Could not find CVar specified (sv_pure)
L 02/26/2023 - 13:14:21: [CvarSettings] [c6m1_riverbank] Attempt to track ConVar sv_consistency, which is already being tracked.
L 02/26/2023 - 13:14:21: [CvarSettings] [c6m1_riverbank] Attempt to track ConVar sv_pure_kick_clients, which is already being tracked.
L 02/26/2023 - 13:14:21: [CvarSettings] [c6m1_riverbank] Could not find CVar specified (confogl_boss_unprohibit)
L 02/26/2023 - 13:26:43: [CvarSettings] [c2m1_highway] Could not find CVar specified (sv_pure)
L 02/26/2023 - 13:26:43: [CvarSettings] [c2m1_highway] Attempt to track ConVar sv_consistency, which is already being tracked.
L 02/26/2023 - 13:26:43: [CvarSettings] [c2m1_highway] Attempt to track ConVar sv_pure_kick_clients, which is already being tracked.
L 02/26/2023 - 13:26:43: [CvarSettings] [c2m1_highway] Could not find CVar specified (confogl_boss_unprohibit)
L 02/26/2023 - 13:28:47: [CvarSettings] [c2m1_highway] Could not find CVar specified (sv_pure)
L 02/26/2023 - 13:28:47: [CvarSettings] [c2m1_highway] Attempt to track ConVar sv_consistency, which is already being tracked.
L 02/26/2023 - 13:28:47: [CvarSettings] [c2m1_highway] Attempt to track ConVar sv_pure_kick_clients, which is already being tracked.
L 02/26/2023 - 13:28:47: [CvarSettings] [c2m1_highway] Could not find CVar specified (confogl_boss_unprohibit)
L 02/26/2023 - 13:29:36: [CvarSettings] [c2m1_highway] Could not find CVar specified (sv_pure)
L 02/26/2023 - 13:29:37: [CvarSettings] [c2m1_highway] Attempt to track ConVar sv_consistency, which is already being tracked.
L 02/26/2023 - 13:29:37: [CvarSettings] [c2m1_highway] Attempt to track ConVar sv_pure_kick_clients, which is already being tracked.
L 02/26/2023 - 13:29:37: [CvarSettings] [c2m1_highway] Could not find CVar specified (confogl_boss_unprohibit)
L 02/26/2023 - 13:31:03: [CvarSettings] [c2m1_highway] Could not find CVar specified (sv_pure)
L 02/26/2023 - 13:31:04: [CvarSettings] [c2m1_highway] Attempt to track ConVar sv_consistency, which is already being tracked.
L 02/26/2023 - 13:31:04: [CvarSettings] [c2m1_highway] Attempt to track ConVar sv_pure_kick_clients, which is already being tracked.
L 02/26/2023 - 13:31:04: [CvarSettings] [c2m1_highway] Could not find CVar specified (confogl_boss_unprohibit)
L 02/26/2023 - 13:34:16: [CvarSettings] [c2m1_highway] Could not find CVar specified (sv_pure)
L 02/26/2023 - 13:34:16: [CvarSettings] [c2m1_highway] Attempt to track ConVar sv_consistency, which is already being tracked.
L 02/26/2023 - 13:34:16: [CvarSettings] [c2m1_highway] Attempt to track ConVar sv_pure_kick_clients, which is already being tracked.
L 02/26/2023 - 13:34:16: [CvarSettings] [c2m1_highway] Could not find CVar specified (confogl_boss_unprohibit)
L 02/26/2023 - 13:38:04: [CvarSettings] [c2m1_highway] Could not find CVar specified (sv_pure)
L 02/26/2023 - 13:38:04: [CvarSettings] [c2m1_highway] Attempt to track ConVar sv_consistency, which is already being tracked.
L 02/26/2023 - 13:38:04: [CvarSettings] [c2m1_highway] Attempt to track ConVar sv_pure_kick_clients, which is already being tracked.
L 02/26/2023 - 13:38:04: [CvarSettings] [c2m1_highway] Could not find CVar specified (confogl_boss_unprohibit)
L 02/26/2023 - 13:41:10: [CvarSettings] [c2m1_highway] Could not find CVar specified (sv_pure)
L 02/26/2023 - 13:41:10: [CvarSettings] [c2m1_highway] Attempt to track ConVar sv_consistency, which is already being tracked.
L 02/26/2023 - 13:41:10: [CvarSettings] [c2m1_highway] Attempt to track ConVar sv_pure_kick_clients, which is already being tracked.
L 02/26/2023 - 13:41:10: [CvarSettings] [c2m1_highway] Could not find CVar specified (confogl_boss_unprohibit)
L 02/26/2023 - 13:44:28: [CvarSettings] [c2m1_highway] Could not find CVar specified (sv_pure)
L 02/26/2023 - 13:44:29: [CvarSettings] [c2m1_highway] Attempt to track ConVar sv_consistency, which is already being tracked.
L 02/26/2023 - 13:44:29: [CvarSettings] [c2m1_highway] Attempt to track ConVar sv_pure_kick_clients, which is already being tracked.
L 02/26/2023 - 13:44:29: [CvarSettings] [c2m1_highway] Could not find CVar specified (confogl_boss_unprohibit)
L 02/26/2023 - 13:49:36: [CvarSettings] [c2m1_highway] Could not find CVar specified (sv_pure)
L 02/26/2023 - 13:49:36: [CvarSettings] [c2m1_highway] Attempt to track ConVar sv_consistency, which is already being tracked.
L 02/26/2023 - 13:49:36: [CvarSettings] [c2m1_highway] Attempt to track ConVar sv_pure_kick_clients, which is already being tracked.
L 02/26/2023 - 13:49:36: [CvarSettings] [c2m1_highway] Could not find CVar specified (confogl_boss_unprohibit)
