L 03/14/2023 - 03:19:30: [CvarSettings] [c2m1_highway] Could not find CVar specified (sv_pure)
L 03/14/2023 - 03:19:30: [CvarSettings] [c2m1_highway] Attempt to track ConVar sv_consistency, which is already being tracked.
L 03/14/2023 - 03:19:30: [CvarSettings] [c2m1_highway] Attempt to track ConVar sv_pure_kick_clients, which is already being tracked.
L 03/14/2023 - 03:19:30: [CvarSettings] [c2m1_highway] Could not find CVar specified (confogl_boss_unprohibit)
L 03/14/2023 - 09:04:57: [CvarSettings] [c2m1_highway] Could not find CVar specified (sv_pure)
L 03/14/2023 - 09:04:57: [CvarSettings] [c2m1_highway] Attempt to track ConVar sv_consistency, which is already being tracked.
L 03/14/2023 - 09:04:57: [CvarSettings] [c2m1_highway] Attempt to track ConVar sv_pure_kick_clients, which is already being tracked.
L 03/14/2023 - 09:04:57: [CvarSettings] [c2m1_highway] Could not find CVar specified (confogl_boss_unprohibit)
L 03/14/2023 - 09:06:21: [CvarSettings] [c2m1_highway] Could not find CVar specified (sv_pure)
L 03/14/2023 - 09:06:22: [CvarSettings] [c2m1_highway] Attempt to track ConVar sv_consistency, which is already being tracked.
L 03/14/2023 - 09:06:22: [CvarSettings] [c2m1_highway] Attempt to track ConVar sv_pure_kick_clients, which is already being tracked.
L 03/14/2023 - 09:06:22: [CvarSettings] [c2m1_highway] Could not find CVar specified (confogl_boss_unprohibit)
L 03/14/2023 - 09:07:58: [CvarSettings] [c2m1_highway] Could not find CVar specified (sv_pure)
L 03/14/2023 - 09:07:59: [CvarSettings] [c2m1_highway] Attempt to track ConVar sv_consistency, which is already being tracked.
L 03/14/2023 - 09:07:59: [CvarSettings] [c2m1_highway] Attempt to track ConVar sv_pure_kick_clients, which is already being tracked.
L 03/14/2023 - 09:07:59: [CvarSettings] [c2m1_highway] Could not find CVar specified (confogl_boss_unprohibit)
L 03/14/2023 - 14:26:51: [CvarSettings] [c2m1_highway] Could not find CVar specified (sv_pure)
L 03/14/2023 - 14:26:52: [CvarSettings] [c2m1_highway] Attempt to track ConVar sv_consistency, which is already being tracked.
L 03/14/2023 - 14:26:52: [CvarSettings] [c2m1_highway] Attempt to track ConVar sv_pure_kick_clients, which is already being tracked.
L 03/14/2023 - 14:26:52: [CvarSettings] [c2m1_highway] Could not find CVar specified (confogl_boss_unprohibit)
L 03/14/2023 - 14:26:52: [CvarSettings] [c2m1_highway] Attempt to track ConVar sm_max_lerp, which is already being tracked.
L 03/14/2023 - 14:28:07: [CvarSettings] [c2m1_highway] Could not find CVar specified (sv_pure)
L 03/14/2023 - 14:28:07: [CvarSettings] [c2m1_highway] Attempt to track ConVar sv_consistency, which is already being tracked.
L 03/14/2023 - 14:28:07: [CvarSettings] [c2m1_highway] Attempt to track ConVar sv_pure_kick_clients, which is already being tracked.
L 03/14/2023 - 14:28:07: [CvarSettings] [c2m1_highway] Could not find CVar specified (confogl_boss_unprohibit)
L 03/14/2023 - 14:28:07: [CvarSettings] [c2m1_highway] Attempt to track ConVar sm_max_lerp, which is already being tracked.
L 03/14/2023 - 14:30:32: [CvarSettings] [c2m1_highway] Could not find CVar specified (sv_pure)
L 03/14/2023 - 14:30:33: [CvarSettings] [c2m1_highway] Attempt to track ConVar sv_consistency, which is already being tracked.
L 03/14/2023 - 14:30:33: [CvarSettings] [c2m1_highway] Attempt to track ConVar sv_pure_kick_clients, which is already being tracked.
L 03/14/2023 - 14:30:33: [CvarSettings] [c2m1_highway] Could not find CVar specified (confogl_boss_unprohibit)
L 03/14/2023 - 14:30:33: [CvarSettings] [c2m1_highway] Attempt to track ConVar sm_max_lerp, which is already being tracked.
L 03/14/2023 - 14:46:06: [CvarSettings] [c2m1_highway] Could not find CVar specified (sv_pure)
L 03/14/2023 - 14:46:06: [CvarSettings] [c2m1_highway] Attempt to track ConVar sv_consistency, which is already being tracked.
L 03/14/2023 - 14:46:06: [CvarSettings] [c2m1_highway] Attempt to track ConVar sv_pure_kick_clients, which is already being tracked.
L 03/14/2023 - 14:46:06: [CvarSettings] [c2m1_highway] Could not find CVar specified (confogl_boss_unprohibit)
L 03/14/2023 - 14:46:06: [CvarSettings] [c2m1_highway] Attempt to track ConVar sm_max_lerp, which is already being tracked.
L 03/14/2023 - 14:50:18: [CvarSettings] [c2m1_highway] Could not find CVar specified (sv_pure)
L 03/14/2023 - 14:50:19: [CvarSettings] [c2m1_highway] Attempt to track ConVar sv_consistency, which is already being tracked.
L 03/14/2023 - 14:50:19: [CvarSettings] [c2m1_highway] Attempt to track ConVar sv_pure_kick_clients, which is already being tracked.
L 03/14/2023 - 14:50:19: [CvarSettings] [c2m1_highway] Could not find CVar specified (confogl_boss_unprohibit)
L 03/14/2023 - 14:50:19: [CvarSettings] [c2m1_highway] Attempt to track ConVar sm_max_lerp, which is already being tracked.
L 03/14/2023 - 14:51:19: [CvarSettings] [c2m1_highway] Could not find CVar specified (sv_pure)
L 03/14/2023 - 14:51:19: [CvarSettings] [c2m1_highway] Attempt to track ConVar sv_consistency, which is already being tracked.
L 03/14/2023 - 14:51:19: [CvarSettings] [c2m1_highway] Attempt to track ConVar sv_pure_kick_clients, which is already being tracked.
L 03/14/2023 - 14:51:19: [CvarSettings] [c2m1_highway] Could not find CVar specified (confogl_boss_unprohibit)
L 03/14/2023 - 14:51:20: [CvarSettings] [c2m1_highway] Attempt to track ConVar sm_max_lerp, which is already being tracked.
L 03/14/2023 - 14:54:08: [CvarSettings] [c2m1_highway] Could not find CVar specified (sv_pure)
L 03/14/2023 - 14:54:09: [CvarSettings] [c2m1_highway] Attempt to track ConVar sv_consistency, which is already being tracked.
L 03/14/2023 - 14:54:09: [CvarSettings] [c2m1_highway] Attempt to track ConVar sv_pure_kick_clients, which is already being tracked.
L 03/14/2023 - 14:54:09: [CvarSettings] [c2m1_highway] Could not find CVar specified (confogl_boss_unprohibit)
L 03/14/2023 - 14:54:09: [CvarSettings] [c2m1_highway] Attempt to track ConVar sm_max_lerp, which is already being tracked.
L 03/14/2023 - 14:55:14: [CvarSettings] [c2m1_highway] Could not find CVar specified (sv_pure)
L 03/14/2023 - 14:55:15: [CvarSettings] [c2m1_highway] Attempt to track ConVar sv_consistency, which is already being tracked.
L 03/14/2023 - 14:55:15: [CvarSettings] [c2m1_highway] Attempt to track ConVar sv_pure_kick_clients, which is already being tracked.
L 03/14/2023 - 14:55:15: [CvarSettings] [c2m1_highway] Could not find CVar specified (confogl_boss_unprohibit)
L 03/14/2023 - 14:55:15: [CvarSettings] [c2m1_highway] Attempt to track ConVar sm_max_lerp, which is already being tracked.
L 03/14/2023 - 14:58:54: [CvarSettings] [c2m1_highway] Could not find CVar specified (sv_pure)
L 03/14/2023 - 14:58:55: [CvarSettings] [c2m1_highway] Attempt to track ConVar sv_consistency, which is already being tracked.
L 03/14/2023 - 14:58:55: [CvarSettings] [c2m1_highway] Attempt to track ConVar sv_pure_kick_clients, which is already being tracked.
L 03/14/2023 - 14:58:55: [CvarSettings] [c2m1_highway] Could not find CVar specified (confogl_boss_unprohibit)
L 03/14/2023 - 14:58:55: [CvarSettings] [c2m1_highway] Attempt to track ConVar sm_max_lerp, which is already being tracked.
L 03/14/2023 - 15:05:57: [CvarSettings] [c2m1_highway] Could not find CVar specified (sv_pure)
L 03/14/2023 - 15:05:58: [CvarSettings] [c2m1_highway] Attempt to track ConVar sv_consistency, which is already being tracked.
L 03/14/2023 - 15:05:58: [CvarSettings] [c2m1_highway] Attempt to track ConVar sv_pure_kick_clients, which is already being tracked.
L 03/14/2023 - 15:05:58: [CvarSettings] [c2m1_highway] Could not find CVar specified (confogl_boss_unprohibit)
L 03/14/2023 - 15:05:58: [CvarSettings] [c2m1_highway] Attempt to track ConVar sm_max_lerp, which is already being tracked.
L 03/14/2023 - 15:09:52: [CvarSettings] [c2m1_highway] Could not find CVar specified (sv_pure)
L 03/14/2023 - 15:09:53: [CvarSettings] [c2m1_highway] Attempt to track ConVar sv_consistency, which is already being tracked.
L 03/14/2023 - 15:09:53: [CvarSettings] [c2m1_highway] Attempt to track ConVar sv_pure_kick_clients, which is already being tracked.
L 03/14/2023 - 15:09:53: [CvarSettings] [c2m1_highway] Could not find CVar specified (confogl_boss_unprohibit)
L 03/14/2023 - 15:09:53: [CvarSettings] [c2m1_highway] Attempt to track ConVar sm_max_lerp, which is already being tracked.
L 03/14/2023 - 15:12:57: [CvarSettings] [c2m1_highway] Could not find CVar specified (sv_pure)
L 03/14/2023 - 15:12:58: [CvarSettings] [c2m1_highway] Attempt to track ConVar sv_consistency, which is already being tracked.
L 03/14/2023 - 15:12:58: [CvarSettings] [c2m1_highway] Attempt to track ConVar sv_pure_kick_clients, which is already being tracked.
L 03/14/2023 - 15:12:58: [CvarSettings] [c2m1_highway] Could not find CVar specified (confogl_boss_unprohibit)
L 03/14/2023 - 15:12:58: [CvarSettings] [c2m1_highway] Attempt to track ConVar sm_max_lerp, which is already being tracked.
L 03/14/2023 - 15:22:11: [CvarSettings] [c2m1_highway] Could not find CVar specified (sv_pure)
L 03/14/2023 - 15:22:11: [CvarSettings] [c2m1_highway] Attempt to track ConVar sv_consistency, which is already being tracked.
L 03/14/2023 - 15:22:11: [CvarSettings] [c2m1_highway] Attempt to track ConVar sv_pure_kick_clients, which is already being tracked.
L 03/14/2023 - 15:22:11: [CvarSettings] [c2m1_highway] Could not find CVar specified (confogl_boss_unprohibit)
L 03/14/2023 - 15:22:11: [CvarSettings] [c2m1_highway] Attempt to track ConVar sm_max_lerp, which is already being tracked.
L 03/14/2023 - 15:30:40: [CvarSettings] [c2m1_highway] Could not find CVar specified (sv_pure)
L 03/14/2023 - 15:30:41: [CvarSettings] [c2m1_highway] Attempt to track ConVar sv_consistency, which is already being tracked.
L 03/14/2023 - 15:30:41: [CvarSettings] [c2m1_highway] Attempt to track ConVar sv_pure_kick_clients, which is already being tracked.
L 03/14/2023 - 15:30:41: [CvarSettings] [c2m1_highway] Could not find CVar specified (confogl_boss_unprohibit)
L 03/14/2023 - 15:30:41: [CvarSettings] [c2m1_highway] Attempt to track ConVar sm_max_lerp, which is already being tracked.
L 03/14/2023 - 15:33:24: [CvarSettings] [c2m1_highway] Could not find CVar specified (sv_pure)
L 03/14/2023 - 15:33:25: [CvarSettings] [c2m1_highway] Attempt to track ConVar sv_consistency, which is already being tracked.
L 03/14/2023 - 15:33:25: [CvarSettings] [c2m1_highway] Attempt to track ConVar sv_pure_kick_clients, which is already being tracked.
L 03/14/2023 - 15:33:25: [CvarSettings] [c2m1_highway] Could not find CVar specified (confogl_boss_unprohibit)
L 03/14/2023 - 15:33:25: [CvarSettings] [c2m1_highway] Attempt to track ConVar sm_max_lerp, which is already being tracked.
L 03/14/2023 - 15:34:36: [CvarSettings] [c2m1_highway] Could not find CVar specified (sv_pure)
L 03/14/2023 - 15:34:37: [CvarSettings] [c2m1_highway] Attempt to track ConVar sv_consistency, which is already being tracked.
L 03/14/2023 - 15:34:37: [CvarSettings] [c2m1_highway] Attempt to track ConVar sv_pure_kick_clients, which is already being tracked.
L 03/14/2023 - 15:34:37: [CvarSettings] [c2m1_highway] Could not find CVar specified (confogl_boss_unprohibit)
L 03/14/2023 - 15:34:37: [CvarSettings] [c2m1_highway] Attempt to track ConVar sm_max_lerp, which is already being tracked.
L 03/14/2023 - 15:36:57: [CvarSettings] [c2m1_highway] Could not find CVar specified (sv_pure)
L 03/14/2023 - 15:36:57: [CvarSettings] [c2m1_highway] Attempt to track ConVar sv_consistency, which is already being tracked.
L 03/14/2023 - 15:36:57: [CvarSettings] [c2m1_highway] Attempt to track ConVar sv_pure_kick_clients, which is already being tracked.
L 03/14/2023 - 15:36:57: [CvarSettings] [c2m1_highway] Could not find CVar specified (confogl_boss_unprohibit)
L 03/14/2023 - 15:36:57: [CvarSettings] [c2m1_highway] Attempt to track ConVar sm_max_lerp, which is already being tracked.
L 03/14/2023 - 15:38:37: [CvarSettings] [c2m1_highway] Could not find CVar specified (sv_pure)
L 03/14/2023 - 15:38:38: [CvarSettings] [c2m1_highway] Attempt to track ConVar sv_consistency, which is already being tracked.
L 03/14/2023 - 15:38:38: [CvarSettings] [c2m1_highway] Attempt to track ConVar sv_pure_kick_clients, which is already being tracked.
L 03/14/2023 - 15:38:38: [CvarSettings] [c2m1_highway] Could not find CVar specified (confogl_boss_unprohibit)
L 03/14/2023 - 15:38:38: [CvarSettings] [c2m1_highway] Attempt to track ConVar sm_max_lerp, which is already being tracked.
L 03/14/2023 - 15:39:02: [CvarSettings] [c2m1_highway] Could not find CVar specified (sv_pure)
L 03/14/2023 - 15:39:03: [CvarSettings] [c2m1_highway] Attempt to track ConVar sv_consistency, which is already being tracked.
L 03/14/2023 - 15:39:03: [CvarSettings] [c2m1_highway] Attempt to track ConVar sv_pure_kick_clients, which is already being tracked.
L 03/14/2023 - 15:39:03: [CvarSettings] [c2m1_highway] Could not find CVar specified (confogl_boss_unprohibit)
L 03/14/2023 - 15:39:03: [CvarSettings] [c2m1_highway] Attempt to track ConVar sm_max_lerp, which is already being tracked.
L 03/14/2023 - 15:40:08: [CvarSettings] [c2m1_highway] Could not find CVar specified (sv_pure)
L 03/14/2023 - 15:40:09: [CvarSettings] [c2m1_highway] Attempt to track ConVar sv_consistency, which is already being tracked.
L 03/14/2023 - 15:40:09: [CvarSettings] [c2m1_highway] Attempt to track ConVar sv_pure_kick_clients, which is already being tracked.
L 03/14/2023 - 15:40:09: [CvarSettings] [c2m1_highway] Could not find CVar specified (confogl_boss_unprohibit)
L 03/14/2023 - 15:40:09: [CvarSettings] [c2m1_highway] Attempt to track ConVar sm_max_lerp, which is already being tracked.
L 03/14/2023 - 15:44:27: [CvarSettings] [c2m1_highway] Could not find CVar specified (sv_pure)
L 03/14/2023 - 15:44:28: [CvarSettings] [c2m1_highway] Attempt to track ConVar sv_consistency, which is already being tracked.
L 03/14/2023 - 15:44:28: [CvarSettings] [c2m1_highway] Attempt to track ConVar sv_pure_kick_clients, which is already being tracked.
L 03/14/2023 - 15:44:28: [CvarSettings] [c2m1_highway] Could not find CVar specified (confogl_boss_unprohibit)
L 03/14/2023 - 15:44:28: [CvarSettings] [c2m1_highway] Attempt to track ConVar sm_max_lerp, which is already being tracked.
L 03/14/2023 - 15:46:25: [CvarSettings] [c2m1_highway] Could not find CVar specified (sv_pure)
L 03/14/2023 - 15:46:26: [CvarSettings] [c2m1_highway] Attempt to track ConVar sv_consistency, which is already being tracked.
L 03/14/2023 - 15:46:26: [CvarSettings] [c2m1_highway] Attempt to track ConVar sv_pure_kick_clients, which is already being tracked.
L 03/14/2023 - 15:46:26: [CvarSettings] [c2m1_highway] Could not find CVar specified (confogl_boss_unprohibit)
L 03/14/2023 - 15:46:26: [CvarSettings] [c2m1_highway] Attempt to track ConVar sm_max_lerp, which is already being tracked.
L 03/14/2023 - 16:04:27: [CvarSettings] [c2m1_highway] Could not find CVar specified (sv_pure)
L 03/14/2023 - 16:04:28: [CvarSettings] [c2m1_highway] Attempt to track ConVar sv_consistency, which is already being tracked.
L 03/14/2023 - 16:04:28: [CvarSettings] [c2m1_highway] Attempt to track ConVar sv_pure_kick_clients, which is already being tracked.
L 03/14/2023 - 16:04:28: [CvarSettings] [c2m1_highway] Could not find CVar specified (confogl_boss_unprohibit)
L 03/14/2023 - 16:04:28: [CvarSettings] [c2m1_highway] Attempt to track ConVar sm_max_lerp, which is already being tracked.
L 03/14/2023 - 16:07:12: [CvarSettings] [c2m1_highway] Could not find CVar specified (sv_pure)
L 03/14/2023 - 16:07:13: [CvarSettings] [c2m1_highway] Attempt to track ConVar sv_consistency, which is already being tracked.
L 03/14/2023 - 16:07:13: [CvarSettings] [c2m1_highway] Attempt to track ConVar sv_pure_kick_clients, which is already being tracked.
L 03/14/2023 - 16:07:13: [CvarSettings] [c2m1_highway] Could not find CVar specified (confogl_boss_unprohibit)
L 03/14/2023 - 16:07:13: [CvarSettings] [c2m1_highway] Attempt to track ConVar sm_max_lerp, which is already being tracked.
L 03/14/2023 - 16:09:13: [CvarSettings] [c2m1_highway] Could not find CVar specified (sv_pure)
L 03/14/2023 - 16:09:14: [CvarSettings] [c2m1_highway] Attempt to track ConVar sv_consistency, which is already being tracked.
L 03/14/2023 - 16:09:14: [CvarSettings] [c2m1_highway] Attempt to track ConVar sv_pure_kick_clients, which is already being tracked.
L 03/14/2023 - 16:09:14: [CvarSettings] [c2m1_highway] Could not find CVar specified (confogl_boss_unprohibit)
L 03/14/2023 - 16:09:14: [CvarSettings] [c2m1_highway] Attempt to track ConVar sm_max_lerp, which is already being tracked.
L 03/14/2023 - 16:11:00: [CvarSettings] [c2m1_highway] Could not find CVar specified (sv_pure)
L 03/14/2023 - 16:11:01: [CvarSettings] [c2m1_highway] Attempt to track ConVar sv_consistency, which is already being tracked.
L 03/14/2023 - 16:11:01: [CvarSettings] [c2m1_highway] Attempt to track ConVar sv_pure_kick_clients, which is already being tracked.
L 03/14/2023 - 16:11:01: [CvarSettings] [c2m1_highway] Could not find CVar specified (confogl_boss_unprohibit)
L 03/14/2023 - 16:11:01: [CvarSettings] [c2m1_highway] Attempt to track ConVar sm_max_lerp, which is already being tracked.
L 03/14/2023 - 16:11:43: [CvarSettings] [c2m1_highway] Could not find CVar specified (sv_pure)
L 03/14/2023 - 16:11:43: [CvarSettings] [c2m1_highway] Attempt to track ConVar sv_consistency, which is already being tracked.
L 03/14/2023 - 16:11:43: [CvarSettings] [c2m1_highway] Attempt to track ConVar sv_pure_kick_clients, which is already being tracked.
L 03/14/2023 - 16:11:43: [CvarSettings] [c2m1_highway] Could not find CVar specified (confogl_boss_unprohibit)
L 03/14/2023 - 16:11:43: [CvarSettings] [c2m1_highway] Attempt to track ConVar sm_max_lerp, which is already being tracked.
L 03/14/2023 - 16:12:21: [CvarSettings] [c2m1_highway] Could not find CVar specified (sv_pure)
L 03/14/2023 - 16:12:22: [CvarSettings] [c2m1_highway] Attempt to track ConVar sv_consistency, which is already being tracked.
L 03/14/2023 - 16:12:22: [CvarSettings] [c2m1_highway] Attempt to track ConVar sv_pure_kick_clients, which is already being tracked.
L 03/14/2023 - 16:12:22: [CvarSettings] [c2m1_highway] Could not find CVar specified (confogl_boss_unprohibit)
L 03/14/2023 - 16:12:22: [CvarSettings] [c2m1_highway] Attempt to track ConVar sm_max_lerp, which is already being tracked.
L 03/14/2023 - 16:12:45: [CvarSettings] [c2m1_highway] Could not find CVar specified (sv_pure)
L 03/14/2023 - 16:12:46: [CvarSettings] [c2m1_highway] Attempt to track ConVar sv_consistency, which is already being tracked.
L 03/14/2023 - 16:12:46: [CvarSettings] [c2m1_highway] Attempt to track ConVar sv_pure_kick_clients, which is already being tracked.
L 03/14/2023 - 16:12:46: [CvarSettings] [c2m1_highway] Could not find CVar specified (confogl_boss_unprohibit)
L 03/14/2023 - 16:12:46: [CvarSettings] [c2m1_highway] Attempt to track ConVar sm_max_lerp, which is already being tracked.
L 03/14/2023 - 16:13:49: [CvarSettings] [c2m1_highway] Could not find CVar specified (sv_pure)
L 03/14/2023 - 16:13:50: [CvarSettings] [c2m1_highway] Attempt to track ConVar sv_consistency, which is already being tracked.
L 03/14/2023 - 16:13:50: [CvarSettings] [c2m1_highway] Attempt to track ConVar sv_pure_kick_clients, which is already being tracked.
L 03/14/2023 - 16:13:50: [CvarSettings] [c2m1_highway] Could not find CVar specified (confogl_boss_unprohibit)
L 03/14/2023 - 16:13:50: [CvarSettings] [c2m1_highway] Attempt to track ConVar sm_max_lerp, which is already being tracked.
L 03/14/2023 - 16:42:51: [CvarSettings] [c2m1_highway] Could not find CVar specified (sv_pure)
L 03/14/2023 - 16:42:51: [CvarSettings] [c2m1_highway] Attempt to track ConVar sv_consistency, which is already being tracked.
L 03/14/2023 - 16:42:51: [CvarSettings] [c2m1_highway] Attempt to track ConVar sv_pure_kick_clients, which is already being tracked.
L 03/14/2023 - 16:42:51: [CvarSettings] [c2m1_highway] Could not find CVar specified (confogl_boss_unprohibit)
L 03/14/2023 - 16:42:51: [CvarSettings] [c2m1_highway] Attempt to track ConVar sm_max_lerp, which is already being tracked.
L 03/14/2023 - 17:11:21: [CvarSettings] [c2m1_highway] Could not find CVar specified (sv_pure)
L 03/14/2023 - 17:11:22: [CvarSettings] [c2m1_highway] Attempt to track ConVar sv_consistency, which is already being tracked.
L 03/14/2023 - 17:11:22: [CvarSettings] [c2m1_highway] Attempt to track ConVar sv_pure_kick_clients, which is already being tracked.
L 03/14/2023 - 17:11:22: [CvarSettings] [c2m1_highway] Could not find CVar specified (confogl_boss_unprohibit)
L 03/14/2023 - 17:11:22: [CvarSettings] [c2m1_highway] Attempt to track ConVar sm_max_lerp, which is already being tracked.
L 03/14/2023 - 17:13:01: [CvarSettings] [c2m1_highway] Could not find CVar specified (sv_pure)
L 03/14/2023 - 17:13:02: [CvarSettings] [c2m1_highway] Attempt to track ConVar sv_consistency, which is already being tracked.
L 03/14/2023 - 17:13:02: [CvarSettings] [c2m1_highway] Attempt to track ConVar sv_pure_kick_clients, which is already being tracked.
L 03/14/2023 - 17:13:02: [CvarSettings] [c2m1_highway] Could not find CVar specified (confogl_boss_unprohibit)
L 03/14/2023 - 17:13:02: [CvarSettings] [c2m1_highway] Attempt to track ConVar sm_max_lerp, which is already being tracked.
L 03/14/2023 - 17:14:49: [CvarSettings] [c2m1_highway] Could not find CVar specified (sv_pure)
L 03/14/2023 - 17:14:50: [CvarSettings] [c2m1_highway] Attempt to track ConVar sv_consistency, which is already being tracked.
L 03/14/2023 - 17:14:50: [CvarSettings] [c2m1_highway] Attempt to track ConVar sv_pure_kick_clients, which is already being tracked.
L 03/14/2023 - 17:14:50: [CvarSettings] [c2m1_highway] Could not find CVar specified (confogl_boss_unprohibit)
L 03/14/2023 - 17:14:50: [CvarSettings] [c2m1_highway] Attempt to track ConVar sm_max_lerp, which is already being tracked.
L 03/14/2023 - 17:18:20: [CvarSettings] [c2m1_highway] Could not find CVar specified (sv_pure)
L 03/14/2023 - 17:18:20: [CvarSettings] [c2m1_highway] Attempt to track ConVar sv_consistency, which is already being tracked.
L 03/14/2023 - 17:18:20: [CvarSettings] [c2m1_highway] Attempt to track ConVar sv_pure_kick_clients, which is already being tracked.
L 03/14/2023 - 17:18:20: [CvarSettings] [c2m1_highway] Could not find CVar specified (confogl_boss_unprohibit)
L 03/14/2023 - 17:18:20: [CvarSettings] [c2m1_highway] Attempt to track ConVar sm_max_lerp, which is already being tracked.
L 03/14/2023 - 17:24:00: [CvarSettings] [c3m1_plankcountry] Could not find CVar specified (sv_pure)
L 03/14/2023 - 17:24:01: [CvarSettings] [c3m1_plankcountry] Attempt to track ConVar sv_consistency, which is already being tracked.
L 03/14/2023 - 17:24:01: [CvarSettings] [c3m1_plankcountry] Attempt to track ConVar sv_pure_kick_clients, which is already being tracked.
L 03/14/2023 - 17:24:01: [CvarSettings] [c3m1_plankcountry] Could not find CVar specified (confogl_boss_unprohibit)
L 03/14/2023 - 17:24:01: [CvarSettings] [c3m1_plankcountry] Attempt to track ConVar sm_max_lerp, which is already being tracked.
L 03/14/2023 - 17:25:48: [CvarSettings] [c3m1_plankcountry] Could not find CVar specified (sv_pure)
L 03/14/2023 - 17:25:48: [CvarSettings] [c3m1_plankcountry] Attempt to track ConVar sv_consistency, which is already being tracked.
L 03/14/2023 - 17:25:48: [CvarSettings] [c3m1_plankcountry] Attempt to track ConVar sv_pure_kick_clients, which is already being tracked.
L 03/14/2023 - 17:25:48: [CvarSettings] [c3m1_plankcountry] Could not find CVar specified (confogl_boss_unprohibit)
L 03/14/2023 - 17:25:48: [CvarSettings] [c3m1_plankcountry] Attempt to track ConVar sm_max_lerp, which is already being tracked.
L 03/14/2023 - 17:28:05: [CvarSettings] [c2m1_highway] Could not find CVar specified (sv_pure)
L 03/14/2023 - 17:28:05: [CvarSettings] [c2m1_highway] Attempt to track ConVar sv_consistency, which is already being tracked.
L 03/14/2023 - 17:28:05: [CvarSettings] [c2m1_highway] Attempt to track ConVar sv_pure_kick_clients, which is already being tracked.
L 03/14/2023 - 17:28:05: [CvarSettings] [c2m1_highway] Could not find CVar specified (confogl_boss_unprohibit)
L 03/14/2023 - 17:28:05: [CvarSettings] [c2m1_highway] Attempt to track ConVar sm_max_lerp, which is already being tracked.
L 03/14/2023 - 17:29:19: [CvarSettings] [c2m1_highway] Could not find CVar specified (sv_pure)
L 03/14/2023 - 17:29:20: [CvarSettings] [c2m1_highway] Attempt to track ConVar sv_consistency, which is already being tracked.
L 03/14/2023 - 17:29:20: [CvarSettings] [c2m1_highway] Attempt to track ConVar sv_pure_kick_clients, which is already being tracked.
L 03/14/2023 - 17:29:20: [CvarSettings] [c2m1_highway] Could not find CVar specified (confogl_boss_unprohibit)
L 03/14/2023 - 17:29:20: [CvarSettings] [c2m1_highway] Attempt to track ConVar sm_max_lerp, which is already being tracked.
L 03/14/2023 - 17:32:03: [CvarSettings] [c2m1_highway] Could not find CVar specified (sv_pure)
L 03/14/2023 - 17:32:03: [CvarSettings] [c2m1_highway] Attempt to track ConVar sv_consistency, which is already being tracked.
L 03/14/2023 - 17:32:03: [CvarSettings] [c2m1_highway] Attempt to track ConVar sv_pure_kick_clients, which is already being tracked.
L 03/14/2023 - 17:32:03: [CvarSettings] [c2m1_highway] Could not find CVar specified (confogl_boss_unprohibit)
L 03/14/2023 - 17:32:04: [CvarSettings] [c2m1_highway] Attempt to track ConVar sm_max_lerp, which is already being tracked.
L 03/14/2023 - 21:59:53: [CvarSettings] [c2m1_highway] Could not find CVar specified (sv_pure)
L 03/14/2023 - 21:59:54: [CvarSettings] [c2m1_highway] Attempt to track ConVar sv_consistency, which is already being tracked.
L 03/14/2023 - 21:59:54: [CvarSettings] [c2m1_highway] Attempt to track ConVar sv_pure_kick_clients, which is already being tracked.
L 03/14/2023 - 21:59:54: [CvarSettings] [c2m1_highway] Could not find CVar specified (confogl_boss_unprohibit)
L 03/14/2023 - 21:59:54: [CvarSettings] [c2m1_highway] Attempt to track ConVar sm_max_lerp, which is already being tracked.
L 03/14/2023 - 22:01:40: [CvarSettings] [c2m1_highway] Could not find CVar specified (sv_pure)
L 03/14/2023 - 22:01:40: [CvarSettings] [c2m1_highway] Attempt to track ConVar sv_consistency, which is already being tracked.
L 03/14/2023 - 22:01:40: [CvarSettings] [c2m1_highway] Attempt to track ConVar sv_pure_kick_clients, which is already being tracked.
L 03/14/2023 - 22:01:40: [CvarSettings] [c2m1_highway] Could not find CVar specified (confogl_boss_unprohibit)
L 03/14/2023 - 22:01:40: [CvarSettings] [c2m1_highway] Attempt to track ConVar sm_max_lerp, which is already being tracked.
