L 04/09/2023 - 00:09:59: [CvarSettings] [c2m1_highway] Could not find CVar specified (sv_pure)
L 04/09/2023 - 00:09:59: [CvarSettings] [c2m1_highway] Attempt to track ConVar sv_consistency, which is already being tracked.
L 04/09/2023 - 00:09:59: [CvarSettings] [c2m1_highway] Attempt to track ConVar sv_pure_kick_clients, which is already being tracked.
L 04/09/2023 - 00:09:59: [CvarSettings] [c2m1_highway] Could not find CVar specified (confogl_boss_unprohibit)
L 04/09/2023 - 00:09:59: [CvarSettings] [c2m1_highway] Attempt to track ConVar sm_max_lerp, which is already being tracked.
L 04/09/2023 - 09:22:58: [CvarSettings] [c2m1_highway] Could not find CVar specified (sv_pure)
L 04/09/2023 - 09:22:58: [CvarSettings] [c2m1_highway] Attempt to track ConVar sv_consistency, which is already being tracked.
L 04/09/2023 - 09:22:58: [CvarSettings] [c2m1_highway] Attempt to track ConVar sv_pure_kick_clients, which is already being tracked.
L 04/09/2023 - 09:22:58: [CvarSettings] [c2m1_highway] Could not find CVar specified (confogl_boss_unprohibit)
L 04/09/2023 - 09:22:58: [CvarSettings] [c2m1_highway] Attempt to track ConVar sm_max_lerp, which is already being tracked.
L 04/09/2023 - 10:04:58: [CvarSettings] [c2m1_highway] Could not find CVar specified (sv_pure)
L 04/09/2023 - 10:04:59: [CvarSettings] [c2m1_highway] Attempt to track ConVar sv_consistency, which is already being tracked.
L 04/09/2023 - 10:04:59: [CvarSettings] [c2m1_highway] Attempt to track ConVar sv_pure_kick_clients, which is already being tracked.
L 04/09/2023 - 10:04:59: [CvarSettings] [c2m1_highway] Could not find CVar specified (confogl_boss_unprohibit)
L 04/09/2023 - 10:04:59: [CvarSettings] [c2m1_highway] Attempt to track ConVar sm_max_lerp, which is already being tracked.
L 04/09/2023 - 10:36:06: [CvarSettings] [c2m1_highway] Could not find CVar specified (sv_pure)
L 04/09/2023 - 10:36:06: [CvarSettings] [c2m1_highway] Attempt to track ConVar sv_consistency, which is already being tracked.
L 04/09/2023 - 10:36:06: [CvarSettings] [c2m1_highway] Attempt to track ConVar sv_pure_kick_clients, which is already being tracked.
L 04/09/2023 - 10:36:06: [CvarSettings] [c2m1_highway] Could not find CVar specified (confogl_boss_unprohibit)
L 04/09/2023 - 10:36:06: [CvarSettings] [c2m1_highway] Attempt to track ConVar sm_max_lerp, which is already being tracked.
L 04/09/2023 - 15:35:30: [CvarSettings] [c2m1_highway] Could not find CVar specified (sv_pure)
L 04/09/2023 - 15:35:31: [CvarSettings] [c2m1_highway] Attempt to track ConVar sv_consistency, which is already being tracked.
L 04/09/2023 - 15:35:31: [CvarSettings] [c2m1_highway] Attempt to track ConVar sv_pure_kick_clients, which is already being tracked.
L 04/09/2023 - 15:35:31: [CvarSettings] [c2m1_highway] Could not find CVar specified (confogl_boss_unprohibit)
L 04/09/2023 - 15:35:31: [CvarSettings] [c2m1_highway] Attempt to track ConVar sm_max_lerp, which is already being tracked.
L 04/09/2023 - 19:15:26: [CvarSettings] [c2m1_highway] Could not find CVar specified (sv_pure)
L 04/09/2023 - 19:15:26: [CvarSettings] [c2m1_highway] Attempt to track ConVar sv_consistency, which is already being tracked.
L 04/09/2023 - 19:15:26: [CvarSettings] [c2m1_highway] Attempt to track ConVar sv_pure_kick_clients, which is already being tracked.
L 04/09/2023 - 19:15:26: [CvarSettings] [c2m1_highway] Could not find CVar specified (confogl_boss_unprohibit)
L 04/09/2023 - 19:15:26: [CvarSettings] [c2m1_highway] Attempt to track ConVar sm_max_lerp, which is already being tracked.
L 04/09/2023 - 20:15:53: [CvarSettings] [c2m1_highway] Could not find CVar specified (sv_pure)
L 04/09/2023 - 20:15:54: [CvarSettings] [c2m1_highway] Attempt to track ConVar sv_consistency, which is already being tracked.
L 04/09/2023 - 20:15:54: [CvarSettings] [c2m1_highway] Attempt to track ConVar sv_pure_kick_clients, which is already being tracked.
L 04/09/2023 - 20:15:54: [CvarSettings] [c2m1_highway] Could not find CVar specified (confogl_boss_unprohibit)
L 04/09/2023 - 20:15:54: [CvarSettings] [c2m1_highway] Attempt to track ConVar sm_max_lerp, which is already being tracked.
L 04/09/2023 - 23:07:07: [CvarSettings] [c2m1_highway] Could not find CVar specified (sv_pure)
L 04/09/2023 - 23:07:08: [CvarSettings] [c2m1_highway] Attempt to track ConVar sv_consistency, which is already being tracked.
L 04/09/2023 - 23:07:08: [CvarSettings] [c2m1_highway] Attempt to track ConVar sv_pure_kick_clients, which is already being tracked.
L 04/09/2023 - 23:07:08: [CvarSettings] [c2m1_highway] Could not find CVar specified (confogl_boss_unprohibit)
L 04/09/2023 - 23:07:08: [CvarSettings] [c2m1_highway] Attempt to track ConVar sm_max_lerp, which is already being tracked.
