L 04/10/2023 - 09:38:27: [CvarSettings] [c2m1_highway] Could not find CVar specified (sv_pure)
L 04/10/2023 - 09:38:28: [CvarSettings] [c2m1_highway] Attempt to track ConVar sv_consistency, which is already being tracked.
L 04/10/2023 - 09:38:28: [CvarSettings] [c2m1_highway] Attempt to track ConVar sv_pure_kick_clients, which is already being tracked.
L 04/10/2023 - 09:38:28: [CvarSettings] [c2m1_highway] Could not find CVar specified (confogl_boss_unprohibit)
L 04/10/2023 - 09:38:28: [CvarSettings] [c2m1_highway] Attempt to track ConVar sm_max_lerp, which is already being tracked.
L 04/10/2023 - 14:42:43: [CvarSettings] [c2m1_highway] Could not find CVar specified (sv_pure)
L 04/10/2023 - 14:42:44: [CvarSettings] [c2m1_highway] Attempt to track ConVar sv_consistency, which is already being tracked.
L 04/10/2023 - 14:42:44: [CvarSettings] [c2m1_highway] Attempt to track ConVar sv_pure_kick_clients, which is already being tracked.
L 04/10/2023 - 14:42:44: [CvarSettings] [c2m1_highway] Could not find CVar specified (confogl_boss_unprohibit)
L 04/10/2023 - 14:42:44: [CvarSettings] [c2m1_highway] Attempt to track ConVar sm_max_lerp, which is already being tracked.
L 04/10/2023 - 16:50:52: [CvarSettings] [c2m1_highway] Could not find CVar specified (sv_pure)
L 04/10/2023 - 16:50:53: [CvarSettings] [c2m1_highway] Attempt to track ConVar sv_consistency, which is already being tracked.
L 04/10/2023 - 16:50:53: [CvarSettings] [c2m1_highway] Attempt to track ConVar sv_pure_kick_clients, which is already being tracked.
L 04/10/2023 - 16:50:53: [CvarSettings] [c2m1_highway] Could not find CVar specified (confogl_boss_unprohibit)
L 04/10/2023 - 16:50:53: [CvarSettings] [c2m1_highway] Attempt to track ConVar sm_max_lerp, which is already being tracked.
L 04/10/2023 - 20:12:39: [CvarSettings] [c2m1_highway] Could not find CVar specified (sv_pure)
L 04/10/2023 - 20:12:39: [CvarSettings] [c2m1_highway] Attempt to track ConVar sv_consistency, which is already being tracked.
L 04/10/2023 - 20:12:39: [CvarSettings] [c2m1_highway] Attempt to track ConVar sv_pure_kick_clients, which is already being tracked.
L 04/10/2023 - 20:12:39: [CvarSettings] [c2m1_highway] Could not find CVar specified (confogl_boss_unprohibit)
L 04/10/2023 - 20:12:39: [CvarSettings] [c2m1_highway] Attempt to track ConVar sm_max_lerp, which is already being tracked.
L 04/10/2023 - 20:20:55: [CvarSettings] [c2m1_highway] Could not find CVar specified (sv_pure)
L 04/10/2023 - 20:20:55: [CvarSettings] [c2m1_highway] Attempt to track ConVar sv_consistency, which is already being tracked.
L 04/10/2023 - 20:20:55: [CvarSettings] [c2m1_highway] Attempt to track ConVar sv_pure_kick_clients, which is already being tracked.
L 04/10/2023 - 20:20:55: [CvarSettings] [c2m1_highway] Could not find CVar specified (confogl_boss_unprohibit)
L 04/10/2023 - 20:20:55: [CvarSettings] [c2m1_highway] Attempt to track ConVar sm_max_lerp, which is already being tracked.
L 04/10/2023 - 21:06:47: [CvarSettings] [c2m1_highway] Could not find CVar specified (sv_pure)
L 04/10/2023 - 21:06:48: [CvarSettings] [c2m1_highway] Attempt to track ConVar sv_consistency, which is already being tracked.
L 04/10/2023 - 21:06:48: [CvarSettings] [c2m1_highway] Attempt to track ConVar sv_pure_kick_clients, which is already being tracked.
L 04/10/2023 - 21:06:48: [CvarSettings] [c2m1_highway] Could not find CVar specified (confogl_boss_unprohibit)
L 04/10/2023 - 21:06:48: [CvarSettings] [c2m1_highway] Attempt to track ConVar sm_max_lerp, which is already being tracked.
L 04/10/2023 - 21:08:28: [CvarSettings] [c2m1_highway] Could not find CVar specified (sv_pure)
L 04/10/2023 - 21:08:29: [CvarSettings] [c2m1_highway] Attempt to track ConVar sv_consistency, which is already being tracked.
L 04/10/2023 - 21:08:29: [CvarSettings] [c2m1_highway] Attempt to track ConVar sv_pure_kick_clients, which is already being tracked.
L 04/10/2023 - 21:08:29: [CvarSettings] [c2m1_highway] Could not find CVar specified (confogl_boss_unprohibit)
L 04/10/2023 - 21:08:29: [CvarSettings] [c2m1_highway] Attempt to track ConVar sm_max_lerp, which is already being tracked.
L 04/10/2023 - 23:02:43: [CvarSettings] [c4m1_milltown_a] Could not find CVar specified (sv_pure)
L 04/10/2023 - 23:02:44: [CvarSettings] [c4m1_milltown_a] Attempt to track ConVar sv_consistency, which is already being tracked.
L 04/10/2023 - 23:02:44: [CvarSettings] [c4m1_milltown_a] Attempt to track ConVar sv_pure_kick_clients, which is already being tracked.
L 04/10/2023 - 23:02:44: [CvarSettings] [c4m1_milltown_a] Could not find CVar specified (confogl_boss_unprohibit)
L 04/10/2023 - 23:02:44: [CvarSettings] [c4m1_milltown_a] Attempt to track ConVar sm_max_lerp, which is already being tracked.
L 04/10/2023 - 23:04:44: [CvarSettings] [c4m1_milltown_a] Could not find CVar specified (sv_pure)
L 04/10/2023 - 23:04:44: [CvarSettings] [c4m1_milltown_a] Attempt to track ConVar sv_consistency, which is already being tracked.
L 04/10/2023 - 23:04:44: [CvarSettings] [c4m1_milltown_a] Attempt to track ConVar sv_pure_kick_clients, which is already being tracked.
L 04/10/2023 - 23:04:44: [CvarSettings] [c4m1_milltown_a] Could not find CVar specified (confogl_boss_unprohibit)
L 04/10/2023 - 23:04:44: [CvarSettings] [c4m1_milltown_a] Attempt to track ConVar sm_max_lerp, which is already being tracked.
L 04/10/2023 - 23:06:47: [CvarSettings] [c2m1_highway] Could not find CVar specified (sv_pure)
L 04/10/2023 - 23:06:48: [CvarSettings] [c2m1_highway] Attempt to track ConVar sv_consistency, which is already being tracked.
L 04/10/2023 - 23:06:48: [CvarSettings] [c2m1_highway] Attempt to track ConVar sv_pure_kick_clients, which is already being tracked.
L 04/10/2023 - 23:06:48: [CvarSettings] [c2m1_highway] Could not find CVar specified (confogl_boss_unprohibit)
L 04/10/2023 - 23:06:48: [CvarSettings] [c2m1_highway] Attempt to track ConVar sm_max_lerp, which is already being tracked.
L 04/10/2023 - 23:24:32: [CvarSettings] [c2m1_highway] Could not find CVar specified (sv_pure)
L 04/10/2023 - 23:24:32: [CvarSettings] [c2m1_highway] Attempt to track ConVar sv_consistency, which is already being tracked.
L 04/10/2023 - 23:24:32: [CvarSettings] [c2m1_highway] Attempt to track ConVar sv_pure_kick_clients, which is already being tracked.
L 04/10/2023 - 23:24:32: [CvarSettings] [c2m1_highway] Could not find CVar specified (confogl_boss_unprohibit)
L 04/10/2023 - 23:24:32: [CvarSettings] [c2m1_highway] Attempt to track ConVar sm_max_lerp, which is already being tracked.
L 04/10/2023 - 23:37:35: [CvarSettings] [c2m1_highway] Could not find CVar specified (sv_pure)
L 04/10/2023 - 23:37:35: [CvarSettings] [c2m1_highway] Attempt to track ConVar sv_consistency, which is already being tracked.
L 04/10/2023 - 23:37:35: [CvarSettings] [c2m1_highway] Attempt to track ConVar sv_pure_kick_clients, which is already being tracked.
L 04/10/2023 - 23:37:35: [CvarSettings] [c2m1_highway] Could not find CVar specified (confogl_boss_unprohibit)
L 04/10/2023 - 23:37:35: [CvarSettings] [c2m1_highway] Attempt to track ConVar sm_max_lerp, which is already being tracked.
L 04/10/2023 - 23:52:52: [CvarSettings] [c2m1_highway] Could not find CVar specified (sv_pure)
L 04/10/2023 - 23:52:53: [CvarSettings] [c2m1_highway] Attempt to track ConVar sv_consistency, which is already being tracked.
L 04/10/2023 - 23:52:53: [CvarSettings] [c2m1_highway] Attempt to track ConVar sv_pure_kick_clients, which is already being tracked.
L 04/10/2023 - 23:52:53: [CvarSettings] [c2m1_highway] Could not find CVar specified (confogl_boss_unprohibit)
L 04/10/2023 - 23:52:53: [CvarSettings] [c2m1_highway] Attempt to track ConVar sm_max_lerp, which is already being tracked.
