L 03/25/2023 - 11:27:44: [CvarSettings] [c2m1_highway] Could not find CVar specified (sv_pure)
L 03/25/2023 - 11:27:45: [CvarSettings] [c2m1_highway] Attempt to track ConVar sv_consistency, which is already being tracked.
L 03/25/2023 - 11:27:45: [CvarSettings] [c2m1_highway] Attempt to track ConVar sv_pure_kick_clients, which is already being tracked.
L 03/25/2023 - 11:27:45: [CvarSettings] [c2m1_highway] Could not find CVar specified (confogl_boss_unprohibit)
L 03/25/2023 - 11:27:45: [CvarSettings] [c2m1_highway] Attempt to track ConVar sm_max_lerp, which is already being tracked.
L 03/25/2023 - 12:19:25: [CvarSettings] [c2m1_highway] Could not find CVar specified (sv_pure)
L 03/25/2023 - 12:19:25: [CvarSettings] [c2m1_highway] Attempt to track ConVar sv_consistency, which is already being tracked.
L 03/25/2023 - 12:19:25: [CvarSettings] [c2m1_highway] Attempt to track ConVar sv_pure_kick_clients, which is already being tracked.
L 03/25/2023 - 12:19:25: [CvarSettings] [c2m1_highway] Could not find CVar specified (confogl_boss_unprohibit)
L 03/25/2023 - 12:19:25: [CvarSettings] [c2m1_highway] Attempt to track ConVar sm_max_lerp, which is already being tracked.
L 03/25/2023 - 13:01:45: [CvarSettings] [c2m1_highway] Could not find CVar specified (sv_pure)
L 03/25/2023 - 13:01:45: [CvarSettings] [c2m1_highway] Attempt to track ConVar sv_consistency, which is already being tracked.
L 03/25/2023 - 13:01:45: [CvarSettings] [c2m1_highway] Attempt to track ConVar sv_pure_kick_clients, which is already being tracked.
L 03/25/2023 - 13:01:45: [CvarSettings] [c2m1_highway] Could not find CVar specified (confogl_boss_unprohibit)
L 03/25/2023 - 13:01:45: [CvarSettings] [c2m1_highway] Attempt to track ConVar sm_max_lerp, which is already being tracked.
L 03/25/2023 - 13:04:12: [CvarSettings] [c2m1_highway] Could not find CVar specified (sv_pure)
L 03/25/2023 - 13:04:13: [CvarSettings] [c2m1_highway] Attempt to track ConVar sv_consistency, which is already being tracked.
L 03/25/2023 - 13:04:13: [CvarSettings] [c2m1_highway] Attempt to track ConVar sv_pure_kick_clients, which is already being tracked.
L 03/25/2023 - 13:04:13: [CvarSettings] [c2m1_highway] Could not find CVar specified (confogl_boss_unprohibit)
L 03/25/2023 - 13:04:13: [CvarSettings] [c2m1_highway] Attempt to track ConVar sm_max_lerp, which is already being tracked.
L 03/25/2023 - 14:58:44: [CvarSettings] [c2m1_highway] Could not find CVar specified (sv_pure)
L 03/25/2023 - 14:58:45: [CvarSettings] [c2m1_highway] Attempt to track ConVar sv_consistency, which is already being tracked.
L 03/25/2023 - 14:58:45: [CvarSettings] [c2m1_highway] Attempt to track ConVar sv_pure_kick_clients, which is already being tracked.
L 03/25/2023 - 14:58:45: [CvarSettings] [c2m1_highway] Could not find CVar specified (confogl_boss_unprohibit)
L 03/25/2023 - 14:58:45: [CvarSettings] [c2m1_highway] Attempt to track ConVar sm_max_lerp, which is already being tracked.
