L 03/22/2023 - 02:58:45: [CvarSettings] [c2m1_highway] Could not find CVar specified (sv_pure)
L 03/22/2023 - 02:58:46: [CvarSettings] [c2m1_highway] Attempt to track ConVar sv_consistency, which is already being tracked.
L 03/22/2023 - 02:58:46: [CvarSettings] [c2m1_highway] Attempt to track ConVar sv_pure_kick_clients, which is already being tracked.
L 03/22/2023 - 02:58:46: [CvarSettings] [c2m1_highway] Could not find CVar specified (confogl_boss_unprohibit)
L 03/22/2023 - 02:58:46: [CvarSettings] [c2m1_highway] Attempt to track ConVar sm_max_lerp, which is already being tracked.
L 03/22/2023 - 03:38:53: [CvarSettings] [c2m1_highway] Could not find CVar specified (sv_pure)
L 03/22/2023 - 03:38:54: [CvarSettings] [c2m1_highway] Attempt to track ConVar sv_consistency, which is already being tracked.
L 03/22/2023 - 03:38:54: [CvarSettings] [c2m1_highway] Attempt to track ConVar sv_pure_kick_clients, which is already being tracked.
L 03/22/2023 - 03:38:54: [CvarSettings] [c2m1_highway] Could not find CVar specified (confogl_boss_unprohibit)
L 03/22/2023 - 03:38:54: [CvarSettings] [c2m1_highway] Attempt to track ConVar sm_max_lerp, which is already being tracked.
L 03/22/2023 - 03:58:10: [CvarSettings] [c2m1_highway] Could not find CVar specified (sv_pure)
L 03/22/2023 - 03:58:10: [CvarSettings] [c2m1_highway] Attempt to track ConVar sv_consistency, which is already being tracked.
L 03/22/2023 - 03:58:10: [CvarSettings] [c2m1_highway] Attempt to track ConVar sv_pure_kick_clients, which is already being tracked.
L 03/22/2023 - 03:58:10: [CvarSettings] [c2m1_highway] Could not find CVar specified (confogl_boss_unprohibit)
L 03/22/2023 - 03:58:10: [CvarSettings] [c2m1_highway] Attempt to track ConVar sm_max_lerp, which is already being tracked.
L 03/22/2023 - 11:13:45: [CvarSettings] [c2m1_highway] Could not find CVar specified (sv_pure)
L 03/22/2023 - 11:13:45: [CvarSettings] [c2m1_highway] Attempt to track ConVar sv_consistency, which is already being tracked.
L 03/22/2023 - 11:13:45: [CvarSettings] [c2m1_highway] Attempt to track ConVar sv_pure_kick_clients, which is already being tracked.
L 03/22/2023 - 11:13:45: [CvarSettings] [c2m1_highway] Could not find CVar specified (confogl_boss_unprohibit)
L 03/22/2023 - 11:13:45: [CvarSettings] [c2m1_highway] Attempt to track ConVar sm_max_lerp, which is already being tracked.
L 03/22/2023 - 14:57:05: [CvarSettings] [c2m1_highway] Could not find CVar specified (sv_pure)
L 03/22/2023 - 14:57:06: [CvarSettings] [c2m1_highway] Attempt to track ConVar sv_consistency, which is already being tracked.
L 03/22/2023 - 14:57:06: [CvarSettings] [c2m1_highway] Attempt to track ConVar sv_pure_kick_clients, which is already being tracked.
L 03/22/2023 - 14:57:06: [CvarSettings] [c2m1_highway] Could not find CVar specified (confogl_boss_unprohibit)
L 03/22/2023 - 14:57:06: [CvarSettings] [c2m1_highway] Attempt to track ConVar sm_max_lerp, which is already being tracked.
L 03/22/2023 - 15:06:11: [CvarSettings] [c2m1_highway] Could not find CVar specified (sv_pure)
L 03/22/2023 - 15:06:11: [CvarSettings] [c2m1_highway] Attempt to track ConVar sv_consistency, which is already being tracked.
L 03/22/2023 - 15:06:11: [CvarSettings] [c2m1_highway] Attempt to track ConVar sv_pure_kick_clients, which is already being tracked.
L 03/22/2023 - 15:06:11: [CvarSettings] [c2m1_highway] Could not find CVar specified (confogl_boss_unprohibit)
L 03/22/2023 - 15:06:11: [CvarSettings] [c2m1_highway] Attempt to track ConVar sm_max_lerp, which is already being tracked.
L 03/22/2023 - 22:02:32: [CvarSettings] [c2m1_highway] Could not find CVar specified (sv_pure)
L 03/22/2023 - 22:02:32: [CvarSettings] [c2m1_highway] Attempt to track ConVar sv_consistency, which is already being tracked.
L 03/22/2023 - 22:02:32: [CvarSettings] [c2m1_highway] Attempt to track ConVar sv_pure_kick_clients, which is already being tracked.
L 03/22/2023 - 22:02:32: [CvarSettings] [c2m1_highway] Could not find CVar specified (confogl_boss_unprohibit)
L 03/22/2023 - 22:02:33: [CvarSettings] [c2m1_highway] Attempt to track ConVar sm_max_lerp, which is already being tracked.
