L 03/20/2023 - 00:02:05: [CvarSettings] [c2m1_highway] Could not find CVar specified (sv_pure)
L 03/20/2023 - 00:02:05: [CvarSettings] [c2m1_highway] Attempt to track ConVar sv_consistency, which is already being tracked.
L 03/20/2023 - 00:02:05: [CvarSettings] [c2m1_highway] Attempt to track ConVar sv_pure_kick_clients, which is already being tracked.
L 03/20/2023 - 00:02:05: [CvarSettings] [c2m1_highway] Could not find CVar specified (confogl_boss_unprohibit)
L 03/20/2023 - 00:02:05: [CvarSettings] [c2m1_highway] Attempt to track ConVar sm_max_lerp, which is already being tracked.
L 03/20/2023 - 09:13:54: [CvarSettings] [c2m1_highway] Could not find CVar specified (sv_pure)
L 03/20/2023 - 09:13:55: [CvarSettings] [c2m1_highway] Attempt to track ConVar sv_consistency, which is already being tracked.
L 03/20/2023 - 09:13:55: [CvarSettings] [c2m1_highway] Attempt to track ConVar sv_pure_kick_clients, which is already being tracked.
L 03/20/2023 - 09:13:55: [CvarSettings] [c2m1_highway] Could not find CVar specified (confogl_boss_unprohibit)
L 03/20/2023 - 09:13:55: [CvarSettings] [c2m1_highway] Attempt to track ConVar sm_max_lerp, which is already being tracked.
L 03/20/2023 - 14:48:11: [CvarSettings] [c2m1_highway] Could not find CVar specified (sv_pure)
L 03/20/2023 - 14:48:12: [CvarSettings] [c2m1_highway] Attempt to track ConVar sv_consistency, which is already being tracked.
L 03/20/2023 - 14:48:12: [CvarSettings] [c2m1_highway] Attempt to track ConVar sv_pure_kick_clients, which is already being tracked.
L 03/20/2023 - 14:48:12: [CvarSettings] [c2m1_highway] Could not find CVar specified (confogl_boss_unprohibit)
L 03/20/2023 - 14:48:12: [CvarSettings] [c2m1_highway] Attempt to track ConVar sm_max_lerp, which is already being tracked.
L 03/20/2023 - 17:26:53: [CvarSettings] [c2m1_highway] Could not find CVar specified (sv_pure)
L 03/20/2023 - 17:26:53: [CvarSettings] [c2m1_highway] Attempt to track ConVar sv_consistency, which is already being tracked.
L 03/20/2023 - 17:26:53: [CvarSettings] [c2m1_highway] Attempt to track ConVar sv_pure_kick_clients, which is already being tracked.
L 03/20/2023 - 17:26:53: [CvarSettings] [c2m1_highway] Could not find CVar specified (confogl_boss_unprohibit)
L 03/20/2023 - 17:26:53: [CvarSettings] [c2m1_highway] Attempt to track ConVar sm_max_lerp, which is already being tracked.
