L 04/08/2023 - 08:29:06: [CvarSettings] [c2m1_highway] Could not find CVar specified (sv_pure)
L 04/08/2023 - 08:29:07: [CvarSettings] [c2m1_highway] Attempt to track ConVar sv_consistency, which is already being tracked.
L 04/08/2023 - 08:29:07: [CvarSettings] [c2m1_highway] Attempt to track ConVar sv_pure_kick_clients, which is already being tracked.
L 04/08/2023 - 08:29:07: [CvarSettings] [c2m1_highway] Could not find CVar specified (confogl_boss_unprohibit)
L 04/08/2023 - 08:29:07: [CvarSettings] [c2m1_highway] Attempt to track ConVar sm_max_lerp, which is already being tracked.
L 04/08/2023 - 08:51:57: [CvarSettings] [c2m1_highway] Could not find CVar specified (sv_pure)
L 04/08/2023 - 08:51:58: [CvarSettings] [c2m1_highway] Attempt to track ConVar sv_consistency, which is already being tracked.
L 04/08/2023 - 08:51:58: [CvarSettings] [c2m1_highway] Attempt to track ConVar sv_pure_kick_clients, which is already being tracked.
L 04/08/2023 - 08:51:58: [CvarSettings] [c2m1_highway] Could not find CVar specified (confogl_boss_unprohibit)
L 04/08/2023 - 08:51:58: [CvarSettings] [c2m1_highway] Attempt to track ConVar sm_max_lerp, which is already being tracked.
L 04/08/2023 - 14:42:31: [CvarSettings] [c2m1_highway] Could not find CVar specified (sv_pure)
L 04/08/2023 - 14:42:32: [CvarSettings] [c2m1_highway] Attempt to track ConVar sv_consistency, which is already being tracked.
L 04/08/2023 - 14:42:32: [CvarSettings] [c2m1_highway] Attempt to track ConVar sv_pure_kick_clients, which is already being tracked.
L 04/08/2023 - 14:42:32: [CvarSettings] [c2m1_highway] Could not find CVar specified (confogl_boss_unprohibit)
L 04/08/2023 - 14:42:32: [CvarSettings] [c2m1_highway] Attempt to track ConVar sm_max_lerp, which is already being tracked.
L 04/08/2023 - 18:45:26: [CvarSettings] [c2m1_highway] Could not find CVar specified (sv_pure)
L 04/08/2023 - 18:45:27: [CvarSettings] [c2m1_highway] Attempt to track ConVar sv_consistency, which is already being tracked.
L 04/08/2023 - 18:45:27: [CvarSettings] [c2m1_highway] Attempt to track ConVar sv_pure_kick_clients, which is already being tracked.
L 04/08/2023 - 18:45:27: [CvarSettings] [c2m1_highway] Could not find CVar specified (confogl_boss_unprohibit)
L 04/08/2023 - 18:45:27: [CvarSettings] [c2m1_highway] Attempt to track ConVar sm_max_lerp, which is already being tracked.
L 04/08/2023 - 21:20:32: [CvarSettings] [c2m1_highway] Could not find CVar specified (sv_pure)
L 04/08/2023 - 21:20:32: [CvarSettings] [c2m1_highway] Attempt to track ConVar sv_consistency, which is already being tracked.
L 04/08/2023 - 21:20:32: [CvarSettings] [c2m1_highway] Attempt to track ConVar sv_pure_kick_clients, which is already being tracked.
L 04/08/2023 - 21:20:32: [CvarSettings] [c2m1_highway] Could not find CVar specified (confogl_boss_unprohibit)
L 04/08/2023 - 21:20:32: [CvarSettings] [c2m1_highway] Attempt to track ConVar sm_max_lerp, which is already being tracked.
L 04/08/2023 - 23:07:10: [CvarSettings] [c2m1_highway] Could not find CVar specified (sv_pure)
L 04/08/2023 - 23:07:11: [CvarSettings] [c2m1_highway] Attempt to track ConVar sv_consistency, which is already being tracked.
L 04/08/2023 - 23:07:11: [CvarSettings] [c2m1_highway] Attempt to track ConVar sv_pure_kick_clients, which is already being tracked.
L 04/08/2023 - 23:07:11: [CvarSettings] [c2m1_highway] Could not find CVar specified (confogl_boss_unprohibit)
L 04/08/2023 - 23:07:11: [CvarSettings] [c2m1_highway] Attempt to track ConVar sm_max_lerp, which is already being tracked.
