05-Feb-2023 - 08:50:53: File received: maps/dw_wood.bsp
05-Feb-2023 - 08:57:36: File received: downloads/4fc218c2.dat
05-Feb-2023 - 08:58:48: File received: downloads/4fc218c2.dat
05-Feb-2023 - 09:00:38: File received: downloads/4fc218c2.dat
05-Feb-2023 - 09:03:46: File received: downloads/4fc218c2.dat
05-Feb-2023 - 09:04:15: File received: downloads/4fc218c2.dat from (Sir.P) [STEAM_1:0:526095818]
05-Feb-2023 - 09:06:59: File received: maps/cdta.bsp
05-Feb-2023 - 10:25:53: File received: maps/dw_wood.bsp
05-Feb-2023 - 12:07:24: File received: maps/dw_wo.bsp
05-Feb-2023 - 12:14:24: File received: maps/dw_wo.bsp
05-Feb-2023 - 12:16:33: File received: maps/dw_w.bsp
05-Feb-2023 - 12:27:50: File received: maps/dw_w.bsp
05-Feb-2023 - 17:24:51: File received: maps/dw_wood.bsp
05-Feb-2023 - 19:23:24: File received: maps/c2.bsp
06-Feb-2023 - 19:12:39: File received: maps/dw_wood.bsp
06-Feb-2023 - 19:20:29: File received: maps/dw_w.bsp
06-Feb-2023 - 19:23:58: File received: maps/de_w.bsp
06-Feb-2023 - 19:24:01: File received: maps/dw_w.bsp
19-Feb-2023 - 22:24:16: File received: maps/c2.bsp
20-Feb-2023 - 07:34:04: File received: maps/c2.bsp
20-Feb-2023 - 20:00:39: File received: maps/c2.bsp
20-Feb-2023 - 20:18:43: File received: maps/c2.bsp
26-Feb-2023 - 09:57:17: File received: maps/c2.bsp
26-Feb-2023 - 13:26:15: File received: maps/c2m1.bsp
04-Mar-2023 - 08:26:32: File received: maps/c2.bsp
04-Mar-2023 - 08:57:16: File received: maps/c2m1.bsp
04-Mar-2023 - 11:38:34: File received: maps/c2.bsp
09-Mar-2023 - 08:41:20: File received: maps/c2m1.bsp
09-Mar-2023 - 20:22:46: File received: maps/c2.bsp
09-Mar-2023 - 20:22:56: File received: downloads/9e5b09e8.dat
09-Mar-2023 - 20:23:05: File received: downloads/9e5b09e8.dat
12-Mar-2023 - 23:07:04: File received: maps/c2.bsp
13-Mar-2023 - 08:45:55: File received: maps/c2.bsp
13-Mar-2023 - 10:02:23: File received: maps/c2.bsp
13-Mar-2023 - 14:27:47: File received: maps/c2.bsp
14-Mar-2023 - 16:12:15: File received: maps/c2.bsp
14-Mar-2023 - 17:23:55: File received: maps/c3.bsp
15-Mar-2023 - 20:20:21: File received: downloads/a08c0e15.dat
15-Mar-2023 - 20:20:22: File received: downloads/a08c0e15.dat from (Tsukasa Yuzaki) [STEAM_1:1:427755722]
15-Mar-2023 - 20:20:32: File received: downloads/a08c0e15.dat from (Tsukasa Yuzaki) [STEAM_1:1:427755722]
15-Mar-2023 - 20:20:35: File received: downloads/a08c0e15.dat from (Tsukasa Yuzaki) [STEAM_1:1:427755722]
15-Mar-2023 - 20:20:36: File received: downloads/d4719614.dat
15-Mar-2023 - 20:20:37: File received: downloads/d4719614.dat from (偷吃群友达柔棒) [STEAM_1:0:562759134]
15-Mar-2023 - 20:20:37: File received: downloads/d4719614.dat from (偷吃群友达柔棒) [STEAM_1:0:562759134]
15-Mar-2023 - 20:20:37: File received: downloads/d4719614.dat from (偷吃群友达柔棒) [STEAM_1:0:562759134]
15-Mar-2023 - 20:20:37: File received: downloads/d4719614.dat from (偷吃群友达柔棒) [STEAM_1:0:562759134]
15-Mar-2023 - 20:20:37: File received: downloads/d4719614.dat from (偷吃群友达柔棒) [STEAM_1:0:562759134]
18-Mar-2023 - 18:35:23: File received: downloads/4777c087.dat
18-Mar-2023 - 18:35:25: File received: downloads/82924902.dat
18-Mar-2023 - 18:35:56: File received: downloads/4777c087.dat from ((S)夜迥) [STEAM_1:0:443110340]
18-Mar-2023 - 18:35:58: File received: downloads/c4e9c3c7.dat
18-Mar-2023 - 18:35:59: File received: downloads/c4e9c3c7.dat from (快乐星猫) [STEAM_1:0:93856595]
18-Mar-2023 - 18:35:59: File received: downloads/c4e9c3c7.dat from (快乐星猫) [STEAM_1:0:93856595]
18-Mar-2023 - 18:35:59: File received: downloads/c4e9c3c7.dat from (快乐星猫) [STEAM_1:0:93856595]
18-Mar-2023 - 18:36:05: File received: downloads/8b45131e.dat
18-Mar-2023 - 18:36:06: File received: downloads/c4e9c3c7.dat from (快乐星猫) [STEAM_1:0:93856595]
18-Mar-2023 - 18:36:09: File received: downloads/c4e9c3c7.dat from ((S)快乐星猫) [STEAM_1:0:93856595]
18-Mar-2023 - 18:36:09: File received: downloads/c4e9c3c7.dat from ((S)快乐星猫) [STEAM_1:0:93856595]
18-Mar-2023 - 18:36:09: File received: downloads/c4e9c3c7.dat from ((S)快乐星猫) [STEAM_1:0:93856595]
18-Mar-2023 - 18:36:09: File received: downloads/c4e9c3c7.dat from ((S)快乐星猫) [STEAM_1:0:93856595]
18-Mar-2023 - 18:36:11: File received: downloads/82924902.dat from (MaBao) [STEAM_1:1:200865980]
18-Mar-2023 - 18:36:12: File received: downloads/de74d8b9.dat
18-Mar-2023 - 18:36:26: File received: downloads/c4e9c3c7.dat from ((S)快乐星猫) [STEAM_1:0:93856595]
18-Mar-2023 - 18:36:26: File received: downloads/c4e9c3c7.dat from ((S)快乐星猫) [STEAM_1:0:93856595]
18-Mar-2023 - 18:36:29: File received: downloads/c4e9c3c7.dat from ((S)快乐星猫) [STEAM_1:0:93856595]
18-Mar-2023 - 18:36:32: File received: downloads/8b45131e.dat from ((S)蓉呆呆) [STEAM_1:1:610946647]
18-Mar-2023 - 18:36:40: File received: downloads/c4e9c3c7.dat from ((S)快乐星猫) [STEAM_1:0:93856595]
18-Mar-2023 - 18:36:40: File received: downloads/daa86510.dat
18-Mar-2023 - 18:36:41: File received: downloads/de74d8b9.dat from (海中繁星似银河似晚霞) [STEAM_1:1:125632859]
18-Mar-2023 - 18:36:43: File received: downloads/c4e9c3c7.dat from ((S)快乐星猫) [STEAM_1:0:93856595]
18-Mar-2023 - 18:37:06: File received: downloads/c4e9c3c7.dat from ((S)快乐星猫) [STEAM_1:0:93856595]
18-Mar-2023 - 18:37:12: File received: downloads/c4e9c3c7.dat from ((S)快乐星猫) [STEAM_1:0:93856595]
18-Mar-2023 - 18:37:12: File received: downloads/daa86510.dat
18-Mar-2023 - 18:37:13: File received: downloads/c4e9c3c7.dat from ((S)快乐星猫) [STEAM_1:0:93856595]
18-Mar-2023 - 18:37:41: File received: downloads/daa86510.dat from ((S)U.N.Owen) [STEAM_1:1:165491432]
21-Mar-2023 - 05:33:17: File received: downloads/c23384c5.dat from (你妈) [STEAM_1:0:218139787]
