L 03/17/2023 - 18:13:56: STEAM_1:1:642888371 - 老七
L 03/17/2023 - 19:40:05: STEAM_1:0:548090228 - 梅川库子
L 03/17/2023 - 19:41:41: STEAM_1:0:634753614 - qiuligao
L 03/18/2023 - 12:15:55: STEAM_1:0:471532421 - 西瓜你个大哔登
L 03/21/2023 - 00:47:36: STEAM_1:0:230278994 - ALBERTTYRANT
L 03/22/2023 - 20:10:53: STEAM_1:1:507952832 - Moss丶小苔藓
L 03/22/2023 - 23:54:36: STEAM_1:1:700489122 - 一笑泯恩仇
L 03/23/2023 - 16:06:24: STEAM_1:1:549087062 - 史上最菜小黑子
L 03/23/2023 - 16:08:28: STEAM_1:1:507295538 - star
L 03/23/2023 - 17:56:47: STEAM_1:1:534063544 - Alice
L 03/24/2023 - 16:50:55: STEAM_1:1:671471377 - bpplb
L 03/24/2023 - 17:19:54: STEAM_1:1:93115185 - 你干嘛啊哎哟
L 03/25/2023 - 16:45:28: STEAM_1:0:551051504 - CHEN
L 03/25/2023 - 23:04:52: STEAM_1:1:687677141 - huanxiang
L 03/27/2023 - 22:36:03: STEAM_1:1:156684698 - 安歌
L 03/28/2023 - 22:35:32: STEAM_1:1:507952832 - Moss丶小苔藓
L 03/30/2023 - 22:17:59: STEAM_1:0:236403879 - o-o
L 03/31/2023 - 00:43:11: STEAM_1:1:563990605 - 里见光钻
L 04/03/2023 - 16:03:38: STEAM_1:1:125306646 - 她为什么吃蝙蝠
L 04/03/2023 - 16:06:18: STEAM_1:0:212612126 - Aliga？
L 04/03/2023 - 23:49:03: STEAM_1:1:426073362 - 你的父亲
L 04/05/2023 - 21:04:31: STEAM_1:1:624064209 - EMO...ING
L 04/06/2023 - 13:14:25: STEAM_1:0:200753057 - 3-6
L 04/08/2023 - 07:40:46: STEAM_1:1:177365025 - chizu
L 04/08/2023 - 07:41:08: STEAM_1:0:195638310 - Chicano
L 04/08/2023 - 07:45:40: STEAM_1:1:177365025 - chizu
L 04/08/2023 - 07:55:07: STEAM_1:1:759980607 - dnc642
L 04/08/2023 - 08:15:08: STEAM_1:1:513629967 - 輝く一番星ぃ☆Jikorin
L 04/08/2023 - 22:24:30: STEAM_1:0:212501609 - USS Enterprise
L 04/08/2023 - 22:24:37: STEAM_1:1:505818063 - hantaisan
L 04/08/2023 - 22:25:10: STEAM_1:0:632084258 - momondaoday
L 04/08/2023 - 22:25:36: STEAM_1:1:692806062 - slayed
L 04/08/2023 - 22:26:54: STEAM_1:1:126739946 - slacious33
L 04/08/2023 - 22:30:32: STEAM_1:1:55767342 - pos2 only
L 04/09/2023 - 13:25:03: STEAM_1:1:551484797 - SASAKI
